Log file open, 08/10/16 17:52:48
LogInit:Display: Running engine for game: Paper_Plus_Christmas
LogPlatformFile: Not using cached read wrapper
LogInit:Display: RandInit(-1386836943) SRandInit(-1386836942).
LogTaskGraph: Started task graph with 4 named threads and 7 total threads with 1 sets of task threads.
LogStats: Stats thread started at 0.063142
LogInit: Version: 4.12.5-3039270+++UE4+Release-4.12
LogInit: API Version: 2992821
LogInit: Net Version: 3039270
LogDevObjectVersion: Number of dev versions registered: 13
LogDevObjectVersion:   Dev-Blueprints (B0D832E4-1F89-4F0D-ACCF-7EB736FD4AA2): 3
LogDevObjectVersion:   Dev-Build (E1C64328-A22C-4D53-A36C-8E866417BD8C): 0
LogDevObjectVersion:   Dev-Core (375EC13C-06E4-48FB-B500-84F0262A717E): 1
LogDevObjectVersion:   Dev-Editor (E4B068ED-F494-42E9-A231-DA0B2E46BB41): 2
LogDevObjectVersion:   Dev-Framework (CFFC743F-43B0-4480-9391-14DF171D2073): 6
LogDevObjectVersion:   Dev-Mobile (B02B49B5-BB20-44E9-A304-32B752E40360): 0
LogDevObjectVersion:   Dev-Networking (A4E4105C-59A1-49B5-A7C5-40C4547EDFEE): 0
LogDevObjectVersion:   Dev-Online (39C831C9-5AE6-47DC-9A44-9C173E1C8E7C): 0
LogDevObjectVersion:   Dev-Physics (78F01B33-EBEA-4F98-B9B4-84EACCB95AA2): 0
LogDevObjectVersion:   Dev-Platform (6631380F-2D4D-43E0-8009-CF276956A95A): 0
LogDevObjectVersion:   Dev-Rendering (12F88B9F-8875-4AFC-A67C-D90C383ABD29): 2
LogDevObjectVersion:   Dev-Sequencer (7B5AE74C-D270-4C10-A958-57980B212A5A): 0
LogDevObjectVersion:   Dev-VR (D7296918-1DD6-4BDD-9DE2-64A83CC13884): 0
LogInit: Compiled (64-bit): Jul  6 2016 09:09:46
LogInit: Compiled with Visual C++: 19.00.23026.00
LogInit: Build Configuration: Development
LogInit: Branch Name: ++UE4+Release-4.12
LogInit: Command line: 
LogInit: Base directory: I:/Unreal Engine 4/TOTALLY LEGIT FILES/4.12/Engine/Binaries/Win64/
LogInit: Installed Engine Build: 1
LogInit: Using libcurl 7.41.0
LogInit:  - built for x86_64-pc-win32
LogInit:  - supports SSL with WinSSL
LogInit:  - other features:
LogInit:      CURL_VERSION_SSL
LogInit:      CURL_VERSION_IPV6
LogInit:      CURL_VERSION_ASYNCHDNS
LogInit:      CURL_VERSION_LARGEFILE
LogInit:      CURL_VERSION_IDN
LogInit:  CurlRequestOptions (configurable via config and command line):
LogInit:  - bVerifyPeer = true  - Libcurl will verify peer certificate
LogInit:  - bUseHttpProxy = false  - Libcurl will NOT use HTTP proxy
LogInit:  - bDontReuseConnections = false  - Libcurl will reuse connections
LogInit:  - CertBundlePath = nullptr  - Libcurl will use whatever was configured at build time.
LogInit: Presizing for max 8388607 objects, including 0 objects not considered by GC, pre-allocating 0 bytes for permanent pool.
LogInit: Object subsystem initialized
[2016.08.10-05.52.49:005][  0]LogInit: Selected Device Profile: [Windows]
[2016.08.10-05.52.49:005][  0]LogInit: Applying CVar settings loaded from the selected device profile: [Windows]
[2016.08.10-05.52.49:012][  0]LogInit: Computer: 1806C020
[2016.08.10-05.52.49:012][  0]LogInit: User: danielpri6453
[2016.08.10-05.52.49:012][  0]LogInit: CPU Page size=65536, Cores=4
[2016.08.10-05.52.49:012][  0]LogInit: High frequency timer resolution =3.515673 MHz
[2016.08.10-05.52.49:012][  0]LogMemory: Memory total: Physical=15.9GB (16GB approx)
[2016.08.10-05.52.49:012][  0]LogMemory: Platform Memory Stats for Windows
[2016.08.10-05.52.49:012][  0]LogMemory: Process Physical Memory: 191.20 MB used, 191.20 MB peak
[2016.08.10-05.52.49:012][  0]LogMemory: Process Virtual Memory: 196.87 MB used, 196.87 MB peak
[2016.08.10-05.52.49:012][  0]LogMemory: Physical Memory: 6171.95 MB used, 16277.27 MB total
[2016.08.10-05.52.49:012][  0]LogMemory: Virtual Memory: 522.70 MB used, 8388608.00 MB total
[2016.08.10-05.52.49:042][  0]LogTextLocalizationManager: No specific translations for ('en-NZ') exist, so ('en') translations will be used.
[2016.08.10-05.52.49:415][  0]LogD3D11RHI: D3D11 adapters:
[2016.08.10-05.52.49:433][  0]LogD3D11RHI:    0. 'NVIDIA GeForce GTX 760' (Feature Level 11_0)
[2016.08.10-05.52.49:433][  0]LogD3D11RHI:       1990/0/2048 MB DedicatedVideo/DedicatedSystem/SharedSystem, Outputs:2, VendorId:0x10de
[2016.08.10-05.52.49:433][  0]LogD3D11RHI: Chosen D3D11 Adapter: 0
[2016.08.10-05.52.49:438][  0]LogD3D11RHI: Creating new Direct3DDevice
[2016.08.10-05.52.49:438][  0]LogD3D11RHI:     GPU DeviceId: 0x1187 (for the marketing name, search the web for "GPU Device Id")
[2016.08.10-05.52.49:438][  0]LogWindows: EnumDisplayDevices:
[2016.08.10-05.52.49:438][  0]LogWindows:    0. 'NVIDIA GeForce GTX 760' (P:0 D:1)
[2016.08.10-05.52.49:438][  0]LogWindows:    1. 'NVIDIA GeForce GTX 760' (P:1 D:1)
[2016.08.10-05.52.49:438][  0]LogWindows:    2. 'NVIDIA GeForce GTX 760' (P:0 D:0)
[2016.08.10-05.52.49:438][  0]LogWindows:    3. 'NVIDIA GeForce GTX 760' (P:0 D:0)
[2016.08.10-05.52.49:439][  0]LogWindows:    4. 'RDPDD Chained DD' (P:0 D:0)
[2016.08.10-05.52.49:439][  0]LogWindows:    5. 'RDP Encoder Mirror Driver' (P:0 D:0)
[2016.08.10-05.52.49:439][  0]LogWindows:    6. 'RDP Reflector Display Driver' (P:0 D:0)
[2016.08.10-05.52.49:439][  0]LogWindows:    7. 'Mirage Driver' (P:0 D:0)
[2016.08.10-05.52.49:439][  0]LogWindows: DebugString: GetVideoDriverDetailsInvalid PrimaryIsNotTheChoosenAdapter GetVideoDriverDetailsInvalid PrimaryIsNotTheChoosenAdapter GetVideoDriverDetailsInvalid PrimaryIsNotTheChoosenAdapter GetVideoDriverDetailsInvalid PrimaryIsNotTheChoosenAdapter FoundDriverCount:4 
[2016.08.10-05.52.49:439][  0]LogD3D11RHI:     Adapter Name: NVIDIA GeForce GTX 760
[2016.08.10-05.52.49:439][  0]LogD3D11RHI:   Driver Version: 347.88 (internal:9.18.13.4788, unified:347.88)
[2016.08.10-05.52.49:439][  0]LogD3D11RHI:      Driver Date: 3-13-2015
[2016.08.10-05.52.49:439][  0]LogRHI: Texture pool is 1361 MB (70% of 1945 MB)
[2016.08.10-05.52.49:455][  0]LogD3D11RHI: Async texture creation enabled
[2016.08.10-05.52.49:466][  0]LogD3D11RHI: GPU Timing Frequency: 1000.000000 (Debug: 2 1)
[2016.08.10-05.52.49:466][  0]LogShaderCompilers: Guid format shader working directory is -22 characters bigger than the processId version (D:/Users/daniel.pri6453/Documents/Unreal Projects/Paper_Plus_Christmas 4.12/Intermediate/Shaders/WorkingDirectory/2632/).
[2016.08.10-05.52.49:466][  0]LogShaderCompilers: Cleaned the shader compiler working directory 'D:/Users/DANIEL~1.PRI/AppData/Local/Temp/UnrealShaderWorkingDir/75A8EA394C82687CF4E7889232B96825/'.
[2016.08.10-05.52.49:466][  0]LogShaderCompilers:Display: Using Local Shader Compiler.
[2016.08.10-05.52.51:262][  0]LogTemp:Display: Loaded TP AllDesktopTargetPlatform
[2016.08.10-05.52.51:269][  0]LogTemp:Display: Loaded TP WindowsClientTargetPlatform
[2016.08.10-05.52.51:276][  0]LogTemp:Display: Loaded TP WindowsNoEditorTargetPlatform
[2016.08.10-05.52.51:283][  0]LogTemp:Display: Loaded TP WindowsServerTargetPlatform
[2016.08.10-05.52.51:290][  0]LogTemp:Display: Loaded TP WindowsTargetPlatform
[2016.08.10-05.52.51:296][  0]LogTemp:Display: Loaded TP AndroidTargetPlatform
[2016.08.10-05.52.51:303][  0]LogTemp:Display: Loaded TP Android_ASTCTargetPlatform
[2016.08.10-05.52.51:309][  0]LogTemp:Display: Loaded TP Android_ATCTargetPlatform
[2016.08.10-05.52.51:315][  0]LogTemp:Display: Loaded TP Android_DXTTargetPlatform
[2016.08.10-05.52.51:321][  0]LogTemp:Display: Loaded TP Android_ETC1TargetPlatform
[2016.08.10-05.52.51:328][  0]LogTemp:Display: Loaded TP Android_ETC2TargetPlatform
[2016.08.10-05.52.51:340][  0]LogTemp:Display: Loaded TP Android_MultiTargetPlatform
[2016.08.10-05.52.51:340][  0]LogTemp:Display: Loaded TP Android_PVRTCTargetPlatform
[2016.08.10-05.52.51:341][  0]LogTemp:Display: Failed to get target platform HTML5TargetPlatform
[2016.08.10-05.52.51:359][  0]LogTemp:Display: Loaded TP IOSTargetPlatform
[2016.08.10-05.52.51:364][  0]LogTemp:Display: Loaded TP TVOSTargetPlatform
[2016.08.10-05.52.51:371][  0]LogTemp:Display: Loaded TP LinuxNoEditorTargetPlatform
[2016.08.10-05.52.51:377][  0]LogTemp:Display: Loaded TP LinuxServerTargetPlatform
[2016.08.10-05.52.51:416][  0]LogTemp:Display: Loaded TP LinuxTargetPlatform
[2016.08.10-05.52.51:416][  0]LogTargetPlatformManager:Display: Building Assets For Windows
[2016.08.10-05.52.51:459][  0]LogDerivedDataCache:Display: Max Cache Size: 512 MB
[2016.08.10-05.52.51:798][  0]LogDerivedDataCache: Loaded boot cache 0.34s 48MB D:/Users/daniel.pri6453/AppData/Local/UnrealEngine/4.12/DerivedDataCache/Boot.ddc.
[2016.08.10-05.52.51:798][  0]LogDerivedDataCache:Display: Loaded Boot cache: D:/Users/daniel.pri6453/AppData/Local/UnrealEngine/4.12/DerivedDataCache/Boot.ddc
[2016.08.10-05.52.51:798][  0]LogDerivedDataCache: FDerivedDataBackendGraph:  Pak pak cache file D:/Users/daniel.pri6453/Documents/Unreal Projects/Paper_Plus_Christmas 4.12/DerivedDataCache/DDC.ddp not found, will not use a pak cache.
[2016.08.10-05.52.51:798][  0]LogDerivedDataCache: Unable to find inner node Pak for hierarchical cache Hierarchy.
[2016.08.10-05.52.51:798][  0]LogDerivedDataCache: FDerivedDataBackendGraph:  CompressedPak pak cache file D:/Users/daniel.pri6453/Documents/Unreal Projects/Paper_Plus_Christmas 4.12/DerivedDataCache/Compressed.ddp not found, will not use a pak cache.
[2016.08.10-05.52.51:798][  0]LogDerivedDataCache: Unable to find inner node CompressedPak for hierarchical cache Hierarchy.
[2016.08.10-05.52.51:812][  0]LogDerivedDataCache:Display: Pak cache opened for reading ../../../Engine/DerivedDataCache/Compressed.ddp.
[2016.08.10-05.52.51:823][  0]LogDerivedDataCache: Using Local data cache path D:/Users/daniel.pri6453/AppData/Local/UnrealEngine/Common/DerivedDataCache: Writable
[2016.08.10-05.52.51:955][  0]LogInit: Selected Device Profile: [Windows]
[2016.08.10-05.52.51:956][  0]LogContentStreaming: Texture pool size is 0.00 MB
[2016.08.10-05.52.52:080][  0]LogMeshUtilities: No automatic mesh reduction module available
[2016.08.10-05.52.52:080][  0]LogMeshUtilities: No automatic mesh merging module available
[2016.08.10-05.52.52:080][  0]LogMeshUtilities: No distributed automatic mesh merging module available
[2016.08.10-05.52.52:343][  0]LogAssetRegistry: FAssetRegistry took 0.0196 seconds to start up
[2016.08.10-05.52.52:367][  0]LogPackageLocalizationCache: Processed 3 localized package path(s) for 2 prioritized culture(s) in 0.023093 seconds
[2016.08.10-05.52.52:371][  0]LogUObjectArray: 28739 objects as part of root set at end of initial load.
[2016.08.10-05.52.52:371][  0]LogUObjectAllocator: 5855624 out of 0 bytes used by permanent object pool.
[2016.08.10-05.52.52:371][  0]LogUObjectArray: CloseDisregardForGC: 0/0 objects in disregard for GC pool
[2016.08.10-05.52.52:375][  0]LogInit: WinSock: version 1.1 (2.2), MaxSocks=32767, MaxUdp=65467
[2016.08.10-05.52.52:555][  0]LogSlate: SlateFontCache - WITH_FREETYPE: 1, WITH_HARFBUZZ: 1
[2016.08.10-05.52.52:555][  0]LogSlate: SlateFontCache - WITH_FREETYPE: 1, WITH_HARFBUZZ: 1
[2016.08.10-05.53.13:788][  0]LogUdpMessaging: Initializing bridge on interface 0.0.0.0:0 to multicast group 230.0.0.1:6666.
[2016.08.10-05.53.13:972][  0]SourceControl: Info Source control is disabled
[2016.08.10-05.53.13:973][  0]SourceControl: Info Source control is disabled
[2016.08.10-05.53.13:976][  0]SourceControl: Info Source control is disabled
[2016.08.10-05.53.13:980][  0]SourceControl: Info Source control is disabled
[2016.08.10-05.53.14:206][  0]LogEngine: Initializing Engine...
[2016.08.10-05.53.14:206][  0]LogHMD: SteamVR failed to initialize.  Err: 110
[2016.08.10-05.53.14:207][  0]LogHMD: SteamVR failed to initialize.  Err: 110
[2016.08.10-05.53.14:314][  0]LogAIModule: Creating AISystem for world NewWorld
[2016.08.10-05.53.14:316][  0]LogInit: XAudio2 using 'Speakers (Realtek High Definition Audio)' : 2 channels at 48 kHz using 32 bits per sample (channel mask 0x3)
[2016.08.10-05.53.14:323][  0]LogInit: FAudioDevice initialized.
[2016.08.10-05.53.14:342][  0]LogDerivedDataCache: Saved boot cache 0.02s 48MB D:/Users/daniel.pri6453/AppData/Local/UnrealEngine/4.12/DerivedDataCache/Boot.ddc.
[2016.08.10-05.53.14:345][  0]LogInit: Texture streaming: Enabled
[2016.08.10-05.53.14:397][  0]LogInit: Transaction tracking system initialized
[2016.08.10-05.53.14:409][  0]BlueprintLog: New page: Editor Load
[2016.08.10-05.53.14:465][  0]LocalizationService: Info Localization service is disabled
[2016.08.10-05.53.14:839][  0]LogConsoleResponse:Display: 
[2016.08.10-05.53.15:008][  0]LogFileCache: Scanning file cache for directory 'D:/Users/daniel.pri6453/Documents/Unreal Projects/Paper_Plus_Christmas 4.12/Content/' took 0.01s
[2016.08.10-05.53.15:008][  0]LogCook:Display: Max memory allowance for cook 8192mb
[2016.08.10-05.53.15:008][  0]LogCook:Display: Mobile HDR setting 1
[2016.08.10-05.53.15:356][  0]SourceControl: Info Source control is disabled
[2016.08.10-05.53.15:356][  0]Cmd: MAP LOAD FILE="D:/Users/daniel.pri6453/Documents/Unreal Projects/Paper_Plus_Christmas 4.12/Content/FlyingBP/Maps/FlyingExampleMap.umap" TEMPLATE=0 SHOWPROGRESS=1 FEATURELEVEL=3
[2016.08.10-05.53.15:401][  0]LightingResults: New page: Lighting Build
[2016.08.10-05.53.15:403][  0]MapCheck: New page: Map Check
[2016.08.10-05.53.15:403][  0]LightingResults: New page: Lighting Build
[2016.08.10-05.53.15:873][  0]LogBlueprint:Warning: Compiler Warning Input Axis Event references unknown Axis 'LookUp' for  InputAxis LookUp 
[2016.08.10-05.53.15:873][  0]LogBlueprint:Warning: Compiler Warning Input Axis Event references unknown Axis 'Turn' for  InputAxis Turn 
[2016.08.10-05.53.15:889][  0]LogBlueprint:Warning: Compiler Warning [0027.45] Compile of FlyingPawn successful, but with 2 Warning(s) [in 27 ms] (/Game/FlyingBP/Blueprints/FlyingPawn.FlyingPawn)
[2016.08.10-05.53.15:889][  0]LogBlueprint:Warning: Compiler Warning [0027.45] Compile of FlyingPawn successful, but with 3 Warning(s) [in 0 ms] (/Game/FlyingBP/Blueprints/FlyingPawn.FlyingPawn)
[2016.08.10-05.53.15:889][  0]LogBlueprint:Warning: Compiler Warning [0027.45] Compile of FlyingPawn successful, but with 4 Warning(s) [in 0 ms] (/Game/FlyingBP/Blueprints/FlyingPawn.FlyingPawn)
[2016.08.10-05.53.15:905][  0]LogBlueprint:Warning: Compiler Warning Input Axis Event references unknown Axis 'LookUp' for  InputAxis LookUp 
[2016.08.10-05.53.15:906][  0]LogBlueprint:Warning: Compiler Warning Input Axis Event references unknown Axis 'Turn' for  InputAxis Turn 
[2016.08.10-05.53.15:911][  0]LogBlueprint:Warning: Compiler Warning [0027.47] Compile of FlyingPawn successful, but with 2 Warning(s) [in 16 ms] (/Game/FlyingBP/Blueprints/FlyingPawn.FlyingPawn)
[2016.08.10-05.53.15:911][  0]LogBlueprint:Warning: Compiler Warning [0027.47] Compile of FlyingPawn successful, but with 3 Warning(s) [in 0 ms] (/Game/FlyingBP/Blueprints/FlyingPawn.FlyingPawn)
[2016.08.10-05.53.15:911][  0]LogBlueprint:Warning: Compiler Warning [0027.47] Compile of FlyingPawn successful, but with 4 Warning(s) [in 0 ms] (/Game/FlyingBP/Blueprints/FlyingPawn.FlyingPawn)
[2016.08.10-05.53.15:942][  0]LogLinker:Warning: Can't find file '/Game/StarterContent/Materials/M_Basic_Floor'
[2016.08.10-05.53.15:942][  0]LogLinker:Warning: Can't find file for asset '/Game/StarterContent/Materials/M_Basic_Floor' while loading D:/Users/daniel.pri6453/Documents/Unreal Projects/Paper_Plus_Christmas 4.12/Content/Geometry/Meshes/Floor_400x400.uasset.
[2016.08.10-05.53.15:942][  0]LoadErrors:Error: Error /Game/Geometry/Meshes/Floor_400x400 : Can't find file for asset. /Game/StarterContent/Materials/M_Basic_Floor
[2016.08.10-05.53.15:942][  0]LogLinker:Warning: Can't find file '/Game/StarterContent/Materials/M_Basic_Floor'
[2016.08.10-05.53.15:942][  0]LogLinker:Warning: Can't find file for asset '/Game/StarterContent/Materials/M_Basic_Floor' while loading D:/Users/daniel.pri6453/Documents/Unreal Projects/Paper_Plus_Christmas 4.12/Content/Geometry/Meshes/Floor_400x400.uasset.
[2016.08.10-05.53.15:942][  0]LoadErrors:Error: Error /Game/Geometry/Meshes/Floor_400x400 : Can't find file for asset. /Game/StarterContent/Materials/M_Basic_Floor
[2016.08.10-05.53.16:184][  0]LogLinker:Warning: Can't find file '/Game/StarterContent/Materials/M_Basic_Floor'
[2016.08.10-05.53.16:186][  0]LoadErrors: Info Failed to load /Game/StarterContent/Materials/M_Basic_Floor.M_Basic_Floor Referenced by Floor_400x400
[2016.08.10-05.53.16:186][  0]LogLinker:Warning: Can't find file for asset '/Game/StarterContent/Materials/M_Basic_Floor' while loading NULL.
[2016.08.10-05.53.16:186][  0]LoadErrors: Info Failed to load /Game/StarterContent/Materials/M_Basic_Floor.M_Basic_Floor Referenced by Floor_400x400
[2016.08.10-05.53.16:984][  0]LogAIModule: Creating AISystem for world FlyingExampleMap
[2016.08.10-05.53.17:012][  0]LogEditorServer: Finished looking for orphan Actors (0.000 secs)
[2016.08.10-05.53.17:039][  0]Cmd: MAP CHECKDEP NOCLEARLOG
[2016.08.10-05.53.17:062][  0]MapCheck: Info Map check complete: 0 Error(s), 0 Warning(s), took 23.645ms to complete.
[2016.08.10-05.53.17:062][  0]LogFileHelpers: Loading map 'FlyingExampleMap' took 1.707
[2016.08.10-05.53.17:651][  0]LogCollectionManager: Loaded 0 collections in 0.001013 seconds
[2016.08.10-05.53.17:778][  0]LogFileCache: Scanning file cache for directory 'D:/Users/daniel.pri6453/Documents/Unreal Projects/Paper_Plus_Christmas 4.12/Saved/Collections/' took 0.01s
[2016.08.10-05.53.17:778][  0]LogFileCache: Scanning file cache for directory 'D:/Users/daniel.pri6453/Documents/Unreal Projects/Paper_Plus_Christmas 4.12/Content/Developers/danielpri6453/Collections/' took 0.01s
[2016.08.10-05.53.17:778][  0]LogFileCache: Scanning file cache for directory 'D:/Users/daniel.pri6453/Documents/Unreal Projects/Paper_Plus_Christmas 4.12/Content/Collections/' took 0.01s
[2016.08.10-05.53.17:778][  0]LogCollectionManager: Rebuilt the GUID cache for 0 collections in 0.000002 seconds
[2016.08.10-05.53.17:805][  0]LogContentBrowser: Native class hierarchy populated in 0.0078 seconds. Added 2047 classes and 369 folders.
[2016.08.10-05.53.17:967][  0]LogStats: UGameplayTagsManager::ConstructGameplayTagTree: Construct from data asset -  0.000 s
[2016.08.10-05.53.17:968][  0]LogStats: UGameplayTagsManager::ConstructGameplayTagTree: GameplayTagTreeChangedEvent.Broadcast -  0.000 s
[2016.08.10-05.53.17:974][  0]LogContentBrowser: Native class hierarchy updated for 'GameplayTags' in 0.0007 seconds. Added 12 classes and 0 folders.
[2016.08.10-05.53.18:029][  0]LogContentBrowser: Native class hierarchy updated for 'WidgetCarousel' in 0.0004 seconds. Added 0 classes and 0 folders.
[2016.08.10-05.53.18:267][  0]LogContentBrowser: Native class hierarchy updated for 'AddContentDialog' in 0.0010 seconds. Added 0 classes and 0 folders.
[2016.08.10-05.53.18:331][  0]LogContentBrowser: Native class hierarchy updated for 'SceneOutliner' in 0.0004 seconds. Added 1 classes and 2 folders.
[2016.08.10-05.53.18:514][  0]LogCrashTracker: Crashtracker disabled due to settings.
[2016.08.10-05.53.18:589][  0]LogUObjectGlobals:Warning: Failed to find object 'Class None.'
[2016.08.10-05.53.18:628][  0]LogContentBrowser: Native class hierarchy updated for 'HierarchicalLODOutliner' in 0.0004 seconds. Added 1 classes and 2 folders.
[2016.08.10-05.53.18:628][  0]LogLoad: Full Startup: 30.19 seconds (BP compile: 0.12 seconds)
[2016.08.10-05.53.18:628][  0]LogExternalProfiler: Found external profiler: VSPerf
[2016.08.10-05.53.18:628][  0]LogExternalProfiler: Using external profiler: VSPerf
[2016.08.10-05.53.18:967][  0]LogOcInput: OculusInput pre-init called
[2016.08.10-05.53.19:019][  0]LogContentStreaming: Texture pool size now 200 MB
[2016.08.10-05.53.19:469][  0]LogRenderer: Reallocating scene render targets to support 804x540 (Frame:2).
[2016.08.10-05.53.19:981][  2]LogAssetRegistry: Asset discovery search completed in 27.6594 seconds
[2016.08.10-05.53.19:981][  2]LogCollectionManager: Rebuilt the object cache for 0 collections in 0.000000 seconds (found 0 objects)
[2016.08.10-05.53.19:981][  2]LogCollectionManager: Fixed up redirectors for 0 collections in 0.000024 seconds (updated 0 objects)
[2016.08.10-05.57.03:741][937]LogEditorViewport: Clicking on Actor (LMB): StaticMeshActor (Floor)
[2016.08.10-05.57.48:339][ 13]LogBlueprintUserMessages: Early PlayInEditor Detection: Level '/Game/FlyingBP/Maps/FlyingExampleMap.FlyingExampleMap:PersistentLevel' has LevelScriptBlueprint '/Game/FlyingBP/Maps/FlyingExampleMap.FlyingExampleMap:PersistentLevel.FlyingExampleMap' with GeneratedClass '/Game/FlyingBP/Maps/FlyingExampleMap.FlyingExampleMap_C' with ClassGeneratedBy '/Game/FlyingBP/Maps/FlyingExampleMap.FlyingExampleMap:PersistentLevel.FlyingExampleMap'
[2016.08.10-05.57.48:339][ 13]LogPlayLevel: PlayLevel: No blueprints needed recompiling
[2016.08.10-05.57.48:371][ 13]PIE: New page: PIE session: FlyingExampleMap (11/08/2016 5:57:48 am)
[2016.08.10-05.57.48:371][ 13]LogPlayLevel: Creating play world package: /Game/FlyingBP/Maps/UEDPIE_0_FlyingExampleMap
[2016.08.10-05.57.48:416][ 13]LogPlayLevel: PIE: StaticDuplicateObject took: (0.044917s)
[2016.08.10-05.57.48:417][ 13]LogAIModule: Creating AISystem for world FlyingExampleMap
[2016.08.10-05.57.48:418][ 13]LogPlayLevel: PIE: World Init took: (0.001614s)
[2016.08.10-05.57.48:418][ 13]LogPlayLevel: PIE: Created PIE world by copying editor world from /Game/FlyingBP/Maps/FlyingExampleMap.FlyingExampleMap to /Game/FlyingBP/Maps/UEDPIE_0_FlyingExampleMap.FlyingExampleMap (0.046801s)
[2016.08.10-05.57.48:436][ 13]LogInit: XAudio2 using 'Speakers (Realtek High Definition Audio)' : 2 channels at 48 kHz using 32 bits per sample (channel mask 0x3)
[2016.08.10-05.57.48:441][ 13]LogInit: FAudioDevice initialized.
[2016.08.10-05.57.48:582][ 13]LogWorld: Game class is 'FlyingGameMode_C'
[2016.08.10-05.57.48:594][ 13]LogWorld: Bringing World /Game/FlyingBP/Maps/UEDPIE_0_FlyingExampleMap.FlyingExampleMap up for play (max tick rate 0) at 2016.08.10-17.57.48
[2016.08.10-05.57.48:594][ 13]LogWorld: Bringing up level for play took: 0.008566
[2016.08.10-05.57.48:633][ 13]LogContentBrowser: Native class hierarchy updated for 'MovieSceneCapture' in 0.0005 seconds. Added 11 classes and 0 folders.
[2016.08.10-05.57.48:634][ 13]PIE: Info Play in editor start time for /Game/FlyingBP/Maps/UEDPIE_0_FlyingExampleMap 0.652
[2016.08.10-05.57.48:634][ 13]LogBlueprintUserMessages: Late PlayInEditor Detection: Level '/Game/FlyingBP/Maps/FlyingExampleMap.FlyingExampleMap:PersistentLevel' has LevelScriptBlueprint '/Game/FlyingBP/Maps/FlyingExampleMap.FlyingExampleMap:PersistentLevel.FlyingExampleMap' with GeneratedClass '/Game/FlyingBP/Maps/FlyingExampleMap.FlyingExampleMap_C' with ClassGeneratedBy '/Game/FlyingBP/Maps/FlyingExampleMap.FlyingExampleMap:PersistentLevel.FlyingExampleMap'
[2016.08.10-05.58.12:829][897]LogBlueprintUserMessages: Early EndPlayMap Detection: Level '/Game/FlyingBP/Maps/FlyingExampleMap.FlyingExampleMap:PersistentLevel' has LevelScriptBlueprint '/Game/FlyingBP/Maps/FlyingExampleMap.FlyingExampleMap:PersistentLevel.FlyingExampleMap' with GeneratedClass '/Game/FlyingBP/Maps/FlyingExampleMap.FlyingExampleMap_C' with ClassGeneratedBy '/Game/FlyingBP/Maps/FlyingExampleMap.FlyingExampleMap:PersistentLevel.FlyingExampleMap'
[2016.08.10-05.58.12:899][897]LogBlueprintUserMessages: Late EndPlayMap Detection: Level '/Game/FlyingBP/Maps/FlyingExampleMap.FlyingExampleMap:PersistentLevel' has LevelScriptBlueprint '/Game/FlyingBP/Maps/FlyingExampleMap.FlyingExampleMap:PersistentLevel.FlyingExampleMap' with GeneratedClass '/Game/FlyingBP/Maps/FlyingExampleMap.FlyingExampleMap_C' with ClassGeneratedBy '/Game/FlyingBP/Maps/FlyingExampleMap.FlyingExampleMap:PersistentLevel.FlyingExampleMap'
[2016.08.10-05.58.24:277][249]LogEditorViewport: Clicking on Actor (LMB): StaticMeshActor (store)
[2016.08.10-05.58.31:985][133]LogEditorViewport: Clicking on Actor (LMB): FlyingPawn_C (FlyingPawn)
[2016.08.10-05.58.43:096][117]LogRenderer: Reallocating scene render targets to support 952x868 (Frame:14723).
[2016.08.10-05.59.04:023][400]LogActorFactory: Actor Factory created house_1
[2016.08.10-05.59.05:235][542]LogActorFactory: Actor Factory created house_1
[2016.08.10-05.59.22:207][517]LogEditorViewport: Clicking on Actor (LMB): StaticMeshActor (house_4)
[2016.08.10-05.59.24:182][751]LogEditorViewport: Clicking on Actor (LMB): StaticMeshActor (house_3)
[2016.08.10-05.59.25:288][881]LogEditorViewport: Clicking on Actor (LMB): StaticMeshActor (house_2)
[2016.08.10-05.59.28:661][283]LogEditorViewport: Clicking on Actor (LMB): StaticMeshActor (house_1)
[2016.08.10-05.59.34:168][941]Cmd: TRANSACTION UNDO
[2016.08.10-05.59.34:168][941]LogEditorTransaction: Undo Clicking on Actors
[2016.08.10-05.59.35:526][ 88]Cmd: TRANSACTION UNDO
[2016.08.10-05.59.35:526][ 88]LogEditorTransaction: Undo Clicking on Actors
[2016.08.10-05.59.35:893][129]Cmd: TRANSACTION UNDO
[2016.08.10-05.59.35:893][129]LogEditorTransaction: Undo Clicking on Actors
[2016.08.10-05.59.36:213][164]Cmd: TRANSACTION UNDO
[2016.08.10-05.59.36:213][164]LogEditorTransaction: Undo Clicking on Actors
[2016.08.10-05.59.36:552][201]Cmd: TRANSACTION UNDO
[2016.08.10-05.59.36:552][201]LogEditorTransaction: Undo Move Actors
[2016.08.10-05.59.36:963][246]Cmd: TRANSACTION UNDO
[2016.08.10-05.59.36:963][246]LogEditorTransaction: Undo Set actor scale
[2016.08.10-05.59.37:830][345]Cmd: TRANSACTION UNDO
[2016.08.10-05.59.37:830][345]LogEditorTransaction: Undo Create Actors
[2016.08.10-05.59.57:953][548]LogEditorViewport: Clicking on Actor (LMB): StaticMeshActor (house_4)
[2016.08.10-06.00.30:130][246]LogEditorViewport: Clicking on Actor (LMB): StaticMeshActor (house_4)
[2016.08.10-06.00.38:179][978]LogContentBrowser: Native class hierarchy updated for 'BlueprintGraph' in 0.0028 seconds. Added 111 classes and 0 folders.
[2016.08.10-06.00.52:231][475]Cmd: TRANSACTION UNDO
[2016.08.10-06.00.52:231][475]LogEditorTransaction: Undo Replace Actor(s) with blueprint
[2016.08.10-06.00.55:237][789]LogEditorViewport: Clicking on Actor (LMB): StaticMeshActor (house_4)
[2016.08.10-06.01.00:516][972]LogObjectTools:Warning: ForceReplaceReferences replaced references for a transient object 'DEADCLASS_house_4_Blueprint_C_1' or package '/Engine/Transient'.
[2016.08.10-06.01.00:516][972]LogObjectTools:Warning: ForceReplaceReferences replaced references for a transient object 'DEADCLASS_house_4_Blueprint_C_0' or package '/Engine/Transient'.
[2016.08.10-06.01.00:516][972]LogObjectTools:Warning: ForceReplaceReferences replaced references for a transient object 'REINST_SKEL_house_4_Blueprint_C_50' or package '/Engine/Transient'.
[2016.08.10-06.01.00:516][972]LogObjectTools:Warning: ForceReplaceReferences replaced references for a transient object 'REINST_house_4_Blueprint_C_49' or package '/Engine/Transient'.
[2016.08.10-06.03.44:219][909]LogSavePackage: Save=376.77ms
[2016.08.10-06.03.44:219][909]LogSavePackage: Moving 'D:/Users/daniel.pri6453/Documents/Unreal Projects/Paper_Plus_Christmas 4.12/Saved/FlyingExampleMap_Auto117B0A0D94FAC300EB5DE439D1CEE7FD1.tmp' to 'D:/Users/daniel.pri6453/Documents/Unreal Projects/Paper_Plus_Christmas 4.12/Saved/Autosaves/Game/FlyingBP/Maps/FlyingExampleMap_Auto1.umap'
[2016.08.10-06.03.44:219][909]LogSavePackage:Display: Finished SavePackage D:/Users/daniel.pri6453/Documents/Unreal Projects/Paper_Plus_Christmas 4.12/Saved/Autosaves/Game/FlyingBP/Maps/FlyingExampleMap_Auto1.umap
[2016.08.10-06.03.44:220][909]LogFileHelpers: Editor autosave (incl. sublevels) for '/Game/FlyingBP/Maps/FlyingExampleMap' took 0.408
[2016.08.10-06.03.44:220][909]LogFileHelpers: Editor autosave (incl. sublevels) for all levels took 0.408
[2016.08.10-06.22.06:064][266]LogEditorViewport: Clicking on Actor (LMB): FlyingPawn_C (FlyingPawn)
[2016.08.10-06.22.16:031][437]LogBlueprintUserMessages: Early PlayInEditor Detection: Level '/Game/FlyingBP/Maps/FlyingExampleMap.FlyingExampleMap:PersistentLevel' has LevelScriptBlueprint '/Game/FlyingBP/Maps/FlyingExampleMap.FlyingExampleMap:PersistentLevel.FlyingExampleMap' with GeneratedClass '/Game/FlyingBP/Maps/FlyingExampleMap.FlyingExampleMap_C' with ClassGeneratedBy '/Game/FlyingBP/Maps/FlyingExampleMap.FlyingExampleMap:PersistentLevel.FlyingExampleMap'
[2016.08.10-06.22.16:031][437]LogPlayLevel: PlayLevel: No blueprints needed recompiling
[2016.08.10-06.22.16:032][437]PIE: New page: PIE session: FlyingExampleMap (11/08/2016 6:22:16 am)
[2016.08.10-06.22.16:032][437]LogPlayLevel: Creating play world package: /Game/FlyingBP/Maps/UEDPIE_0_FlyingExampleMap
[2016.08.10-06.22.16:071][437]LogPlayLevel: PIE: StaticDuplicateObject took: (0.039103s)
[2016.08.10-06.22.16:072][437]LogAIModule: Creating AISystem for world FlyingExampleMap
[2016.08.10-06.22.16:072][437]LogPlayLevel: PIE: World Init took: (0.000835s)
[2016.08.10-06.22.16:072][437]LogPlayLevel: PIE: Created PIE world by copying editor world from /Game/FlyingBP/Maps/FlyingExampleMap.FlyingExampleMap to /Game/FlyingBP/Maps/UEDPIE_0_FlyingExampleMap.FlyingExampleMap (0.040183s)
[2016.08.10-06.22.16:111][437]LogInit: XAudio2 using 'Speakers (Realtek High Definition Audio)' : 2 channels at 48 kHz using 32 bits per sample (channel mask 0x3)
[2016.08.10-06.22.16:116][437]LogInit: FAudioDevice initialized.
[2016.08.10-06.22.16:192][437]LogWorld: Game class is 'FlyingGameMode_C'
[2016.08.10-06.22.16:201][437]LogWorld: Bringing World /Game/FlyingBP/Maps/UEDPIE_0_FlyingExampleMap.FlyingExampleMap up for play (max tick rate 0) at 2016.08.10-18.22.16
[2016.08.10-06.22.16:202][437]LogWorld: Bringing up level for play took: 0.008633
[2016.08.10-06.22.16:203][437]PIE: Info Play in editor start time for /Game/FlyingBP/Maps/UEDPIE_0_FlyingExampleMap 0.209
[2016.08.10-06.22.16:203][437]LogBlueprintUserMessages: Late PlayInEditor Detection: Level '/Game/FlyingBP/Maps/FlyingExampleMap.FlyingExampleMap:PersistentLevel' has LevelScriptBlueprint '/Game/FlyingBP/Maps/FlyingExampleMap.FlyingExampleMap:PersistentLevel.FlyingExampleMap' with GeneratedClass '/Game/FlyingBP/Maps/FlyingExampleMap.FlyingExampleMap_C' with ClassGeneratedBy '/Game/FlyingBP/Maps/FlyingExampleMap.FlyingExampleMap:PersistentLevel.FlyingExampleMap'
[2016.08.10-06.22.18:306][685]LogBlueprintUserMessages: Early EndPlayMap Detection: Level '/Game/FlyingBP/Maps/FlyingExampleMap.FlyingExampleMap:PersistentLevel' has LevelScriptBlueprint '/Game/FlyingBP/Maps/FlyingExampleMap.FlyingExampleMap:PersistentLevel.FlyingExampleMap' with GeneratedClass '/Game/FlyingBP/Maps/FlyingExampleMap.FlyingExampleMap_C' with ClassGeneratedBy '/Game/FlyingBP/Maps/FlyingExampleMap.FlyingExampleMap:PersistentLevel.FlyingExampleMap'
[2016.08.10-06.22.18:343][685]LogBlueprintUserMessages: Late EndPlayMap Detection: Level '/Game/FlyingBP/Maps/FlyingExampleMap.FlyingExampleMap:PersistentLevel' has LevelScriptBlueprint '/Game/FlyingBP/Maps/FlyingExampleMap.FlyingExampleMap:PersistentLevel.FlyingExampleMap' with GeneratedClass '/Game/FlyingBP/Maps/FlyingExampleMap.FlyingExampleMap_C' with ClassGeneratedBy '/Game/FlyingBP/Maps/FlyingExampleMap.FlyingExampleMap:PersistentLevel.FlyingExampleMap'
[2016.08.10-06.22.19:286][787]LogBlueprintUserMessages: Early PlayInEditor Detection: Level '/Game/FlyingBP/Maps/FlyingExampleMap.FlyingExampleMap:PersistentLevel' has LevelScriptBlueprint '/Game/FlyingBP/Maps/FlyingExampleMap.FlyingExampleMap:PersistentLevel.FlyingExampleMap' with GeneratedClass '/Game/FlyingBP/Maps/FlyingExampleMap.FlyingExampleMap_C' with ClassGeneratedBy '/Game/FlyingBP/Maps/FlyingExampleMap.FlyingExampleMap:PersistentLevel.FlyingExampleMap'
[2016.08.10-06.22.19:286][787]LogPlayLevel: PlayLevel: No blueprints needed recompiling
[2016.08.10-06.22.19:286][787]PIE: New page: PIE session: FlyingExampleMap (11/08/2016 6:22:19 am)
[2016.08.10-06.22.19:286][787]LogPlayLevel: Creating play world package: /Game/FlyingBP/Maps/UEDPIE_0_FlyingExampleMap
[2016.08.10-06.22.19:324][787]LogPlayLevel: PIE: StaticDuplicateObject took: (0.037656s)
[2016.08.10-06.22.19:324][787]LogAIModule: Creating AISystem for world FlyingExampleMap
[2016.08.10-06.22.19:324][787]LogPlayLevel: PIE: World Init took: (0.000700s)
[2016.08.10-06.22.19:325][787]LogPlayLevel: PIE: Created PIE world by copying editor world from /Game/FlyingBP/Maps/FlyingExampleMap.FlyingExampleMap to /Game/FlyingBP/Maps/UEDPIE_0_FlyingExampleMap.FlyingExampleMap (0.038580s)
[2016.08.10-06.22.19:361][787]LogInit: XAudio2 using 'Speakers (Realtek High Definition Audio)' : 2 channels at 48 kHz using 32 bits per sample (channel mask 0x3)
[2016.08.10-06.22.19:366][787]LogInit: FAudioDevice initialized.
[2016.08.10-06.22.19:431][787]LogWorld: Game class is 'FlyingGameMode_C'
[2016.08.10-06.22.19:437][787]LogWorld: Bringing World /Game/FlyingBP/Maps/UEDPIE_0_FlyingExampleMap.FlyingExampleMap up for play (max tick rate 0) at 2016.08.10-18.22.19
[2016.08.10-06.22.19:438][787]LogWorld: Bringing up level for play took: 0.005949
[2016.08.10-06.22.19:439][787]PIE: Info Play in editor start time for /Game/FlyingBP/Maps/UEDPIE_0_FlyingExampleMap -0.556
[2016.08.10-06.22.19:439][787]LogBlueprintUserMessages: Late PlayInEditor Detection: Level '/Game/FlyingBP/Maps/FlyingExampleMap.FlyingExampleMap:PersistentLevel' has LevelScriptBlueprint '/Game/FlyingBP/Maps/FlyingExampleMap.FlyingExampleMap:PersistentLevel.FlyingExampleMap' with GeneratedClass '/Game/FlyingBP/Maps/FlyingExampleMap.FlyingExampleMap_C' with ClassGeneratedBy '/Game/FlyingBP/Maps/FlyingExampleMap.FlyingExampleMap:PersistentLevel.FlyingExampleMap'
[2016.08.10-06.22.37:428][943]LogBlueprintUserMessages: Early EndPlayMap Detection: Level '/Game/FlyingBP/Maps/FlyingExampleMap.FlyingExampleMap:PersistentLevel' has LevelScriptBlueprint '/Game/FlyingBP/Maps/FlyingExampleMap.FlyingExampleMap:PersistentLevel.FlyingExampleMap' with GeneratedClass '/Game/FlyingBP/Maps/FlyingExampleMap.FlyingExampleMap_C' with ClassGeneratedBy '/Game/FlyingBP/Maps/FlyingExampleMap.FlyingExampleMap:PersistentLevel.FlyingExampleMap'
[2016.08.10-06.22.37:468][943]LogBlueprintUserMessages: Late EndPlayMap Detection: Level '/Game/FlyingBP/Maps/FlyingExampleMap.FlyingExampleMap:PersistentLevel' has LevelScriptBlueprint '/Game/FlyingBP/Maps/FlyingExampleMap.FlyingExampleMap:PersistentLevel.FlyingExampleMap' with GeneratedClass '/Game/FlyingBP/Maps/FlyingExampleMap.FlyingExampleMap_C' with ClassGeneratedBy '/Game/FlyingBP/Maps/FlyingExampleMap.FlyingExampleMap:PersistentLevel.FlyingExampleMap'
[2016.08.10-06.23.03:531][206]LogSavePackage: Save=338.54ms
[2016.08.10-06.23.03:531][206]LogSavePackage: Moving 'D:/Users/daniel.pri6453/Documents/Unreal Projects/Paper_Plus_Christmas 4.12/Saved/FlyingExampleMap_Auto2068CC87D46A664FA3B5BC5A6672A96EA.tmp' to 'D:/Users/daniel.pri6453/Documents/Unreal Projects/Paper_Plus_Christmas 4.12/Saved/Autosaves/Game/FlyingBP/Maps/FlyingExampleMap_Auto2.umap'
[2016.08.10-06.23.03:532][206]LogSavePackage:Display: Finished SavePackage D:/Users/daniel.pri6453/Documents/Unreal Projects/Paper_Plus_Christmas 4.12/Saved/Autosaves/Game/FlyingBP/Maps/FlyingExampleMap_Auto2.umap
[2016.08.10-06.23.03:532][206]LogFileHelpers: Editor autosave (incl. sublevels) for '/Game/FlyingBP/Maps/FlyingExampleMap' took 0.367
[2016.08.10-06.23.03:532][206]LogFileHelpers: Editor autosave (incl. sublevels) for all levels took 0.367
[2016.08.10-06.35.41:536][732]LogEditorViewport: Clicking on Actor (LMB): FlyingPawn_C (FlyingPawn)
[2016.08.10-06.35.58:359][ 96]LogBlueprintUserMessages: Early PlayInEditor Detection: Level '/Game/FlyingBP/Maps/FlyingExampleMap.FlyingExampleMap:PersistentLevel' has LevelScriptBlueprint '/Game/FlyingBP/Maps/FlyingExampleMap.FlyingExampleMap:PersistentLevel.FlyingExampleMap' with GeneratedClass '/Game/FlyingBP/Maps/FlyingExampleMap.FlyingExampleMap_C' with ClassGeneratedBy '/Game/FlyingBP/Maps/FlyingExampleMap.FlyingExampleMap:PersistentLevel.FlyingExampleMap'
[2016.08.10-06.35.58:359][ 96]BlueprintLog: New page: Pre-Play auto-recompile
[2016.08.10-06.35.58:380][ 96]LogPlayLevel: [PlayLevel] Compiling FlyingPawn before play...
[2016.08.10-06.35.58:426][ 96]LogBlueprint:Warning: Compiler Warning Input Axis Event references unknown Axis 'LookUp' for  InputAxis LookUp 
[2016.08.10-06.35.58:426][ 96]LogBlueprint:Warning: Compiler Warning Input Axis Event references unknown Axis 'Turn' for  InputAxis Turn 
[2016.08.10-06.35.58:432][ 96]LogBlueprint:Warning: Compiler Warning [2590.02] Compile of FlyingPawn successful, but with 2 Warning(s) [in 25 ms] (/Game/FlyingBP/Blueprints/FlyingPawn.FlyingPawn)
[2016.08.10-06.35.58:432][ 96]LogBlueprint:Warning: Compiler Warning [2590.02] Compile of FlyingPawn successful, but with 3 Warning(s) [in 0 ms] (/Game/FlyingBP/Blueprints/FlyingPawn.FlyingPawn)
[2016.08.10-06.35.58:432][ 96]LogBlueprint:Warning: Compiler Warning [2590.02] Compile of FlyingPawn successful, but with 4 Warning(s) [in 0 ms] (/Game/FlyingBP/Blueprints/FlyingPawn.FlyingPawn)
[2016.08.10-06.35.58:482][ 96]LogBlueprint:Warning: Compiler Warning [2590.07] Compile of FlyingPawn successful, but with 5 Warning(s) [in 49 ms] (/Game/FlyingBP/Blueprints/FlyingPawn.FlyingPawn)
[2016.08.10-06.35.58:487][ 96]LogBlueprint:Warning: Compiler Warning [2590.07] Compile of FlyingPawn successful, but with 6 Warning(s) [in 4 ms] (/Game/FlyingBP/Blueprints/FlyingPawn.FlyingPawn)
[2016.08.10-06.35.58:487][ 96]LogBlueprint:Warning: Compiler Warning [2590.07] Compile of FlyingPawn successful, but with 7 Warning(s) [in 0 ms] (/Game/FlyingBP/Blueprints/FlyingPawn.FlyingPawn)
[2016.08.10-06.35.58:487][ 96]LogPlayLevel: PlayLevel: Blueprint regeneration took 127 ms (1 blueprints)
[2016.08.10-06.35.58:503][ 96]PIE: New page: PIE session: FlyingExampleMap (11/08/2016 6:35:58 am)
[2016.08.10-06.35.58:503][ 96]LogPlayLevel: Creating play world package: /Game/FlyingBP/Maps/UEDPIE_0_FlyingExampleMap
[2016.08.10-06.35.58:542][ 96]LogPlayLevel: PIE: StaticDuplicateObject took: (0.039200s)
[2016.08.10-06.35.58:543][ 96]LogAIModule: Creating AISystem for world FlyingExampleMap
[2016.08.10-06.35.58:543][ 96]LogPlayLevel: PIE: World Init took: (0.000705s)
[2016.08.10-06.35.58:543][ 96]LogPlayLevel: PIE: Created PIE world by copying editor world from /Game/FlyingBP/Maps/FlyingExampleMap.FlyingExampleMap to /Game/FlyingBP/Maps/UEDPIE_0_FlyingExampleMap.FlyingExampleMap (0.040130s)
[2016.08.10-06.35.58:583][ 96]LogInit: XAudio2 using 'Speakers (Realtek High Definition Audio)' : 2 channels at 48 kHz using 32 bits per sample (channel mask 0x3)
[2016.08.10-06.35.58:589][ 96]LogInit: FAudioDevice initialized.
[2016.08.10-06.35.58:651][ 96]LogWorld: Game class is 'FlyingGameMode_C'
[2016.08.10-06.35.58:657][ 96]LogWorld: Bringing World /Game/FlyingBP/Maps/UEDPIE_0_FlyingExampleMap.FlyingExampleMap up for play (max tick rate 0) at 2016.08.10-18.35.58
[2016.08.10-06.35.58:657][ 96]LogWorld: Bringing up level for play took: 0.004754
[2016.08.10-06.35.58:658][ 96]PIE: Info Play in editor start time for /Game/FlyingBP/Maps/UEDPIE_0_FlyingExampleMap 0.691
[2016.08.10-06.35.58:658][ 96]LogBlueprintUserMessages: Late PlayInEditor Detection: Level '/Game/FlyingBP/Maps/FlyingExampleMap.FlyingExampleMap:PersistentLevel' has LevelScriptBlueprint '/Game/FlyingBP/Maps/FlyingExampleMap.FlyingExampleMap:PersistentLevel.FlyingExampleMap' with GeneratedClass '/Game/FlyingBP/Maps/FlyingExampleMap.FlyingExampleMap_C' with ClassGeneratedBy '/Game/FlyingBP/Maps/FlyingExampleMap.FlyingExampleMap:PersistentLevel.FlyingExampleMap'
[2016.08.10-06.36.10:561][522]LogBlueprintUserMessages: Early EndPlayMap Detection: Level '/Game/FlyingBP/Maps/FlyingExampleMap.FlyingExampleMap:PersistentLevel' has LevelScriptBlueprint '/Game/FlyingBP/Maps/FlyingExampleMap.FlyingExampleMap:PersistentLevel.FlyingExampleMap' with GeneratedClass '/Game/FlyingBP/Maps/FlyingExampleMap.FlyingExampleMap_C' with ClassGeneratedBy '/Game/FlyingBP/Maps/FlyingExampleMap.FlyingExampleMap:PersistentLevel.FlyingExampleMap'
[2016.08.10-06.36.10:598][522]LogBlueprintUserMessages: Late EndPlayMap Detection: Level '/Game/FlyingBP/Maps/FlyingExampleMap.FlyingExampleMap:PersistentLevel' has LevelScriptBlueprint '/Game/FlyingBP/Maps/FlyingExampleMap.FlyingExampleMap:PersistentLevel.FlyingExampleMap' with GeneratedClass '/Game/FlyingBP/Maps/FlyingExampleMap.FlyingExampleMap_C' with ClassGeneratedBy '/Game/FlyingBP/Maps/FlyingExampleMap.FlyingExampleMap:PersistentLevel.FlyingExampleMap'
[2016.08.10-06.36.19:226][125]LogBlueprintUserMessages: Early PlayInEditor Detection: Level '/Game/FlyingBP/Maps/FlyingExampleMap.FlyingExampleMap:PersistentLevel' has LevelScriptBlueprint '/Game/FlyingBP/Maps/FlyingExampleMap.FlyingExampleMap:PersistentLevel.FlyingExampleMap' with GeneratedClass '/Game/FlyingBP/Maps/FlyingExampleMap.FlyingExampleMap_C' with ClassGeneratedBy '/Game/FlyingBP/Maps/FlyingExampleMap.FlyingExampleMap:PersistentLevel.FlyingExampleMap'
[2016.08.10-06.36.19:226][125]BlueprintLog: New page: Pre-Play auto-recompile
[2016.08.10-06.36.22:560][125]LogCrashTracker: 


[2016.08.10-06.36.22:560][125]LogCrashTracker: 


[2016.08.10-06.36.22:560][125]LogWindows:Error: === Critical error: ===
Fatal error!



[2016.08.10-06.36.22:607][125]LogExit: Executing StaticShutdownAfterError
[2016.08.10-06.36.22:612][125]LogWindows: FPlatformMisc::RequestExit(1)
[2016.08.10-06.36.22:612][125]Log file closed, 08/10/16 18:36:22
