Log file open, 08/10/16 22:55:33
LogInit:Display: Running engine for game: Paper_Plus_Christmas
LogPlatformFile: Not using cached read wrapper
LogInit:Display: RandInit(-334424519) SRandInit(-334424517).
LogTaskGraph: Started task graph with 4 named threads and 7 total threads with 1 sets of task threads.
LogStats: Stats thread started at 0.220115
LogInit: Version: 4.12.5-3039270+++UE4+Release-4.12
LogInit: API Version: 2992821
LogInit: Net Version: 3039270
LogDevObjectVersion: Number of dev versions registered: 13
LogDevObjectVersion:   Dev-Blueprints (B0D832E4-1F89-4F0D-ACCF-7EB736FD4AA2): 3
LogDevObjectVersion:   Dev-Build (E1C64328-A22C-4D53-A36C-8E866417BD8C): 0
LogDevObjectVersion:   Dev-Core (375EC13C-06E4-48FB-B500-84F0262A717E): 1
LogDevObjectVersion:   Dev-Editor (E4B068ED-F494-42E9-A231-DA0B2E46BB41): 2
LogDevObjectVersion:   Dev-Framework (CFFC743F-43B0-4480-9391-14DF171D2073): 6
LogDevObjectVersion:   Dev-Mobile (B02B49B5-BB20-44E9-A304-32B752E40360): 0
LogDevObjectVersion:   Dev-Networking (A4E4105C-59A1-49B5-A7C5-40C4547EDFEE): 0
LogDevObjectVersion:   Dev-Online (39C831C9-5AE6-47DC-9A44-9C173E1C8E7C): 0
LogDevObjectVersion:   Dev-Physics (78F01B33-EBEA-4F98-B9B4-84EACCB95AA2): 0
LogDevObjectVersion:   Dev-Platform (6631380F-2D4D-43E0-8009-CF276956A95A): 0
LogDevObjectVersion:   Dev-Rendering (12F88B9F-8875-4AFC-A67C-D90C383ABD29): 2
LogDevObjectVersion:   Dev-Sequencer (7B5AE74C-D270-4C10-A958-57980B212A5A): 0
LogDevObjectVersion:   Dev-VR (D7296918-1DD6-4BDD-9DE2-64A83CC13884): 0
LogInit: Compiled (64-bit): Jul  6 2016 09:09:46
LogInit: Compiled with Visual C++: 19.00.23026.00
LogInit: Build Configuration: Development
LogInit: Branch Name: ++UE4+Release-4.12
LogInit: Command line:  
LogInit: Base directory: E:/Program Files (x86)/Epic Games/4.12/Engine/Binaries/Win64/
LogInit: Installed Engine Build: 1
LogInit: Using libcurl 7.41.0
LogInit:  - built for x86_64-pc-win32
LogInit:  - supports SSL with WinSSL
LogInit:  - other features:
LogInit:      CURL_VERSION_SSL
LogInit:      CURL_VERSION_IPV6
LogInit:      CURL_VERSION_ASYNCHDNS
LogInit:      CURL_VERSION_LARGEFILE
LogInit:      CURL_VERSION_IDN
LogInit:  CurlRequestOptions (configurable via config and command line):
LogInit:  - bVerifyPeer = true  - Libcurl will verify peer certificate
LogInit:  - bUseHttpProxy = false  - Libcurl will NOT use HTTP proxy
LogInit:  - bDontReuseConnections = false  - Libcurl will reuse connections
LogInit:  - CertBundlePath = nullptr  - Libcurl will use whatever was configured at build time.
LogInit: Presizing for max 8388607 objects, including 0 objects not considered by GC, pre-allocating 0 bytes for permanent pool.
LogInit: Object subsystem initialized
[2016.08.10-10.55.33:279][  0]LogInit: Selected Device Profile: [Windows]
[2016.08.10-10.55.33:279][  0]LogInit: Applying CVar settings loaded from the selected device profile: [Windows]
[2016.08.10-10.55.33:302][  0]LogInit: Computer: DESKTOP-7582OSN
[2016.08.10-10.55.33:302][  0]LogInit: User: Daxadventures
[2016.08.10-10.55.33:302][  0]LogInit: CPU Page size=65536, Cores=4
[2016.08.10-10.55.33:302][  0]LogInit: High frequency timer resolution =3.312644 MHz
[2016.08.10-10.55.33:302][  0]LogMemory: Memory total: Physical=15.9GB (16GB approx)
[2016.08.10-10.55.33:302][  0]LogMemory: Platform Memory Stats for Windows
[2016.08.10-10.55.33:302][  0]LogMemory: Process Physical Memory: 189.89 MB used, 189.89 MB peak
[2016.08.10-10.55.33:302][  0]LogMemory: Process Virtual Memory: 194.89 MB used, 194.89 MB peak
[2016.08.10-10.55.33:302][  0]LogMemory: Physical Memory: 8206.02 MB used, 16274.07 MB total
[2016.08.10-10.55.33:302][  0]LogMemory: Virtual Memory: 553.87 MB used, 134217728.00 MB total
[2016.08.10-10.55.33:447][  0]LogTextLocalizationManager: No specific translations for ('en-NZ') exist, so ('en') translations will be used.
[2016.08.10-10.55.33:903][  0]LogD3D11RHI: D3D11 adapters:
[2016.08.10-10.55.33:929][  0]LogD3D11RHI:    0. 'NVIDIA GeForce GTX 760' (Feature Level 11_0)
[2016.08.10-10.55.33:929][  0]LogD3D11RHI:       2017/0/8137 MB DedicatedVideo/DedicatedSystem/SharedSystem, Outputs:1, VendorId:0x10de
[2016.08.10-10.55.33:939][  0]LogD3D11RHI:    1. 'Intel(R) HD Graphics 4600' (Feature Level 11_0)
[2016.08.10-10.55.33:940][  0]LogD3D11RHI:       112/0/8137 MB DedicatedVideo/DedicatedSystem/SharedSystem, Outputs:0, VendorId:0x8086
[2016.08.10-10.55.33:942][  0]LogD3D11RHI:    2. 'Microsoft Basic Render Driver' (Feature Level 11_0)
[2016.08.10-10.55.33:942][  0]LogD3D11RHI:       0/0/8137 MB DedicatedVideo/DedicatedSystem/SharedSystem, Outputs:0, VendorId:0x1414
[2016.08.10-10.55.33:942][  0]LogD3D11RHI: Chosen D3D11 Adapter: 0
[2016.08.10-10.55.33:946][  0]LogD3D11RHI: Creating new Direct3DDevice
[2016.08.10-10.55.33:946][  0]LogD3D11RHI:     GPU DeviceId: 0x1187 (for the marketing name, search the web for "GPU Device Id")
[2016.08.10-10.55.33:946][  0]LogWindows: EnumDisplayDevices:
[2016.08.10-10.55.33:946][  0]LogWindows:    0. 'NVIDIA GeForce GTX 760' (P:1 D:1)
[2016.08.10-10.55.33:946][  0]LogWindows:    1. 'NVIDIA GeForce GTX 760' (P:0 D:0)
[2016.08.10-10.55.33:946][  0]LogWindows:    2. 'NVIDIA GeForce GTX 760' (P:0 D:0)
[2016.08.10-10.55.33:946][  0]LogWindows:    3. 'NVIDIA GeForce GTX 760' (P:0 D:0)
[2016.08.10-10.55.33:947][  0]LogWindows:    4. 'Intel(R) HD Graphics 4600' (P:0 D:0)
[2016.08.10-10.55.33:947][  0]LogWindows:    5. 'Intel(R) HD Graphics 4600' (P:0 D:0)
[2016.08.10-10.55.33:947][  0]LogWindows:    6. 'Intel(R) HD Graphics 4600' (P:0 D:0)
[2016.08.10-10.55.33:947][  0]LogWindows: DebugString: PrimaryIsNotTheChoosenAdapter PrimaryIsNotTheChoosenAdapter PrimaryIsNotTheChoosenAdapter FoundDriverCount:4 
[2016.08.10-10.55.33:947][  0]LogD3D11RHI:     Adapter Name: NVIDIA GeForce GTX 760
[2016.08.10-10.55.33:947][  0]LogD3D11RHI:   Driver Version: 368.69 (internal:10.18.13.6869, unified:368.69)
[2016.08.10-10.55.33:947][  0]LogD3D11RHI:      Driver Date: 6-29-2016
[2016.08.10-10.55.33:947][  0]LogRHI: Texture pool is 1361 MB (70% of 1945 MB)
[2016.08.10-10.55.33:962][  0]LogD3D11RHI: Async texture creation enabled
[2016.08.10-10.55.33:971][  0]LogD3D11RHI: GPU Timing Frequency: 1000.000000 (Debug: 2 1)
[2016.08.10-10.55.33:972][  0]LogShaderCompilers: Guid format shader working directory is 4 characters bigger than the processId version (D:/Unreal Engine 4/Paper_Plus_Christmas 4.12/Intermediate/Shaders/WorkingDirectory/10156/).
[2016.08.10-10.55.33:972][  0]LogShaderCompilers: Cleaned the shader compiler working directory 'C:/Users/DAXADV~1/AppData/Local/Temp/UnrealShaderWorkingDir/E17E7DAA4C68C6F9CC71C3AAB7A9859B/'.
[2016.08.10-10.55.33:972][  0]LogShaderCompilers:Display: Using Local Shader Compiler.
[2016.08.10-10.55.38:825][  0]LogTemp:Display: Loaded TP AllDesktopTargetPlatform
[2016.08.10-10.55.38:835][  0]LogTemp:Display: Loaded TP WindowsClientTargetPlatform
[2016.08.10-10.55.38:845][  0]LogTemp:Display: Loaded TP WindowsNoEditorTargetPlatform
[2016.08.10-10.55.38:854][  0]LogTemp:Display: Loaded TP WindowsServerTargetPlatform
[2016.08.10-10.55.38:865][  0]LogTemp:Display: Loaded TP WindowsTargetPlatform
[2016.08.10-10.55.38:875][  0]LogTemp:Display: Loaded TP AndroidTargetPlatform
[2016.08.10-10.55.38:883][  0]LogTemp:Display: Loaded TP Android_ASTCTargetPlatform
[2016.08.10-10.55.38:892][  0]LogTemp:Display: Loaded TP Android_ATCTargetPlatform
[2016.08.10-10.55.38:900][  0]LogTemp:Display: Loaded TP Android_DXTTargetPlatform
[2016.08.10-10.55.38:908][  0]LogTemp:Display: Loaded TP Android_ETC1TargetPlatform
[2016.08.10-10.55.38:920][  0]LogTemp:Display: Loaded TP Android_ETC2TargetPlatform
[2016.08.10-10.55.38:939][  0]LogTemp:Display: Loaded TP Android_MultiTargetPlatform
[2016.08.10-10.55.38:939][  0]LogTemp:Display: Loaded TP Android_PVRTCTargetPlatform
[2016.08.10-10.55.38:951][  0]LogTemp:Display: Loaded TP HTML5TargetPlatform
[2016.08.10-10.55.39:031][  0]LogTemp:Display: Loaded TP IOSTargetPlatform
[2016.08.10-10.55.39:039][  0]LogTemp:Display: Loaded TP TVOSTargetPlatform
[2016.08.10-10.55.39:049][  0]LogTemp:Display: Loaded TP LinuxNoEditorTargetPlatform
[2016.08.10-10.55.39:057][  0]LogTemp:Display: Loaded TP LinuxServerTargetPlatform
[2016.08.10-10.55.39:082][  0]LogTemp:Display: Loaded TP LinuxTargetPlatform
[2016.08.10-10.55.39:082][  0]LogTargetPlatformManager:Display: Building Assets For Windows
[2016.08.10-10.55.39:680][  0]LogDerivedDataCache:Display: Max Cache Size: 512 MB
[2016.08.10-10.55.39:853][  0]LogDerivedDataCache: Loaded boot cache 0.17s 48MB C:/Users/Daxadventures/AppData/Local/UnrealEngine/4.12/DerivedDataCache/Boot.ddc.
[2016.08.10-10.55.39:853][  0]LogDerivedDataCache:Display: Loaded Boot cache: C:/Users/Daxadventures/AppData/Local/UnrealEngine/4.12/DerivedDataCache/Boot.ddc
[2016.08.10-10.55.39:853][  0]LogDerivedDataCache: FDerivedDataBackendGraph:  Pak pak cache file D:/Unreal Engine 4/Paper_Plus_Christmas 4.12/DerivedDataCache/DDC.ddp not found, will not use a pak cache.
[2016.08.10-10.55.39:853][  0]LogDerivedDataCache: Unable to find inner node Pak for hierarchical cache Hierarchy.
[2016.08.10-10.55.39:853][  0]LogDerivedDataCache: FDerivedDataBackendGraph:  CompressedPak pak cache file D:/Unreal Engine 4/Paper_Plus_Christmas 4.12/DerivedDataCache/Compressed.ddp not found, will not use a pak cache.
[2016.08.10-10.55.39:853][  0]LogDerivedDataCache: Unable to find inner node CompressedPak for hierarchical cache Hierarchy.
[2016.08.10-10.55.39:869][  0]LogDerivedDataCache:Display: Pak cache opened for reading ../../../Engine/DerivedDataCache/Compressed.ddp.
[2016.08.10-10.55.39:881][  0]LogDerivedDataCache: Using Local data cache path C:/Users/Daxadventures/AppData/Local/UnrealEngine/Common/DerivedDataCache: Writable
[2016.08.10-10.55.50:865][  0]LogInit: Selected Device Profile: [Windows]
[2016.08.10-10.55.50:866][  0]LogContentStreaming: Texture pool size is 0.00 MB
[2016.08.10-10.55.51:060][  0]LogMeshUtilities: No automatic mesh reduction module available
[2016.08.10-10.55.51:060][  0]LogMeshUtilities: No automatic mesh merging module available
[2016.08.10-10.55.51:060][  0]LogMeshUtilities: No distributed automatic mesh merging module available
[2016.08.10-10.55.51:537][  0]LogAssetRegistry: FAssetRegistry took 0.0218 seconds to start up
[2016.08.10-10.55.51:748][  0]LogPackageLocalizationCache: Processed 3 localized package path(s) for 2 prioritized culture(s) in 0.209580 seconds
[2016.08.10-10.55.51:752][  0]LogUObjectArray: 28739 objects as part of root set at end of initial load.
[2016.08.10-10.55.51:752][  0]LogUObjectAllocator: 5855632 out of 0 bytes used by permanent object pool.
[2016.08.10-10.55.51:752][  0]LogUObjectArray: CloseDisregardForGC: 0/0 objects in disregard for GC pool
[2016.08.10-10.55.51:758][  0]LogInit: WinSock: version 1.1 (2.2), MaxSocks=32767, MaxUdp=65467
[2016.08.10-10.55.55:282][  0]LogSlate: SlateFontCache - WITH_FREETYPE: 1, WITH_HARFBUZZ: 1
[2016.08.10-10.55.55:282][  0]LogSlate: SlateFontCache - WITH_FREETYPE: 1, WITH_HARFBUZZ: 1
[2016.08.10-10.56.30:003][  0]LogUdpMessaging: Initializing bridge on interface 0.0.0.0:0 to multicast group 230.0.0.1:6666.
[2016.08.10-10.56.31:199][  0]SourceControl: Info Source control is disabled
[2016.08.10-10.56.31:200][  0]SourceControl: Info Source control is disabled
[2016.08.10-10.56.31:227][  0]SourceControl: Info Source control is disabled
[2016.08.10-10.56.31:298][  0]SourceControl: Info Source control is disabled
[2016.08.10-10.56.32:463][  0]LogEngine: Initializing Engine...
[2016.08.10-10.56.32:715][  0]LogHMD: SteamVR failed to initialize.  Err: 110
[2016.08.10-10.56.32:716][  0]LogHMD: SteamVR failed to initialize.  Err: 110
[2016.08.10-10.56.32:881][  0]LogAIModule: Creating AISystem for world NewWorld
[2016.08.10-10.56.32:894][  0]LogInit: XAudio2 using 'Headset Earphone (Plantronics RIG)' : 2 channels at 44.1 kHz using 16 bits per sample (channel mask 0x3)
[2016.08.10-10.56.32:905][  0]LogInit: FAudioDevice initialized.
[2016.08.10-10.56.32:931][  0]LogDerivedDataCache: Saved boot cache 0.03s 48MB C:/Users/Daxadventures/AppData/Local/UnrealEngine/4.12/DerivedDataCache/Boot.ddc.
[2016.08.10-10.56.32:941][  0]LogInit: Texture streaming: Enabled
[2016.08.10-10.56.33:160][  0]LogInit: Transaction tracking system initialized
[2016.08.10-10.56.33:488][  0]BlueprintLog: New page: Editor Load
[2016.08.10-10.56.35:785][  0]LocalizationService: Info Localization service is disabled
[2016.08.10-10.56.36:661][  0]LogConsoleResponse:Display: 
[2016.08.10-10.56.38:253][  0]LogCook:Display: Max memory allowance for cook 8192mb
[2016.08.10-10.56.38:253][  0]LogCook:Display: Mobile HDR setting 1
[2016.08.10-10.56.39:054][  0]LogFileCache: Scanning file cache for directory 'D:/Unreal Engine 4/Paper_Plus_Christmas 4.12/Content/' took 0.01s
[2016.08.10-10.56.40:608][  0]SourceControl: Info Source control is disabled
[2016.08.10-10.56.40:608][  0]Cmd: MAP LOAD FILE="D:/Unreal Engine 4/Paper_Plus_Christmas 4.12/Content/FlyingBP/Maps/FlyingExampleMap.umap" TEMPLATE=0 SHOWPROGRESS=1 FEATURELEVEL=3
[2016.08.10-10.56.40:681][  0]LightingResults: New page: Lighting Build
[2016.08.10-10.56.40:683][  0]MapCheck: New page: Map Check
[2016.08.10-10.56.40:683][  0]LightingResults: New page: Lighting Build
[2016.08.10-10.56.40:961][  0]LogBlueprint:Warning: Compiler Warning Input Axis Event references unknown Axis 'LookUp' for  InputAxis LookUp 
[2016.08.10-10.56.40:961][  0]LogBlueprint:Warning: Compiler Warning Input Axis Event references unknown Axis 'Turn' for  InputAxis Turn 
[2016.08.10-10.56.40:968][  0]LogBlueprint:Warning: Compiler Warning [0069.14] Compile of FlyingPawn successful, but with 2 Warning(s) [in 22 ms] (/Game/FlyingBP/Blueprints/FlyingPawn.FlyingPawn)
[2016.08.10-10.56.40:968][  0]LogBlueprint:Warning: Compiler Warning [0069.14] Compile of FlyingPawn successful, but with 3 Warning(s) [in 0 ms] (/Game/FlyingBP/Blueprints/FlyingPawn.FlyingPawn)
[2016.08.10-10.56.40:968][  0]LogBlueprint:Warning: Compiler Warning [0069.14] Compile of FlyingPawn successful, but with 4 Warning(s) [in 0 ms] (/Game/FlyingBP/Blueprints/FlyingPawn.FlyingPawn)
[2016.08.10-10.56.40:989][  0]LogBlueprint:Warning: Compiler Warning Input Axis Event references unknown Axis 'LookUp' for  InputAxis LookUp 
[2016.08.10-10.56.40:989][  0]LogBlueprint:Warning: Compiler Warning Input Axis Event references unknown Axis 'Turn' for  InputAxis Turn 
[2016.08.10-10.56.40:999][  0]LogBlueprint:Warning: Compiler Warning [0069.17] Compile of FlyingPawn successful, but with 2 Warning(s) [in 24 ms] (/Game/FlyingBP/Blueprints/FlyingPawn.FlyingPawn)
[2016.08.10-10.56.40:999][  0]LogBlueprint:Warning: Compiler Warning [0069.17] Compile of FlyingPawn successful, but with 3 Warning(s) [in 0 ms] (/Game/FlyingBP/Blueprints/FlyingPawn.FlyingPawn)
[2016.08.10-10.56.40:999][  0]LogBlueprint:Warning: Compiler Warning [0069.17] Compile of FlyingPawn successful, but with 4 Warning(s) [in 0 ms] (/Game/FlyingBP/Blueprints/FlyingPawn.FlyingPawn)
[2016.08.10-10.56.42:090][  0]LogAIModule: Creating AISystem for world FlyingExampleMap
[2016.08.10-10.56.42:208][  0]LogEditorServer: Finished looking for orphan Actors (0.000 secs)
[2016.08.10-10.56.42:208][  0]Cmd: MAP CHECKDEP NOCLEARLOG
[2016.08.10-10.56.42:244][  0]MapCheck: Info Map check complete: 0 Error(s), 0 Warning(s), took 35.165ms to complete.
[2016.08.10-10.56.42:244][  0]LogFileHelpers: Loading map 'FlyingExampleMap' took 1.635
[2016.08.10-10.56.42:951][  0]LogCollectionManager: Loaded 0 collections in 0.001311 seconds
[2016.08.10-10.56.42:989][  0]LogFileCache: Scanning file cache for directory 'D:/Unreal Engine 4/Paper_Plus_Christmas 4.12/Saved/Collections/' took 0.01s
[2016.08.10-10.56.42:989][  0]LogFileCache: Scanning file cache for directory 'D:/Unreal Engine 4/Paper_Plus_Christmas 4.12/Content/Developers/Daxadventures/Collections/' took 0.01s
[2016.08.10-10.56.42:989][  0]LogFileCache: Scanning file cache for directory 'D:/Unreal Engine 4/Paper_Plus_Christmas 4.12/Content/Collections/' took 0.01s
[2016.08.10-10.56.42:989][  0]LogCollectionManager: Rebuilt the GUID cache for 0 collections in 0.000002 seconds
[2016.08.10-10.56.42:996][  0]LogContentBrowser: Native class hierarchy populated in 0.