Log file open, 08/10/16 18:36:36
LogInit:Display: Running engine for game: Paper_Plus_Christmas
LogPlatformFile: Not using cached read wrapper
LogInit:Display: RandInit(-738963438) SRandInit(-738963436).
LogTaskGraph: Started task graph with 4 named threads and 7 total threads with 1 sets of task threads.
LogStats: Stats thread started at 0.060581
LogInit: Version: 4.12.5-3039270+++UE4+Release-4.12
LogInit: API Version: 2992821
LogInit: Net Version: 3039270
LogDevObjectVersion: Number of dev versions registered: 13
LogDevObjectVersion:   Dev-Blueprints (B0D832E4-1F89-4F0D-ACCF-7EB736FD4AA2): 3
LogDevObjectVersion:   Dev-Build (E1C64328-A22C-4D53-A36C-8E866417BD8C): 0
LogDevObjectVersion:   Dev-Core (375EC13C-06E4-48FB-B500-84F0262A717E): 1
LogDevObjectVersion:   Dev-Editor (E4B068ED-F494-42E9-A231-DA0B2E46BB41): 2
LogDevObjectVersion:   Dev-Framework (CFFC743F-43B0-4480-9391-14DF171D2073): 6
LogDevObjectVersion:   Dev-Mobile (B02B49B5-BB20-44E9-A304-32B752E40360): 0
LogDevObjectVersion:   Dev-Networking (A4E4105C-59A1-49B5-A7C5-40C4547EDFEE): 0
LogDevObjectVersion:   Dev-Online (39C831C9-5AE6-47DC-9A44-9C173E1C8E7C): 0
LogDevObjectVersion:   Dev-Physics (78F01B33-EBEA-4F98-B9B4-84EACCB95AA2): 0
LogDevObjectVersion:   Dev-Platform (6631380F-2D4D-43E0-8009-CF276956A95A): 0
LogDevObjectVersion:   Dev-Rendering (12F88B9F-8875-4AFC-A67C-D90C383ABD29): 2
LogDevObjectVersion:   Dev-Sequencer (7B5AE74C-D270-4C10-A958-57980B212A5A): 0
LogDevObjectVersion:   Dev-VR (D7296918-1DD6-4BDD-9DE2-64A83CC13884): 0
LogInit: Compiled (64-bit): Jul  6 2016 09:09:46
LogInit: Compiled with Visual C++: 19.00.23026.00
LogInit: Build Configuration: Development
LogInit: Branch Name: ++UE4+Release-4.12
LogInit: Command line: 
LogInit: Base directory: I:/Unreal Engine 4/TOTALLY LEGIT FILES/4.12/Engine/Binaries/Win64/
LogInit: Installed Engine Build: 1
LogInit: Using libcurl 7.41.0
LogInit:  - built for x86_64-pc-win32
LogInit:  - supports SSL with WinSSL
LogInit:  - other features:
LogInit:      CURL_VERSION_SSL
LogInit:      CURL_VERSION_IPV6
LogInit:      CURL_VERSION_ASYNCHDNS
LogInit:      CURL_VERSION_LARGEFILE
LogInit:      CURL_VERSION_IDN
LogInit:  CurlRequestOptions (configurable via config and command line):
LogInit:  - bVerifyPeer = true  - Libcurl will verify peer certificate
LogInit:  - bUseHttpProxy = false  - Libcurl will NOT use HTTP proxy
LogInit:  - bDontReuseConnections = false  - Libcurl will reuse connections
LogInit:  - CertBundlePath = nullptr  - Libcurl will use whatever was configured at build time.
LogInit: Presizing for max 8388607 objects, including 0 objects not considered by GC, pre-allocating 0 bytes for permanent pool.
LogInit: Object subsystem initialized
[2016.08.10-06.36.36:478][  0]LogInit: Selected Device Profile: [Windows]
[2016.08.10-06.36.36:478][  0]LogInit: Applying CVar settings loaded from the selected device profile: [Windows]
[2016.08.10-06.36.36:484][  0]LogInit: Computer: 1806C020
[2016.08.10-06.36.36:484][  0]LogInit: User: danielpri6453
[2016.08.10-06.36.36:484][  0]LogInit: CPU Page size=65536, Cores=4
[2016.08.10-06.36.36:484][  0]LogInit: High frequency timer resolution =3.515673 MHz
[2016.08.10-06.36.36:484][  0]LogMemory: Memory total: Physical=15.9GB (16GB approx)
[2016.08.10-06.36.36:484][  0]LogMemory: Platform Memory Stats for Windows
[2016.08.10-06.36.36:484][  0]LogMemory: Process Physical Memory: 191.32 MB used, 191.32 MB peak
[2016.08.10-06.36.36:484][  0]LogMemory: Process Virtual Memory: 196.96 MB used, 196.96 MB peak
[2016.08.10-06.36.36:484][  0]LogMemory: Physical Memory: 4971.81 MB used, 16277.27 MB total
[2016.08.10-06.36.36:484][  0]LogMemory: Virtual Memory: 522.70 MB used, 8388608.00 MB total
[2016.08.10-06.36.36:510][  0]LogTextLocalizationManager: No specific translations for ('en-NZ') exist, so ('en') translations will be used.
[2016.08.10-06.36.36:847][  0]LogD3D11RHI: D3D11 adapters:
[2016.08.10-06.36.36:857][  0]LogD3D11RHI:    0. 'NVIDIA GeForce GTX 760' (Feature Level 11_0)
[2016.08.10-06.36.36:857][  0]LogD3D11RHI:       1990/0/2048 MB DedicatedVideo/DedicatedSystem/SharedSystem, Outputs:2, VendorId:0x10de
[2016.08.10-06.36.36:857][  0]LogD3D11RHI: Chosen D3D11 Adapter: 0
[2016.08.10-06.36.36:861][  0]LogD3D11RHI: Creating new Direct3DDevice
[2016.08.10-06.36.36:863][  0]LogD3D11RHI:     GPU DeviceId: 0x1187 (for the marketing name, search the web for "GPU Device Id")
[2016.08.10-06.36.36:863][  0]LogWindows: EnumDisplayDevices:
[2016.08.10-06.36.36:864][  0]LogWindows:    0. 'NVIDIA GeForce GTX 760' (P:0 D:1)
[2016.08.10-06.36.36:864][  0]LogWindows:    1. 'NVIDIA GeForce GTX 760' (P:1 D:1)
[2016.08.10-06.36.36:865][  0]LogWindows:    2. 'NVIDIA GeForce GTX 760' (P:0 D:0)
[2016.08.10-06.36.36:865][  0]LogWindows:    3. 'NVIDIA GeForce GTX 760' (P:0 D:0)
[2016.08.10-06.36.36:865][  0]LogWindows:    4. 'RDPDD Chained DD' (P:0 D:0)
[2016.08.10-06.36.36:865][  0]LogWindows:    5. 'RDP Encoder Mirror Driver' (P:0 D:0)
[2016.08.10-06.36.36:866][  0]LogWindows:    6. 'RDP Reflector Display Driver' (P:0 D:0)
[2016.08.10-06.36.36:866][  0]LogWindows:    7. 'Mirage Driver' (P:0 D:0)
[2016.08.10-06.36.36:866][  0]LogWindows: DebugString: GetVideoDriverDetailsInvalid PrimaryIsNotTheChoosenAdapter GetVideoDriverDetailsInvalid PrimaryIsNotTheChoosenAdapter GetVideoDriverDetailsInvalid PrimaryIsNotTheChoosenAdapter GetVideoDriverDetailsInvalid PrimaryIsNotTheChoosenAdapter FoundDriverCount:4 
[2016.08.10-06.36.36:866][  0]LogD3D11RHI:     Adapter Name: NVIDIA GeForce GTX 760
[2016.08.10-06.36.36:866][  0]LogD3D11RHI:   Driver Version: 347.88 (internal:9.18.13.4788, unified:347.88)
[2016.08.10-06.36.36:866][  0]LogD3D11RHI:      Driver Date: 3-13-2015
[2016.08.10-06.36.36:866][  0]LogRHI: Texture pool is 1361 MB (70% of 1945 MB)
[2016.08.10-06.36.36:872][  0]LogD3D11RHI: Async texture creation enabled
[2016.08.10-06.36.36:887][  0]LogD3D11RHI: GPU Timing Frequency: 1000.000000 (Debug: 2 2)
[2016.08.10-06.36.36:887][  0]LogShaderCompilers: Guid format shader working directory is -22 characters bigger than the processId version (D:/Users/daniel.pri6453/Documents/Unreal Projects/Paper_Plus_Christmas 4.12/Intermediate/Shaders/WorkingDirectory/2524/).
[2016.08.10-06.36.36:887][  0]LogShaderCompilers: Cleaned the shader compiler working directory 'D:/Users/DANIEL~1.PRI/AppData/Local/Temp/UnrealShaderWorkingDir/DA1E21F34581D38A2C74B1AA1D6CB85C/'.
[2016.08.10-06.36.36:887][  0]LogShaderCompilers:Display: Using Local Shader Compiler.
[2016.08.10-06.36.37:634][  0]LogTemp:Display: Loaded TP AllDesktopTargetPlatform
[2016.08.10-06.36.37:641][  0]LogTemp:Display: Loaded TP WindowsClientTargetPlatform
[2016.08.10-06.36.37:649][  0]LogTemp:Display: Loaded TP WindowsNoEditorTargetPlatform
[2016.08.10-06.36.37:656][  0]LogTemp:Display: Loaded TP WindowsServerTargetPlatform
[2016.08.10-06.36.37:663][  0]LogTemp:Display: Loaded TP WindowsTargetPlatform
[2016.08.10-06.36.37:670][  0]LogTemp:Display: Loaded TP AndroidTargetPlatform
[2016.08.10-06.36.37:677][  0]LogTemp:Display: Loaded TP Android_ASTCTargetPlatform
[2016.08.10-06.36.37:683][  0]LogTemp:Display: Loaded TP Android_ATCTargetPlatform
[2016.08.10-06.36.37:690][  0]LogTemp:Display: Loaded TP Android_DXTTargetPlatform
[2016.08.10-06.36.37:697][  0]LogTemp:Display: Loaded TP Android_ETC1TargetPlatform
[2016.08.10-06.36.37:704][  0]LogTemp:Display: Loaded TP Android_ETC2TargetPlatform
[2016.08.10-06.36.37:718][  0]LogTemp:Display: Loaded TP Android_MultiTargetPlatform
[2016.08.10-06.36.37:718][  0]LogTemp:Display: Loaded TP Android_PVRTCTargetPlatform
[2016.08.10-06.36.37:719][  0]LogTemp:Display: Failed to get target platform HTML5TargetPlatform
[2016.08.10-06.36.37:737][  0]LogTemp:Display: Loaded TP IOSTargetPlatform
[2016.08.10-06.36.37:743][  0]LogTemp:Display: Loaded TP TVOSTargetPlatform
[2016.08.10-06.36.37:749][  0]LogTemp:Display: Loaded TP LinuxNoEditorTargetPlatform
[2016.08.10-06.36.37:755][  0]LogTemp:Display: Loaded TP LinuxServerTargetPlatform
[2016.08.10-06.36.37:762][  0]LogTemp:Display: Loaded TP LinuxTargetPlatform
[2016.08.10-06.36.37:762][  0]LogTargetPlatformManager:Display: Building Assets For Windows
[2016.08.10-06.36.37:806][  0]LogDerivedDataCache:Display: Max Cache Size: 512 MB
[2016.08.10-06.36.37:844][  0]LogDerivedDataCache: Loaded boot cache 0.04s 48MB D:/Users/daniel.pri6453/AppData/Local/UnrealEngine/4.12/DerivedDataCache/Boot.ddc.
[2016.08.10-06.36.37:844][  0]LogDerivedDataCache:Display: Loaded Boot cache: D:/Users/daniel.pri6453/AppData/Local/UnrealEngine/4.12/DerivedDataCache/Boot.ddc
[2016.08.10-06.36.37:844][  0]LogDerivedDataCache: FDerivedDataBackendGraph:  Pak pak cache file D:/Users/daniel.pri6453/Documents/Unreal Projects/Paper_Plus_Christmas 4.12/DerivedDataCache/DDC.ddp not found, will not use a pak cache.
[2016.08.10-06.36.37:845][  0]LogDerivedDataCache: Unable to find inner node Pak for hierarchical cache Hierarchy.
[2016.08.10-06.36.37:845][  0]LogDerivedDataCache: FDerivedDataBackendGraph:  CompressedPak pak cache file D:/Users/daniel.pri6453/Documents/Unreal Projects/Paper_Plus_Christmas 4.12/DerivedDataCache/Compressed.ddp not found, will not use a pak cache.
[2016.08.10-06.36.37:845][  0]LogDerivedDataCache: Unable to find inner node CompressedPak for hierarchical cache Hierarchy.
[2016.08.10-06.36.37:858][  0]LogDerivedDataCache:Display: Pak cache opened for reading ../../../Engine/DerivedDataCache/Compressed.ddp.
[2016.08.10-06.36.37:869][  0]LogDerivedDataCache: Using Local data cache path D:/Users/daniel.pri6453/AppData/Local/UnrealEngine/Common/DerivedDataCache: Writable
[2016.08.10-06.36.37:995][  0]LogInit: Selected Device Profile: [Windows]
[2016.08.10-06.36.37:996][  0]LogContentStreaming: Texture pool size is 0.00 MB
[2016.08.10-06.36.38:114][  0]LogMeshUtilities: No automatic mesh reduction module available
[2016.08.10-06.36.38:114][  0]LogMeshUtilities: No automatic mesh merging module available
[2016.08.10-06.36.38:114][  0]LogMeshUtilities: No distributed automatic mesh merging module available
[2016.08.10-06.36.38:318][  0]LogAssetRegistry: FAssetRegistry took 0.0202 seconds to start up
[2016.08.10-06.36.38:330][  0]LogPackageLocalizationCache: Processed 3 localized package path(s) for 2 prioritized culture(s) in 0.011201 seconds
[2016.08.10-06.36.38:334][  0]LogUObjectArray: 28739 objects as part of root set at end of initial load.
[2016.08.10-06.36.38:334][  0]LogUObjectAllocator: 5855632 out of 0 bytes used by permanent object pool.
[2016.08.10-06.36.38:334][  0]LogUObjectArray: CloseDisregardForGC: 0/0 objects in disregard for GC pool
[2016.08.10-06.36.38:338][  0]LogInit: WinSock: version 1.1 (2.2), MaxSocks=32767, MaxUdp=65467
[2016.08.10-06.36.38:450][  0]LogSlate: SlateFontCache - WITH_FREETYPE: 1, WITH_HARFBUZZ: 1
[2016.08.10-06.36.38:450][  0]LogSlate: SlateFontCache - WITH_FREETYPE: 1, WITH_HARFBUZZ: 1
[2016.08.10-06.36.38:940][  0]LogUdpMessaging: Initializing bridge on interface 0.0.0.0:0 to multicast group 230.0.0.1:6666.
[2016.08.10-06.36.39:093][  0]SourceControl: Info Source control is disabled
[2016.08.10-06.36.39:094][  0]SourceControl: Info Source control is disabled
[2016.08.10-06.36.39:098][  0]SourceControl: Info Source control is disabled
[2016.08.10-06.36.39:102][  0]SourceControl: Info Source control is disabled
[2016.08.10-06.36.39:215][  0]LogEngine: Initializing Engine...
[2016.08.10-06.36.39:215][  0]LogHMD: SteamVR failed to initialize.  Err: 110
[2016.08.10-06.36.39:215][  0]LogHMD: SteamVR failed to initialize.  Err: 110
[2016.08.10-06.36.39:325][  0]LogAIModule: Creating AISystem for world NewWorld
[2016.08.10-06.36.39:328][  0]LogInit: XAudio2 using 'Speakers (Realtek High Definition Audio)' : 2 channels at 48 kHz using 32 bits per sample (channel mask 0x3)
[2016.08.10-06.36.39:344][  0]LogInit: FAudioDevice initialized.
[2016.08.10-06.36.39:363][  0]LogDerivedDataCache: Saved boot cache 0.02s 48MB D:/Users/daniel.pri6453/AppData/Local/UnrealEngine/4.12/DerivedDataCache/Boot.ddc.
[2016.08.10-06.36.39:366][  0]LogInit: Texture streaming: Enabled
[2016.08.10-06.36.39:378][  0]LogInit: Transaction tracking system initialized
[2016.08.10-06.36.39:390][  0]BlueprintLog: New page: Editor Load
[2016.08.10-06.36.39:432][  0]LocalizationService: Info Localization service is disabled
[2016.08.10-06.36.39:625][  0]LogConsoleResponse:Display: 
[2016.08.10-06.36.39:727][  0]LogCook:Display: Max memory allowance for cook 8192mb
[2016.08.10-06.36.39:727][  0]LogCook:Display: Mobile HDR setting 1
[2016.08.10-06.36.39:778][  0]LogFileCache: Scanning file cache for directory 'D:/Users/daniel.pri6453/Documents/Unreal Projects/Paper_Plus_Christmas 4.12/Content/' took 0.01s
[2016.08.10-06.36.39:778][  0]SourceControl: Info Source control is disabled
[2016.08.10-06.36.46:557][  0]Cmd: MAP LOAD FILE="D:/Users/daniel.pri6453/Documents/Unreal Projects/Paper_Plus_Christmas 4.12/Content/FlyingBP/Maps/FlyingExampleMap.umap" TEMPLATE=0 SHOWPROGRESS=1 FEATURELEVEL=3
[2016.08.10-06.36.46:559][  0]LightingResults: New page: Lighting Build
[2016.08.10-06.36.46:563][  0]MapCheck: New page: Map Check
[2016.08.10-06.36.46:563][  0]LightingResults: New page: Lighting Build
[2016.08.10-06.36.46:760][  0]LogBlueprint:Warning: Compiler Warning Input Axis Event references unknown Axis 'LookUp' for  InputAxis LookUp 
[2016.08.10-06.36.46:760][  0]LogBlueprint:Warning: Compiler Warning Input Axis Event references unknown Axis 'Turn' for  InputAxis Turn 
[2016.08.10-06.36.46:767][  0]LogBlueprint:Warning: Compiler Warning [0010.74] Compile of FlyingPawn successful, but with 2 Warning(s) [in 17 ms] (/Game/FlyingBP/Blueprints/FlyingPawn.FlyingPawn)
[2016.08.10-06.36.46:767][  0]LogBlueprint:Warning: Compiler Warning [0010.74] Compile of FlyingPawn successful, but with 3 Warning(s) [in 0 ms] (/Game/FlyingBP/Blueprints/FlyingPawn.FlyingPawn)
[2016.08.10-06.36.46:767][  0]LogBlueprint:Warning: Compiler Warning [0010.74] Compile of FlyingPawn successful, but with 4 Warning(s) [in 0 ms] (/Game/FlyingBP/Blueprints/FlyingPawn.FlyingPawn)
[2016.08.10-06.36.46:783][  0]LogBlueprint:Warning: Compiler Warning Input Axis Event references unknown Axis 'LookUp' for  InputAxis LookUp 
[2016.08.10-06.36.46:783][  0]LogBlueprint:Warning: Compiler Warning Input Axis Event references unknown Axis 'Turn' for  InputAxis Turn 
[2016.08.10-06.36.46:789][  0]LogBlueprint:Warning: Compiler Warning [0010.76] Compile of FlyingPawn successful, but with 2 Warning(s) [in 17 ms] (/Game/FlyingBP/Blueprints/FlyingPawn.FlyingPawn)
[2016.08.10-06.36.46:789][  0]LogBlueprint:Warning: Compiler Warning [0010.76] Compile of FlyingPawn successful, but with 3 Warning(s) [in 0 ms] (/Game/FlyingBP/Blueprints/FlyingPawn.FlyingPawn)
[2016.08.10-06.36.46:789][  0]LogBlueprint:Warning: Compiler Warning [0010.76] Compile of FlyingPawn successful, but with 4 Warning(s) [in 0 ms] (/Game/FlyingBP/Blueprints/FlyingPawn.FlyingPawn)
[2016.08.10-06.36.47:097][  0]LogAIModule: Creating AISystem for world FlyingExampleMap
[2016.08.10-06.36.47:110][  0]LogEditorServer: Finished looking for orphan Actors (0.000 secs)
[2016.08.10-06.36.47:110][  0]Cmd: MAP CHECKDEP NOCLEARLOG
[2016.08.10-06.36.47:135][  0]MapCheck: Info Map check complete: 0 Error(s), 0 Warning(s), took 24.75ms to complete.
[2016.08.10-06.36.47:135][  0]LogFileHelpers: Loading map 'FlyingExampleMap' took 0.578
[2016.08.10-06.36.47:214][  0]LogStats:Warning: MetaData mismatch. Did you assign a stat to two groups? New //STATGROUP_Threads//SplashScreenThread///Thread_7e8_0///####STATCAT_Advanced#### old //STATGROUP_Threads//SplashScreenThread///Thread_1b5c_0///####STATCAT_Advanced####
[2016.08.10-06.36.47:214][  0]LogCollectionManager: Loaded 0 collections in 0.001239 seconds
[2016.08.10-06.36.47:250][  0]LogFileCache: Scanning file cache for directory 'D:/Users/daniel.pri6453/Documents/Unreal Projects/Paper_Plus_Christmas 4.12/Saved/Collections/' took 0.01s
[2016.08.10-06.36.47:250][  0]LogFileCache: Scanning file cache for directory 'D:/Users/daniel.pri6453/Documents/Unreal Projects/Paper_Plus_Christmas 4.12/Content/Developers/danielpri6453/Collections/' took 0.01s
[2016.08.10-06.36.47:250][  0]LogFileCache: Scanning file cache for directory 'D:/Users/daniel.pri6453/Documents/Unreal Projects/Paper_Plus_Christmas 4.12/Content/Collections/' took 0.01s
[2016.08.10-06.36.47:250][  0]LogCollectionManager: Rebuilt the GUID cache for 0 collections in 0.000002 seconds
[2016.08.10-06.36.47:256][  0]LogContentBrowser: Native class hierarchy populated in 0.0064 seconds. Added 2047 classes and 369 folders.
[2016.08.10-06.36.47:259][  0]LogStats: UGameplayTagsManager::ConstructGameplayTagTree: Construct from data asset -  0.000 s
[2016.08.10-06.36.47:259][  0]LogStats: UGameplayTagsManager::ConstructGameplayTagTree: GameplayTagTreeChangedEvent.Broadcast -  0.000 s
[2016.08.10-06.36.47:259][  0]LogContentBrowser: Native class hierarchy updated for 'GameplayTags' in 0.0003 seconds. Added 12 classes and 0 folders.
[2016.08.10-06.36.47:262][  0]LogContentBrowser: Native class hierarchy updated for 'WidgetCarousel' in 0.0002 seconds. Added 0 classes and 0 folders.
[2016.08.10-06.36.47:266][  0]LogContentBrowser: Native class hierarchy updated for 'AddContentDialog' in 0.0002 seconds. Added 0 classes and 0 folders.
[2016.08.10-06.36.47:268][  0]LogContentBrowser: Native class hierarchy updated for 'SceneOutliner' in 0.0003 seconds. Added 1 classes and 2 folders.
[2016.08.10-06.36.47:279][  0]LogCrashTracker: Crashtracker disabled due to settings.
[2016.08.10-06.36.47:282][  0]LogUObjectGlobals:Warning: Failed to find object 'Class None.'
[2016.08.10-06.36.47:305][  0]LogContentBrowser: Native class hierarchy updated for 'HierarchicalLODOutliner' in 0.0003 seconds. Added 1 classes and 2 folders.
[2016.08.10-06.36.47:305][  0]LogLoad: Full Startup: 11.28 seconds (BP compile: 0.08 seconds)
[2016.08.10-06.36.47:305][  0]LogExternalProfiler: Found external profiler: VSPerf
[2016.08.10-06.36.47:305][  0]LogExternalProfiler: Using external profiler: VSPerf
[2016.08.10-06.36.47:314][  0]LogOcInput: OculusInput pre-init called
[2016.08.10-06.36.47:341][  0]LogContentStreaming: Texture pool size now 200 MB
[2016.08.10-06.36.47:472][  0]LogRenderer: Reallocating scene render targets to support 804x540 (Frame:2).
[2016.08.10-06.36.47:585][  1]LogAssetRegistry: Asset discovery search completed in 9.2872 seconds
[2016.08.10-06.36.47:585][  1]LogCollectionManager: Rebuilt the object cache for 0 collections in 0.000001 seconds (found 0 objects)
[2016.08.10-06.36.47:585][  1]LogCollectionManager: Fixed up redirectors for 0 collections in 0.000016 seconds (updated 0 objects)
[2016.08.10-06.36.48:707][122]LogEditorViewport: Clicking on Actor (LMB): FlyingPawn_C (FlyingPawn)
[2016.08.10-06.36.51:862][433]LogContentBrowser: Native class hierarchy updated for 'BlueprintGraph' in 0.0006 seconds. Added 111 classes and 0 folders.
[2016.08.10-06.37.06:776][322]LogBlueprintUserMessages: Early PlayInEditor Detection: Level '/Game/FlyingBP/Maps/FlyingExampleMap.FlyingExampleMap:PersistentLevel' has LevelScriptBlueprint '/Game/FlyingBP/Maps/FlyingExampleMap.FlyingExampleMap:PersistentLevel.FlyingExampleMap' with GeneratedClass '/Game/FlyingBP/Maps/FlyingExampleMap.FlyingExampleMap_C' with ClassGeneratedBy '/Game/FlyingBP/Maps/FlyingExampleMap.FlyingExampleMap:PersistentLevel.FlyingExampleMap'
[2016.08.10-06.37.06:776][322]BlueprintLog: New page: Pre-Play auto-recompile
[2016.08.10-06.37.06:799][322]LogPlayLevel: [PlayLevel] Compiling FlyingPawn before play...
[2016.08.10-06.37.06:846][322]LogBlueprint:Warning: Compiler Warning Input Axis Event references unknown Axis 'LookUp' for  InputAxis LookUp 
[2016.08.10-06.37.06:846][322]LogBlueprint:Warning: Compiler Warning Input Axis Event references unknown Axis 'Turn' for  InputAxis Turn 
[2016.08.10-06.37.06:852][322]LogBlueprint:Warning: Compiler Warning [0030.82] Compile of FlyingPawn successful, but with 2 Warning(s) [in 27 ms] (/Game/FlyingBP/Blueprints/FlyingPawn.FlyingPawn)
[2016.08.10-06.37.06:852][322]LogBlueprint:Warning: Compiler Warning [0030.82] Compile of FlyingPawn successful, but with 3 Warning(s) [in 0 ms] (/Game/FlyingBP/Blueprints/FlyingPawn.FlyingPawn)
[2016.08.10-06.37.06:852][322]LogBlueprint:Warning: Compiler Warning [0030.82] Compile of FlyingPawn successful, but with 4 Warning(s) [in 0 ms] (/Game/FlyingBP/Blueprints/FlyingPawn.FlyingPawn)
[2016.08.10-06.37.06:909][322]LogBlueprint:Warning: Compiler Warning [0030.88] Compile of FlyingPawn successful, but with 5 Warning(s) [in 56 ms] (/Game/FlyingBP/Blueprints/FlyingPawn.FlyingPawn)
[2016.08.10-06.37.06:914][322]LogBlueprint:Warning: Compiler Warning [0030.88] Compile of FlyingPawn successful, but with 6 Warning(s) [in 4 ms] (/Game/FlyingBP/Blueprints/FlyingPawn.FlyingPawn)
[2016.08.10-06.37.06:914][322]LogBlueprint:Warning: Compiler Warning [0030.88] Compile of FlyingPawn successful, but with 7 Warning(s) [in 0 ms] (/Game/FlyingBP/Blueprints/FlyingPawn.FlyingPawn)
[2016.08.10-06.37.06:914][322]LogPlayLevel: PlayLevel: Blueprint regeneration took 138 ms (1 blueprints)
[2016.08.10-06.37.06:947][322]PIE: New page: PIE session: FlyingExampleMap (11/08/2016 6:37:06 am)
[2016.08.10-06.37.06:948][322]LogPlayLevel: Creating play world package: /Game/FlyingBP/Maps/UEDPIE_0_FlyingExampleMap
[2016.08.10-06.37.06:993][322]LogPlayLevel: PIE: StaticDuplicateObject took: (0.045426s)
[2016.08.10-06.37.06:994][322]LogAIModule: Creating AISystem for world FlyingExampleMap
[2016.08.10-06.37.06:994][322]LogPlayLevel: PIE: World Init took: (0.000637s)
[2016.08.10-06.37.06:994][322]LogPlayLevel: PIE: Created PIE world by copying editor world from /Game/FlyingBP/Maps/FlyingExampleMap.FlyingExampleMap to /Game/FlyingBP/Maps/UEDPIE_0_FlyingExampleMap.FlyingExampleMap (0.046280s)
[2016.08.10-06.37.07:033][322]LogInit: XAudio2 using 'Speakers (Realtek High Definition Audio)' : 2 channels at 48 kHz using 32 bits per sample (channel mask 0x3)
[2016.08.10-06.37.07:038][322]LogInit: FAudioDevice initialized.
[2016.08.10-06.37.07:122][322]LogWorld: Game class is 'FlyingGameMode_C'
[2016.08.10-06.37.07:128][322]LogWorld: Bringing World /Game/FlyingBP/Maps/UEDPIE_0_FlyingExampleMap.FlyingExampleMap up for play (max tick rate 0) at 2016.08.10-18.37.07
[2016.08.10-06.37.07:128][322]LogWorld: Bringing up level for play took: 0.005229
[2016.08.10-06.37.07:132][322]LogContentBrowser: Native class hierarchy updated for 'MovieSceneCapture' in 0.0004 seconds. Added 11 classes and 0 folders.
[2016.08.10-06.37.07:133][322]PIE: Info Play in editor start time for /Game/FlyingBP/Maps/UEDPIE_0_FlyingExampleMap 1.16
[2016.08.10-06.37.07:133][322]LogBlueprintUserMessages: Late PlayInEditor Detection: Level '/Game/FlyingBP/Maps/FlyingExampleMap.FlyingExampleMap:PersistentLevel' has LevelScriptBlueprint '/Game/FlyingBP/Maps/FlyingExampleMap.FlyingExampleMap:PersistentLevel.FlyingExampleMap' with GeneratedClass '/Game/FlyingBP/Maps/FlyingExampleMap.FlyingExampleMap_C' with ClassGeneratedBy '/Game/FlyingBP/Maps/FlyingExampleMap.FlyingExampleMap:PersistentLevel.FlyingExampleMap'
[2016.08.10-06.37.19:473][796]LogBlueprintUserMessages: Early EndPlayMap Detection: Level '/Game/FlyingBP/Maps/FlyingExampleMap.FlyingExampleMap:PersistentLevel' has LevelScriptBlueprint '/Game/FlyingBP/Maps/FlyingExampleMap.FlyingExampleMap:PersistentLevel.FlyingExampleMap' with GeneratedClass '/Game/FlyingBP/Maps/FlyingExampleMap.FlyingExampleMap_C' with ClassGeneratedBy '/Game/FlyingBP/Maps/FlyingExampleMap.FlyingExampleMap:PersistentLevel.FlyingExampleMap'
[2016.08.10-06.37.19:516][796]LogBlueprintUserMessages: Late EndPlayMap Detection: Level '/Game/FlyingBP/Maps/FlyingExampleMap.FlyingExampleMap:PersistentLevel' has LevelScriptBlueprint '/Game/FlyingBP/Maps/FlyingExampleMap.FlyingExampleMap:PersistentLevel.FlyingExampleMap' with GeneratedClass '/Game/FlyingBP/Maps/FlyingExampleMap.FlyingExampleMap_C' with ClassGeneratedBy '/Game/FlyingBP/Maps/FlyingExampleMap.FlyingExampleMap:PersistentLevel.FlyingExampleMap'
[2016.08.10-06.37.35:418][865]LogBlueprintUserMessages: Early PlayInEditor Detection: Level '/Game/FlyingBP/Maps/FlyingExampleMap.FlyingExampleMap:PersistentLevel' has LevelScriptBlueprint '/Game/FlyingBP/Maps/FlyingExampleMap.FlyingExampleMap:PersistentLevel.FlyingExampleMap' with GeneratedClass '/Game/FlyingBP/Maps/FlyingExampleMap.FlyingExampleMap_C' with ClassGeneratedBy '/Game/FlyingBP/Maps/FlyingExampleMap.FlyingExampleMap:PersistentLevel.FlyingExampleMap'
[2016.08.10-06.37.35:419][865]BlueprintLog: New page: Pre-Play auto-recompile
[2016.08.10-06.37.35:438][865]LogPlayLevel: [PlayLevel] Compiling FlyingPawn before play...
[2016.08.10-06.37.35:485][865]LogBlueprint:Warning: Compiler Warning Input Axis Event references unknown Axis 'LookUp' for  InputAxis LookUp 
[2016.08.10-06.37.35:485][865]LogBlueprint:Warning: Compiler Warning Input Axis Event references unknown Axis 'Turn' for  InputAxis Turn 
[2016.08.10-06.37.35:490][865]LogBlueprint:Warning: Compiler Warning [0059.46] Compile of FlyingPawn successful, but with 2 Warning(s) [in 25 ms] (/Game/FlyingBP/Blueprints/FlyingPawn.FlyingPawn)
[2016.08.10-06.37.35:491][865]LogBlueprint:Warning: Compiler Warning [0059.46] Compile of FlyingPawn successful, but with 3 Warning(s) [in 0 ms] (/Game/FlyingBP/Blueprints/FlyingPawn.FlyingPawn)
[2016.08.10-06.37.35:491][865]LogBlueprint:Warning: Compiler Warning [0059.46] Compile of FlyingPawn successful, but with 4 Warning(s) [in 0 ms] (/Game/FlyingBP/Blueprints/FlyingPawn.FlyingPawn)
[2016.08.10-06.37.35:541][865]LogBlueprint:Warning: Compiler Warning [0059.51] Compile of FlyingPawn successful, but with 5 Warning(s) [in 50 ms] (/Game/FlyingBP/Blueprints/FlyingPawn.FlyingPawn)
[2016.08.10-06.37.35:546][865]LogBlueprint:Warning: Compiler Warning [0059.51] Compile of FlyingPawn successful, but with 6 Warning(s) [in 5 ms] (/Game/FlyingBP/Blueprints/FlyingPawn.FlyingPawn)
[2016.08.10-06.37.35:546][865]LogBlueprint:Warning: Compiler Warning [0059.51] Compile of FlyingPawn successful, but with 7 Warning(s) [in 0 ms] (/Game/FlyingBP/Blueprints/FlyingPawn.FlyingPawn)
[2016.08.10-06.37.35:546][865]LogPlayLevel: PlayLevel: Blueprint regeneration took 127 ms (1 blueprints)
[2016.08.10-06.37.35:562][865]PIE: New page: PIE session: FlyingExampleMap (11/08/2016 6:37:35 am)
[2016.08.10-06.37.35:562][865]LogPlayLevel: Creating play world package: /Game/FlyingBP/Maps/UEDPIE_0_FlyingExampleMap
[2016.08.10-06.37.35:600][865]LogPlayLevel: PIE: StaticDuplicateObject took: (0.037362s)
[2016.08.10-06.37.35:600][865]LogAIModule: Creating AISystem for world FlyingExampleMap
[2016.08.10-06.37.35:600][865]LogPlayLevel: PIE: World Init took: (0.000714s)
[2016.08.10-06.37.35:600][865]LogPlayLevel: PIE: Created PIE world by copying editor world from /Game/FlyingBP/Maps/FlyingExampleMap.FlyingExampleMap to /Game/FlyingBP/Maps/UEDPIE_0_FlyingExampleMap.FlyingExampleMap (0.038269s)
[2016.08.10-06.37.35:641][865]LogInit: XAudio2 using 'Speakers (Realtek High Definition Audio)' : 2 channels at 48 kHz using 32 bits per sample (channel mask 0x3)
[2016.08.10-06.37.35:649][865]LogInit: FAudioDevice initialized.
[2016.08.10-06.37.35:715][865]LogWorld: Game class is 'FlyingGameMode_C'
[2016.08.10-06.37.35:721][865]LogWorld: Bringing World /Game/FlyingBP/Maps/UEDPIE_0_FlyingExampleMap.FlyingExampleMap up for play (max tick rate 0) at 2016.08.10-18.37.35
[2016.08.10-06.37.35:721][865]LogWorld: Bringing up level for play took: 0.005449
[2016.08.10-06.37.35:722][865]PIE: Info Play in editor start time for /Game/FlyingBP/Maps/UEDPIE_0_FlyingExampleMap -0.252
[2016.08.10-06.37.35:722][865]LogBlueprintUserMessages: Late PlayInEditor Detection: Level '/Game/FlyingBP/Maps/FlyingExampleMap.FlyingExampleMap:PersistentLevel' has LevelScriptBlueprint '/Game/FlyingBP/Maps/FlyingExampleMap.FlyingExampleMap:PersistentLevel.FlyingExampleMap' with GeneratedClass '/Game/FlyingBP/Maps/FlyingExampleMap.FlyingExampleMap_C' with ClassGeneratedBy '/Game/FlyingBP/Maps/FlyingExampleMap.FlyingExampleMap:PersistentLevel.FlyingExampleMap'
[2016.08.10-06.37.41:349][537]LogBlueprintUserMessages: Early EndPlayMap Detection: Level '/Game/FlyingBP/Maps/FlyingExampleMap.FlyingExampleMap:PersistentLevel' has LevelScriptBlueprint '/Game/FlyingBP/Maps/FlyingExampleMap.FlyingExampleMap:PersistentLevel.FlyingExampleMap' with GeneratedClass '/Game/FlyingBP/Maps/FlyingExampleMap.FlyingExampleMap_C' with ClassGeneratedBy '/Game/FlyingBP/Maps/FlyingExampleMap.FlyingExampleMap:PersistentLevel.FlyingExampleMap'
[2016.08.10-06.37.41:386][537]LogBlueprintUserMessages: Late EndPlayMap Detection: Level '/Game/FlyingBP/Maps/FlyingExampleMap.FlyingExampleMap:PersistentLevel' has LevelScriptBlueprint '/Game/FlyingBP/Maps/FlyingExampleMap.FlyingExampleMap:PersistentLevel.FlyingExampleMap' with GeneratedClass '/Game/FlyingBP/Maps/FlyingExampleMap.FlyingExampleMap_C' with ClassGeneratedBy '/Game/FlyingBP/Maps/FlyingExampleMap.FlyingExampleMap:PersistentLevel.FlyingExampleMap'
[2016.08.10-06.37.51:945][180]LogBlueprintUserMessages: Early PlayInEditor Detection: Level '/Game/FlyingBP/Maps/FlyingExampleMap.FlyingExampleMap:PersistentLevel' has LevelScriptBlueprint '/Game/FlyingBP/Maps/FlyingExampleMap.FlyingExampleMap:PersistentLevel.FlyingExampleMap' with GeneratedClass '/Game/FlyingBP/Maps/FlyingExampleMap.FlyingExampleMap_C' with ClassGeneratedBy '/Game/FlyingBP/Maps/FlyingExampleMap.FlyingExampleMap:PersistentLevel.FlyingExampleMap'
[2016.08.10-06.37.51:945][180]BlueprintLog: New page: Pre-Play auto-recompile
[2016.08.10-06.37.51:966][180]LogPlayLevel: [PlayLevel] Compiling FlyingPawn before play...
[2016.08.10-06.37.52:013][180]LogBlueprint:Warning: Compiler Warning Input Axis Event references unknown Axis 'LookUp' for  InputAxis LookUp 
[2016.08.10-06.37.52:014][180]LogBlueprint:Warning: Compiler Warning Input Axis Event references unknown Axis 'Turn' for  InputAxis Turn 
[2016.08.10-06.37.52:020][180]LogBlueprint:Warning: Compiler Warning [0075.99] Compile of FlyingPawn successful, but with 2 Warning(s) [in 27 ms] (/Game/FlyingBP/Blueprints/FlyingPawn.FlyingPawn)
[2016.08.10-06.37.52:020][180]LogBlueprint:Warning: Compiler Warning [0075.99] Compile of FlyingPawn successful, but with 3 Warning(s) [in 0 ms] (/Game/FlyingBP/Blueprints/FlyingPawn.FlyingPawn)
[2016.08.10-06.37.52:020][180]LogBlueprint:Warning: Compiler Warning [0075.99] Compile of FlyingPawn successful, but with 4 Warning(s) [in 0 ms] (/Game/FlyingBP/Blueprints/FlyingPawn.FlyingPawn)
[2016.08.10-06.37.52:071][180]LogBlueprint:Warning: Compiler Warning [0076.04] Compile of FlyingPawn successful, but with 5 Warning(s) [in 50 ms] (/Game/FlyingBP/Blueprints/FlyingPawn.FlyingPawn)
[2016.08.10-06.37.52:076][180]LogBlueprint:Warning: Compiler Warning [0076.04] Compile of FlyingPawn successful, but with 6 Warning(s) [in 5 ms] (/Game/FlyingBP/Blueprints/FlyingPawn.FlyingPawn)
[2016.08.10-06.37.52:076][180]LogBlueprint:Warning: Compiler Warning [0076.04] Compile of FlyingPawn successful, but with 7 Warning(s) [in 0 ms] (/Game/FlyingBP/Blueprints/FlyingPawn.FlyingPawn)
[2016.08.10-06.37.52:076][180]LogPlayLevel: PlayLevel: Blueprint regeneration took 131 ms (1 blueprints)
[2016.08.10-06.37.52:092][180]PIE: New page: PIE session: FlyingExampleMap (11/08/2016 6:37:52 am)
[2016.08.10-06.37.52:092][180]LogPlayLevel: Creating play world package: /Game/FlyingBP/Maps/UEDPIE_0_FlyingExampleMap
[2016.08.10-06.37.52:128][180]LogPlayLevel: PIE: StaticDuplicateObject took: (0.036383s)
[2016.08.10-06.37.52:129][180]LogAIModule: Creating AISystem for world FlyingExampleMap
[2016.08.10-06.37.52:129][180]LogPlayLevel: PIE: World Init took: (0.000680s)
[2016.08.10-06.37.52:129][180]LogPlayLevel: PIE: Created PIE world by copying editor world from /Game/FlyingBP/Maps/FlyingExampleMap.FlyingExampleMap to /Game/FlyingBP/Maps/UEDPIE_0_FlyingExampleMap.FlyingExampleMap (0.037286s)
[2016.08.10-06.37.52:166][180]LogInit: XAudio2 using 'Speakers (Realtek High Definition Audio)' : 2 channels at 48 kHz using 32 bits per sample (channel mask 0x3)
[2016.08.10-06.37.52:172][180]LogInit: FAudioDevice initialized.
[2016.08.10-06.37.52:228][180]LogWorld: Game class is 'FlyingGameMode_C'
[2016.08.10-06.37.52:236][180]LogWorld: Bringing World /Game/FlyingBP/Maps/UEDPIE_0_FlyingExampleMap.FlyingExampleMap up for play (max tick rate 0) at 2016.08.10-18.37.52
[2016.08.10-06.37.52:236][180]LogWorld: Bringing up level for play took: 0.007142
[2016.08.10-06.37.52:237][180]PIE: Info Play in editor start time for /Game/FlyingBP/Maps/UEDPIE_0_FlyingExampleMap 0.263
[2016.08.10-06.37.52:237][180]LogBlueprintUserMessages: Late PlayInEditor Detection: Level '/Game/FlyingBP/Maps/FlyingExampleMap.FlyingExampleMap:PersistentLevel' has LevelScriptBlueprint '/Game/FlyingBP/Maps/FlyingExampleMap.FlyingExampleMap:PersistentLevel.FlyingExampleMap' with GeneratedClass '/Game/FlyingBP/Maps/FlyingExampleMap.FlyingExampleMap_C' with ClassGeneratedBy '/Game/FlyingBP/Maps/FlyingExampleMap.FlyingExampleMap:PersistentLevel.FlyingExampleMap'
[2016.08.10-06.38.04:394][635]LogBlueprintUserMessages: Early EndPlayMap Detection: Level '/Game/FlyingBP/Maps/FlyingExampleMap.FlyingExampleMap:PersistentLevel' has LevelScriptBlueprint '/Game/FlyingBP/Maps/FlyingExampleMap.FlyingExampleMap:PersistentLevel.FlyingExampleMap' with GeneratedClass '/Game/FlyingBP/Maps/FlyingExampleMap.FlyingExampleMap_C' with ClassGeneratedBy '/Game/FlyingBP/Maps/FlyingExampleMap.FlyingExampleMap:PersistentLevel.FlyingExampleMap'
[2016.08.10-06.38.04:437][635]LogBlueprintUserMessages: Late EndPlayMap Detection: Level '/Game/FlyingBP/Maps/FlyingExampleMap.FlyingExampleMap:PersistentLevel' has LevelScriptBlueprint '/Game/FlyingBP/Maps/FlyingExampleMap.FlyingExampleMap:PersistentLevel.FlyingExampleMap' with GeneratedClass '/Game/FlyingBP/Maps/FlyingExampleMap.FlyingExampleMap_C' with ClassGeneratedBy '/Game/FlyingBP/Maps/FlyingExampleMap.FlyingExampleMap:PersistentLevel.FlyingExampleMap'
[2016.08.10-06.42.45:807][308]LogActorFactory: Actor Factory created house_1
[2016.08.10-06.42.46:151][347]LogActorFactory: Actor Factory created house_1
[2016.08.10-06.42.58:776][278]LogRenderer: Reallocating scene render targets to support 804x668 (Frame:15716).
[2016.08.10-06.43.08:592][108]LogMetaData: Removing '/Game/OBJ/house_1_Blueprint.house_1_Blueprint:UserConstructionScript.K2Node_FunctionEntry_0' ref from Metadata '/Game/house_1_Blueprint.PackageMetaData'
[2016.08.10-06.43.08:592][108]LogMetaData: Removing '/Game/OBJ/house_1_Blueprint.SKEL_house_1_Blueprint_C' ref from Metadata '/Game/house_1_Blueprint.PackageMetaData'
[2016.08.10-06.43.08:592][108]LogMetaData: Removing '/Game/OBJ/house_1_Blueprint.house_1_Blueprint_C' ref from Metadata '/Game/house_1_Blueprint.PackageMetaData'
[2016.08.10-06.43.08:592][108]LogMetaData: Removing '/Game/OBJ/house_1_Blueprint.house_1_Blueprint:EventGraph.K2Node_Event_0' ref from Metadata '/Game/house_1_Blueprint.PackageMetaData'
[2016.08.10-06.43.08:592][108]LogMetaData: Removing '/Game/OBJ/house_1_Blueprint.house_1_Blueprint:EventGraph.K2Node_Event_1' ref from Metadata '/Game/house_1_Blueprint.PackageMetaData'
[2016.08.10-06.43.08:592][108]LogMetaData: Removing '/Game/OBJ/house_1_Blueprint.house_1_Blueprint:EventGraph.K2Node_Event_2' ref from Metadata '/Game/house_1_Blueprint.PackageMetaData'
[2016.08.10-06.43.08:592][108]LogMetaData: Removing '/Game/OBJ/house_1_Blueprint.SKEL_house_1_Blueprint_C:UserConstructionScript' ref from Metadata '/Game/house_1_Blueprint.PackageMetaData'
[2016.08.10-06.43.08:592][108]LogMetaData: Removing '/Game/OBJ/house_1_Blueprint.house_1_Blueprint_C:UserConstructionScript' ref from Metadata '/Game/house_1_Blueprint.PackageMetaData'
[2016.08.10-06.43.08:634][108]Cmd: OBJ SAVEPACKAGE PACKAGE="/Game/OBJ/house_1_Blueprint" FILE="D:/Users/daniel.pri6453/Documents/Unreal Projects/Paper_Plus_Christmas 4.12/Content/OBJ/house_1_Blueprint.uasset" SILENT=true
[2016.08.10-06.43.08:645][108]LogSavePackage: Save=9.74ms
[2016.08.10-06.43.08:645][108]LogSavePackage: Moving 'D:/Users/daniel.pri6453/Documents/Unreal Projects/Paper_Plus_Christmas 4.12/Saved/house_1_BlueprintE38CB9D94596F8932BE353A24AB4F472.tmp' to 'D:/Users/daniel.pri6453/Documents/Unreal Projects/Paper_Plus_Christmas 4.12/Content/OBJ/house_1_Blueprint.uasset'
[2016.08.10-06.43.08:645][108]LogSavePackage:Display: Finished SavePackage D:/Users/daniel.pri6453/Documents/Unreal Projects/Paper_Plus_Christmas 4.12/Content/OBJ/house_1_Blueprint.uasset
[2016.08.10-06.44.40:846][ 29]Cmd: OBJ SAVEPACKAGE PACKAGE="/Game/OBJ/house_1_Blueprint" FILE="D:/Users/daniel.pri6453/Documents/Unreal Projects/Paper_Plus_Christmas 4.12/Content/OBJ/house_1_Blueprint.uasset" SILENT=true
[2016.08.10-06.44.40:858][ 29]LogSavePackage: Save=9.73ms
[2016.08.10-06.44.40:858][ 29]LogSavePackage: Moving 'D:/Users/daniel.pri6453/Documents/Unreal Projects/Paper_Plus_Christmas 4.12/Saved/house_1_Blueprint13A55CDE460C603DAD31CBB8DC411E54.tmp' to 'D:/Users/daniel.pri6453/Documents/Unreal Projects/Paper_Plus_Christmas 4.12/Content/OBJ/house_1_Blueprint.uasset'
[2016.08.10-06.44.40:858][ 29]LogSavePackage:Display: Finished SavePackage D:/Users/daniel.pri6453/Documents/Unreal Projects/Paper_Plus_Christmas 4.12/Content/OBJ/house_1_Blueprint.uasset
[2016.08.10-06.44.47:411][635]LogRenderer: Reallocating scene render targets to support 952x868 (Frame:34963).
[2016.08.10-06.44.55:085][410]LogEditorViewport: Clicking on Actor (LMB): StaticMeshActor (Floor)
[2016.08.10-06.44.59:936][985]LogEditorViewport: Clicking on Actor (LMB): house_1_Blueprint_C (house_1_Blueprint)
[2016.08.10-06.45.06:369][750]Cmd: DELETE
[2016.08.10-06.45.06:369][750]Cmd: ACTOR DELETE
[2016.08.10-06.45.06:480][750]LogEditorActor: Deleted Actor: house_1_Blueprint_C
[2016.08.10-06.45.06:498][750]LogEditorActor: Deleted 1 Actors (0.050 secs)
[2016.08.10-06.45.12:155][389]LogActorFactory: Actor Factory created house_2
[2016.08.10-06.45.12:991][488]LogActorFactory: Actor Factory created house_2
[2016.08.10-06.46.42:278][382]Cmd: OBJ SAVEPACKAGE PACKAGE="/Game/OBJ/house_2_Blueprint" FILE="D:/Users/daniel.pri6453/Documents/Unreal Projects/Paper_Plus_Christmas 4.12/Content/OBJ/house_2_Blueprint.uasset" SILENT=true
[2016.08.10-06.46.42:288][382]LogSavePackage: Save=10.00ms
[2016.08.10-06.46.42:289][382]LogSavePackage: Moving 'D:/Users/daniel.pri6453/Documents/Unreal Projects/Paper_Plus_Christmas 4.12/Saved/house_2_Blueprint0A9D44244288DA908C6213A5ED913848.tmp' to 'D:/Users/daniel.pri6453/Documents/Unreal Projects/Paper_Plus_Christmas 4.12/Content/OBJ/house_2_Blueprint.uasset'
[2016.08.10-06.46.42:289][382]LogSavePackage:Display: Finished SavePackage D:/Users/daniel.pri6453/Documents/Unreal Projects/Paper_Plus_Christmas 4.12/Content/OBJ/house_2_Blueprint.uasset
[2016.08.10-06.46.43:685][467]BlueprintLog: New page: Compile house_2_Blueprint
[2016.08.10-06.46.43:928][467]BlueprintEditorCompileResults: Info [0607.91] Compile of house_2_Blueprint successful! [in 236 ms] (/Game/OBJ/house_2_Blueprint.house_2_Blueprint)
[2016.08.10-06.46.49:597][ 25]LogEditorActor: Deleted Actor: house_2_Blueprint_C
[2016.08.10-06.46.49:609][ 25]LogEditorActor: Deleted 1 Actors (0.023 secs)
[2016.08.10-06.47.19:309][256]LogSavePackage: Save=343.32ms
[2016.08.10-06.47.19:309][256]LogSavePackage: Moving 'D:/Users/daniel.pri6453/Documents/Unreal Projects/Paper_Plus_Christmas 4.12/Saved/FlyingExampleMap_Auto1D95112084CF58C2FF045158B84C0BE7E.tmp' to 'D:/Users/daniel.pri6453/Documents/Unreal Projects/Paper_Plus_Christmas 4.12/Saved/Autosaves/Game/FlyingBP/Maps/FlyingExampleMap_Auto1.umap'
[2016.08.10-06.47.19:311][256]LogSavePackage:Display: Finished SavePackage D:/Users/daniel.pri6453/Documents/Unreal Projects/Paper_Plus_Christmas 4.12/Saved/Autosaves/Game/FlyingBP/Maps/FlyingExampleMap_Auto1.umap
[2016.08.10-06.47.19:312][256]LogFileHelpers: Editor autosave (incl. sublevels) for '/Game/FlyingBP/Maps/FlyingExampleMap' took 0.373
[2016.08.10-06.47.19:312][256]LogFileHelpers: Editor autosave (incl. sublevels) for all levels took 0.373
[2016.08.10-06.47.19:314][256]OBJ SavePackage: Generating thumbnails for [1] asset(s) in package [/Game/FlyingBP/Blueprints/FlyingPawn] ([1] browsable assets)...
[2016.08.10-06.47.19:326][256]OBJ SavePackage:     Rendered thumbnail for [Blueprint /Game/FlyingBP/Blueprints/FlyingPawn.FlyingPawn]
[2016.08.10-06.47.19:326][256]OBJ SavePackage: Finished generating thumbnails for package [/Game/FlyingBP/Blueprints/FlyingPawn]
[2016.08.10-06.47.19:429][256]LogSavePackage: Save=100.75ms
[2016.08.10-06.47.19:429][256]LogSavePackage: Moving 'D:/Users/daniel.pri6453/Documents/Unreal Projects/Paper_Plus_Christmas 4.12/Saved/FlyingPawn_Auto152863ED345A3EA6B423B3996A6E53945.tmp' to 'D:/Users/daniel.pri6453/Documents/Unreal Projects/Paper_Plus_Christmas 4.12/Saved/Autosaves/Game/FlyingBP/Blueprints/FlyingPawn_Auto1.uasset'
[2016.08.10-06.47.19:429][256]LogSavePackage:Display: Finished SavePackage D:/Users/daniel.pri6453/Documents/Unreal Projects/Paper_Plus_Christmas 4.12/Saved/Autosaves/Game/FlyingBP/Blueprints/FlyingPawn_Auto1.uasset
[2016.08.10-06.47.19:430][256]LogSavePackage: Save=0.44ms
[2016.08.10-06.47.19:430][256]LogSavePackage: Moving 'D:/Users/daniel.pri6453/Documents/Unreal Projects/Paper_Plus_Christmas 4.12/Saved/house_1_Blueprint_Auto1712097CC4926003CBC2F60A2D04BB5BA.tmp' to 'D:/Users/daniel.pri6453/Documents/Unreal Projects/Paper_Plus_Christmas 4.12/Saved/Autosaves/Game/house_1_Blueprint_Auto1.uasset'
[2016.08.10-06.47.19:431][256]LogSavePackage:Display: Finished SavePackage D:/Users/daniel.pri6453/Documents/Unreal Projects/Paper_Plus_Christmas 4.12/Saved/Autosaves/Game/house_1_Blueprint_Auto1.uasset
[2016.08.10-06.47.19:431][256]LogFileHelpers: Auto-saving content packages took 0.118
[2016.08.10-06.48.20:527][681]LogActorFactory: Actor Factory created house_3
[2016.08.10-06.48.21:146][754]LogActorFactory: Actor Factory created house_3
[2016.08.10-06.49.00:783][463]Cmd: OBJ SAVEPACKAGE PACKAGE="/Game/OBJ/house_3_Blueprint" FILE="D:/Users/daniel.pri6453/Documents/Unreal Projects/Paper_Plus_Christmas 4.12/Content/OBJ/house_3_Blueprint.uasset" SILENT=true
[2016.08.10-06.49.00:793][463]LogSavePackage: Save=9.98ms
[2016.08.10-06.49.00:793][463]LogSavePackage: Moving 'D:/Users/daniel.pri6453/Documents/Unreal Projects/Paper_Plus_Christmas 4.12/Saved/house_3_Blueprint03B289F94BF0C5164A4884B840874A63.tmp' to 'D:/Users/daniel.pri6453/Documents/Unreal Projects/Paper_Plus_Christmas 4.12/Content/OBJ/house_3_Blueprint.uasset'
[2016.08.10-06.49.00:794][463]LogSavePackage:Display: Finished SavePackage D:/Users/daniel.pri6453/Documents/Unreal Projects/Paper_Plus_Christmas 4.12/Content/OBJ/house_3_Blueprint.uasset
[2016.08.10-06.49.01:697][540]BlueprintLog: New page: Compile house_3_Blueprint
[2016.08.10-06.49.01:919][540]BlueprintEditorCompileResults: Info [0745.92] Compile of house_3_Blueprint successful! [in 222 ms] (/Game/OBJ/house_3_Blueprint.house_3_Blueprint)
[2016.08.10-06.49.08:012][176]Cmd: DELETE
[2016.08.10-06.49.08:012][176]Cmd: ACTOR DELETE
[2016.08.10-06.49.08:022][176]LogEditorActor: Deleted Actor: house_3_Blueprint_C
[2016.08.10-06.49.08:034][176]LogEditorActor: Deleted 1 Actors (0.023 secs)
[2016.08.10-06.49.09:409][324]LogActorFactory: Actor Factory created house_4
[2016.08.10-06.49.09:902][382]LogActorFactory: Actor Factory created house_4
[2016.08.10-06.49.56:269][211]Cmd: OBJ SAVEPACKAGE PACKAGE="/Game/OBJ/house_4_Blueprint" FILE="D:/Users/daniel.pri6453/Documents/Unreal Projects/Paper_Plus_Christmas 4.12/Content/OBJ/house_4_Blueprint.uasset" SILENT=true
[2016.08.10-06.49.56:279][211]LogSavePackage: Save=9.95ms
[2016.08.10-06.49.56:279][211]LogSavePackage: Moving 'D:/Users/daniel.pri6453/Documents/Unreal Projects/Paper_Plus_Christmas 4.12/Saved/house_4_Blueprint00588CB34603CCAF88CA1DA084152A20.tmp' to 'D:/Users/daniel.pri6453/Documents/Unreal Projects/Paper_Plus_Christmas 4.12/Content/OBJ/house_4_Blueprint.uasset'
[2016.08.10-06.49.56:280][211]LogSavePackage:Display: Finished SavePackage D:/Users/daniel.pri6453/Documents/Unreal Projects/Paper_Plus_Christmas 4.12/Content/OBJ/house_4_Blueprint.uasset
[2016.08.10-06.49.56:946][262]BlueprintLog: New page: Compile house_4_Blueprint
[2016.08.10-06.49.57:169][262]BlueprintEditorCompileResults: Info [0801.17] Compile of house_4_Blueprint successful! [in 223 ms] (/Game/OBJ/house_4_Blueprint.house_4_Blueprint)
[2016.08.10-06.50.01:204][699]Cmd: DELETE
[2016.08.10-06.50.01:204][699]Cmd: ACTOR DELETE
[2016.08.10-06.50.01:214][699]LogEditorActor: Deleted Actor: house_4_Blueprint_C
[2016.08.10-06.50.01:228][699]LogEditorActor: Deleted 1 Actors (0.023 secs)
[2016.08.10-06.52.59:947][817]LogSavePackage: Save=365.35ms
[2016.08.10-06.52.59:947][817]LogSavePackage: Moving 'D:/User