Log file open, 08/10/16 14:53:26
LogInit:Display: Running engine for game: Paper_Plus_Christmas
LogPlatformFile: Not using cached read wrapper
LogInit:Display: RandInit(-571333813) SRandInit(-571333811).
LogTaskGraph: Started task graph with 4 named threads and 7 total threads with 1 sets of task threads.
LogStats: Stats thread started at 0.069786
LogInit: Version: 4.12.5-3039270+++UE4+Release-4.12
LogInit: API Version: 2992821
LogInit: Net Version: 3039270
LogDevObjectVersion: Number of dev versions registered: 13
LogDevObjectVersion:   Dev-Blueprints (B0D832E4-1F89-4F0D-ACCF-7EB736FD4AA2): 3
LogDevObjectVersion:   Dev-Build (E1C64328-A22C-4D53-A36C-8E866417BD8C): 0
LogDevObjectVersion:   Dev-Core (375EC13C-06E4-48FB-B500-84F0262A717E): 1
LogDevObjectVersion:   Dev-Editor (E4B068ED-F494-42E9-A231-DA0B2E46BB41): 2
LogDevObjectVersion:   Dev-Framework (CFFC743F-43B0-4480-9391-14DF171D2073): 6
LogDevObjectVersion:   Dev-Mobile (B02B49B5-BB20-44E9-A304-32B752E40360): 0
LogDevObjectVersion:   Dev-Networking (A4E4105C-59A1-49B5-A7C5-40C4547EDFEE): 0
LogDevObjectVersion:   Dev-Online (39C831C9-5AE6-47DC-9A44-9C173E1C8E7C): 0
LogDevObjectVersion:   Dev-Physics (78F01B33-EBEA-4F98-B9B4-84EACCB95AA2): 0
LogDevObjectVersion:   Dev-Platform (6631380F-2D4D-43E0-8009-CF276956A95A): 0
LogDevObjectVersion:   Dev-Rendering (12F88B9F-8875-4AFC-A67C-D90C383ABD29): 2
LogDevObjectVersion:   Dev-Sequencer (7B5AE74C-D270-4C10-A958-57980B212A5A): 0
LogDevObjectVersion:   Dev-VR (D7296918-1DD6-4BDD-9DE2-64A83CC13884): 0
LogInit: Compiled (64-bit): Jul  6 2016 09:09:46
LogInit: Compiled with Visual C++: 19.00.23026.00
LogInit: Build Configuration: Development
LogInit: Branch Name: ++UE4+Release-4.12
LogInit: Command line: 
LogInit: Base directory: I:/Unreal Engine 4/TOTALLY LEGIT FILES/4.12/Engine/Binaries/Win64/
LogInit: Installed Engine Build: 1
LogInit: Using libcurl 7.41.0
LogInit:  - built for x86_64-pc-win32
LogInit:  - supports SSL with WinSSL
LogInit:  - other features:
LogInit:      CURL_VERSION_SSL
LogInit:      CURL_VERSION_IPV6
LogInit:      CURL_VERSION_ASYNCHDNS
LogInit:      CURL_VERSION_LARGEFILE
LogInit:      CURL_VERSION_IDN
LogInit:  CurlRequestOptions (configurable via config and command line):
LogInit:  - bVerifyPeer = true  - Libcurl will verify peer certificate
LogInit:  - bUseHttpProxy = false  - Libcurl will NOT use HTTP proxy
LogInit:  - bDontReuseConnections = false  - Libcurl will reuse connections
LogInit:  - CertBundlePath = nullptr  - Libcurl will use whatever was configured at build time.
LogInit: Presizing for max 8388607 objects, including 0 objects not considered by GC, pre-allocating 0 bytes for permanent pool.
LogInit: Object subsystem initialized
[2016.08.10-02.53.26:114][  0]LogInit: Selected Device Profile: [Windows]
[2016.08.10-02.53.26:114][  0]LogInit: Applying CVar settings loaded from the selected device profile: [Windows]
[2016.08.10-02.53.26:119][  0]LogInit: Computer: 1806C020
[2016.08.10-02.53.26:120][  0]LogInit: User: danielpri6453
[2016.08.10-02.53.26:120][  0]LogInit: CPU Page size=65536, Cores=4
[2016.08.10-02.53.26:120][  0]LogInit: High frequency timer resolution =3.515673 MHz
[2016.08.10-02.53.26:120][  0]LogMemory: Memory total: Physical=15.9GB (16GB approx)
[2016.08.10-02.53.26:120][  0]LogMemory: Platform Memory Stats for Windows
[2016.08.10-02.53.26:120][  0]LogMemory: Process Physical Memory: 191.15 MB used, 191.15 MB peak
[2016.08.10-02.53.26:120][  0]LogMemory: Process Virtual Memory: 196.84 MB used, 196.84 MB peak
[2016.08.10-02.53.26:120][  0]LogMemory: Physical Memory: 4459.36 MB used, 16277.27 MB total
[2016.08.10-02.53.26:120][  0]LogMemory: Virtual Memory: 522.70 MB used, 8388608.00 MB total
[2016.08.10-02.53.26:155][  0]LogTextLocalizationManager: No specific translations for ('en-NZ') exist, so ('en') translations will be used.
[2016.08.10-02.53.26:475][  0]LogD3D11RHI: D3D11 adapters:
[2016.08.10-02.53.26:495][  0]LogD3D11RHI:    0. 'NVIDIA GeForce GTX 760' (Feature Level 11_0)
[2016.08.10-02.53.26:495][  0]LogD3D11RHI:       1990/0/2048 MB DedicatedVideo/DedicatedSystem/SharedSystem, Outputs:2, VendorId:0x10de
[2016.08.10-02.53.26:495][  0]LogD3D11RHI: Chosen D3D11 Adapter: 0
[2016.08.10-02.53.26:499][  0]LogD3D11RHI: Creating new Direct3DDevice
[2016.08.10-02.53.26:499][  0]LogD3D11RHI:     GPU DeviceId: 0x1187 (for the marketing name, search the web for "GPU Device Id")
[2016.08.10-02.53.26:499][  0]LogWindows: EnumDisplayDevices:
[2016.08.10-02.53.26:499][  0]LogWindows:    0. 'NVIDIA GeForce GTX 760' (P:0 D:1)
[2016.08.10-02.53.26:499][  0]LogWindows:    1. 'NVIDIA GeForce GTX 760' (P:1 D:1)
[2016.08.10-02.53.26:499][  0]LogWindows:    2. 'NVIDIA GeForce GTX 760' (P:0 D:0)
[2016.08.10-02.53.26:499][  0]LogWindows:    3. 'NVIDIA GeForce GTX 760' (P:0 D:0)
[2016.08.10-02.53.26:499][  0]LogWindows:    4. 'RDPDD Chained DD' (P:0 D:0)
[2016.08.10-02.53.26:499][  0]LogWindows:    5. 'RDP Encoder Mirror Driver' (P:0 D:0)
[2016.08.10-02.53.26:499][  0]LogWindows:    6. 'RDP Reflector Display Driver' (P:0 D:0)
[2016.08.10-02.53.26:499][  0]LogWindows:    7. 'Mirage Driver' (P:0 D:0)
[2016.08.10-02.53.26:500][  0]LogWindows: DebugString: GetVideoDriverDetailsInvalid PrimaryIsNotTheChoosenAdapter GetVideoDriverDetailsInvalid PrimaryIsNotTheChoosenAdapter GetVideoDriverDetailsInvalid PrimaryIsNotTheChoosenAdapter GetVideoDriverDetailsInvalid PrimaryIsNotTheChoosenAdapter FoundDriverCount:4 
[2016.08.10-02.53.26:500][  0]LogD3D11RHI:     Adapter Name: NVIDIA GeForce GTX 760
[2016.08.10-02.53.26:500][  0]LogD3D11RHI:   Driver Version: 347.88 (internal:9.18.13.4788, unified:347.88)
[2016.08.10-02.53.26:500][  0]LogD3D11RHI:      Driver Date: 3-13-2015
[2016.08.10-02.53.26:500][  0]LogRHI: Texture pool is 1361 MB (70% of 1945 MB)
[2016.08.10-02.53.26:505][  0]LogD3D11RHI: Async texture creation enabled
[2016.08.10-02.53.26:519][  0]LogD3D11RHI: GPU Timing Frequency: 1000.000000 (Debug: 2 2)
[2016.08.10-02.53.26:519][  0]LogShaderCompilers: Guid format shader working directory is -22 characters bigger than the processId version (D:/Users/daniel.pri6453/Documents/Unreal Projects/Paper_Plus_Christmas 4.12/Intermediate/Shaders/WorkingDirectory/6748/).
[2016.08.10-02.53.26:519][  0]LogShaderCompilers: Cleaned the shader compiler working directory 'D:/Users/DANIEL~1.PRI/AppData/Local/Temp/UnrealShaderWorkingDir/3DB1AAE94AAAA15D88327FBA575476D2/'.
[2016.08.10-02.53.26:519][  0]LogShaderCompilers:Display: Using Local Shader Compiler.
[2016.08.10-02.53.27:313][  0]LogTemp:Display: Loaded TP AllDesktopTargetPlatform
[2016.08.10-02.53.27:322][  0]LogTemp:Display: Loaded TP WindowsClientTargetPlatform
[2016.08.10-02.53.27:329][  0]LogTemp:Display: Loaded TP WindowsNoEditorTargetPlatform
[2016.08.10-02.53.27:336][  0]LogTemp:Display: Loaded TP WindowsServerTargetPlatform
[2016.08.10-02.53.27:343][  0]LogTemp:Display: Loaded TP WindowsTargetPlatform
[2016.08.10-02.53.27:350][  0]LogTemp:Display: Loaded TP AndroidTargetPlatform
[2016.08.10-02.53.27:356][  0]LogTemp:Display: Loaded TP Android_ASTCTargetPlatform
[2016.08.10-02.53.27:363][  0]LogTemp:Display: Loaded TP Android_ATCTargetPlatform
[2016.08.10-02.53.27:369][  0]LogTemp:Display: Loaded TP Android_DXTTargetPlatform
[2016.08.10-02.53.27:375][  0]LogTemp:Display: Loaded TP Android_ETC1TargetPlatform
[2016.08.10-02.53.27:381][  0]LogTemp:Display: Loaded TP Android_ETC2TargetPlatform
[2016.08.10-02.53.27:395][  0]LogTemp:Display: Loaded TP Android_MultiTargetPlatform
[2016.08.10-02.53.27:395][  0]LogTemp:Display: Loaded TP Android_PVRTCTargetPlatform
[2016.08.10-02.53.27:395][  0]LogTemp:Display: Failed to get target platform HTML5TargetPlatform
[2016.08.10-02.53.27:414][  0]LogTemp:Display: Loaded TP IOSTargetPlatform
[2016.08.10-02.53.27:420][  0]LogTemp:Display: Loaded TP TVOSTargetPlatform
[2016.08.10-02.53.27:426][  0]LogTemp:Display: Loaded TP LinuxNoEditorTargetPlatform
[2016.08.10-02.53.27:432][  0]LogTemp:Display: Loaded TP LinuxServerTargetPlatform
[2016.08.10-02.53.27:439][  0]LogTemp:Display: Loaded TP LinuxTargetPlatform
[2016.08.10-02.53.27:439][  0]LogTargetPlatformManager:Display: Building Assets For Windows
[2016.08.10-02.53.27:483][  0]LogDerivedDataCache:Display: Max Cache Size: 512 MB
[2016.08.10-02.53.27:526][  0]LogDerivedDataCache: Loaded boot cache 0.04s 48MB D:/Users/daniel.pri6453/AppData/Local/UnrealEngine/4.12/DerivedDataCache/Boot.ddc.
[2016.08.10-02.53.27:527][  0]LogDerivedDataCache:Display: Loaded Boot cache: D:/Users/daniel.pri6453/AppData/Local/UnrealEngine/4.12/DerivedDataCache/Boot.ddc
[2016.08.10-02.53.27:527][  0]LogDerivedDataCache: FDerivedDataBackendGraph:  Pak pak cache file D:/Users/daniel.pri6453/Documents/Unreal Projects/Paper_Plus_Christmas 4.12/DerivedDataCache/DDC.ddp not found, will not use a pak cache.
[2016.08.10-02.53.27:527][  0]LogDerivedDataCache: Unable to find inner node Pak for hierarchical cache Hierarchy.
[2016.08.10-02.53.27:527][  0]LogDerivedDataCache: FDerivedDataBackendGraph:  CompressedPak pak cache file D:/Users/daniel.pri6453/Documents/Unreal Projects/Paper_Plus_Christmas 4.12/DerivedDataCache/Compressed.ddp not found, will not use a pak cache.
[2016.08.10-02.53.27:527][  0]LogDerivedDataCache: Unable to find inner node CompressedPak for hierarchical cache Hierarchy.
[2016.08.10-02.53.27:541][  0]LogDerivedDataCache:Display: Pak cache opened for reading ../../../Engine/DerivedDataCache/Compressed.ddp.
[2016.08.10-02.53.27:551][  0]LogDerivedDataCache: Using Local data cache path D:/Users/daniel.pri6453/AppData/Local/UnrealEngine/Common/DerivedDataCache: Writable
[2016.08.10-02.53.27:689][  0]LogInit: Selected Device Profile: [Windows]
[2016.08.10-02.53.27:690][  0]LogContentStreaming: Texture pool size is 0.00 MB
[2016.08.10-02.53.27:810][  0]LogMeshUtilities: No automatic mesh reduction module available
[2016.08.10-02.53.27:810][  0]LogMeshUtilities: No automatic mesh merging module available
[2016.08.10-02.53.27:810][  0]LogMeshUtilities: No distributed automatic mesh merging module available
[2016.08.10-02.53.28:026][  0]LogAssetRegistry: FAssetRegistry took 0.0202 seconds to start up
[2016.08.10-02.53.28:039][  0]LogPackageLocalizationCache: Processed 3 localized package path(s) for 2 prioritized culture(s) in 0.011348 seconds
[2016.08.10-02.53.28:043][  0]LogUObjectArray: 28739 objects as part of root set at end of initial load.
[2016.08.10-02.53.28:043][  0]LogUObjectAllocator: 5855632 out of 0 bytes used by permanent object pool.
[2016.08.10-02.53.28:043][  0]LogUObjectArray: CloseDisregardForGC: 0/0 objects in disregard for GC pool
[2016.08.10-02.53.28:046][  0]LogInit: WinSock: version 1.1 (2.2), MaxSocks=32767, MaxUdp=65467
[2016.08.10-02.53.28:162][  0]LogSlate: SlateFontCache - WITH_FREETYPE: 1, WITH_HARFBUZZ: 1
[2016.08.10-02.53.28:162][  0]LogSlate: SlateFontCache - WITH_FREETYPE: 1, WITH_HARFBUZZ: 1
[2016.08.10-02.53.28:652][  0]LogUdpMessaging: Initializing bridge on interface 0.0.0.0:0 to multicast group 230.0.0.1:6666.
[2016.08.10-02.53.28:808][  0]SourceControl: Info Source control is disabled
[2016.08.10-02.53.28:808][  0]SourceControl: Info Source control is disabled
[2016.08.10-02.53.28:812][  0]SourceControl: Info Source control is disabled
[2016.08.10-02.53.28:816][  0]SourceControl: Info Source control is disabled
[2016.08.10-02.53.28:929][  0]LogEngine: Initializing Engine...
[2016.08.10-02.53.28:930][  0]LogHMD: SteamVR failed to initialize.  Err: 110
[2016.08.10-02.53.28:930][  0]LogHMD: SteamVR failed to initialize.  Err: 110
[2016.08.10-02.53.29:039][  0]LogAIModule: Creating AISystem for world NewWorld
[2016.08.10-02.53.29:042][  0]LogInit: XAudio2 using 'Speakers (Realtek High Definition Audio)' : 2 channels at 48 kHz using 32 bits per sample (channel mask 0x3)
[2016.08.10-02.53.29:048][  0]LogInit: FAudioDevice initialized.
[2016.08.10-02.53.29:067][  0]LogDerivedDataCache: Saved boot cache 0.02s 48MB D:/Users/daniel.pri6453/AppData/Local/UnrealEngine/4.12/DerivedDataCache/Boot.ddc.
[2016.08.10-02.53.29:071][  0]LogInit: Texture streaming: Enabled
[2016.08.10-02.53.29:094][  0]LogInit: Transaction tracking system initialized
[2016.08.10-02.53.29:107][  0]BlueprintLog: New page: Editor Load
[2016.08.10-02.53.29:145][  0]LocalizationService: Info Localization service is disabled
[2016.08.10-02.53.29:338][  0]LogConsoleResponse:Display: 
[2016.08.10-02.53.29:447][  0]LogCook:Display: Max memory allowance for cook 8192mb
[2016.08.10-02.53.29:447][  0]LogCook:Display: Mobile HDR setting 1
[2016.08.10-02.53.29:496][  0]LogFileCache: Scanning file cache for directory 'D:/Users/daniel.pri6453/Documents/Unreal Projects/Paper_Plus_Christmas 4.12/Content/' took 0.01s
[2016.08.10-02.53.29:496][  0]SourceControl: Info Source control is disabled
[2016.08.10-02.53.29:496][  0]Cmd: MAP LOAD FILE="D:/Users/daniel.pri6453/Documents/Unreal Projects/Paper_Plus_Christmas 4.12/Content/FlyingBP/Maps/FlyingExampleMap.umap" TEMPLATE=0 SHOWPROGRESS=1 FEATURELEVEL=3
[2016.08.10-02.53.29:496][  0]LightingResults: New page: Lighting Build
[2016.08.10-02.53.29:497][  0]MapCheck: New page: Map Check
[2016.08.10-02.53.29:497][  0]LightingResults: New page: Lighting Build
[2016.08.10-02.53.29:708][  0]LogBlueprint:Warning: Compiler Warning Input Axis Event references unknown Axis 'LookUp' for  InputAxis LookUp 
[2016.08.10-02.53.29:708][  0]LogBlueprint:Warning: Compiler Warning Input Axis Event references unknown Axis 'Turn' for  InputAxis Turn 
[2016.08.10-02.53.29:712][  0]LogBlueprint:Warning: Compiler Warning [0004.09] Compile of FlyingPawn successful, but with 2 Warning(s) [in 10 ms] (/Game/FlyingBP/Blueprints/FlyingPawn.FlyingPawn)
[2016.08.10-02.53.29:712][  0]LogBlueprint:Warning: Compiler Warning [0004.09] Compile of FlyingPawn successful, but with 3 Warning(s) [in 0 ms] (/Game/FlyingBP/Blueprints/FlyingPawn.FlyingPawn)
[2016.08.10-02.53.29:712][  0]LogBlueprint:Warning: Compiler Warning [0004.09] Compile of FlyingPawn successful, but with 4 Warning(s) [in 0 ms] (/Game/FlyingBP/Blueprints/FlyingPawn.FlyingPawn)
[2016.08.10-02.53.29:723][  0]LogBlueprint:Warning: Compiler Warning Input Axis Event references unknown Axis 'LookUp' for  InputAxis LookUp 
[2016.08.10-02.53.29:723][  0]LogBlueprint:Warning: Compiler Warning Input Axis Event references unknown Axis 'Turn' for  InputAxis Turn 
[2016.08.10-02.53.29:727][  0]LogBlueprint:Warning: Compiler Warning [0004.10] Compile of FlyingPawn successful, but with 2 Warning(s) [in 11 ms] (/Game/FlyingBP/Blueprints/FlyingPawn.FlyingPawn)
[2016.08.10-02.53.29:727][  0]LogBlueprint:Warning: Compiler Warning [0004.10] Compile of FlyingPawn successful, but with 3 Warning(s) [in 0 ms] (/Game/FlyingBP/Blueprints/FlyingPawn.FlyingPawn)
[2016.08.10-02.53.29:727][  0]LogBlueprint:Warning: Compiler Warning [0004.10] Compile of FlyingPawn successful, but with 4 Warning(s) [in 0 ms] (/Game/FlyingBP/Blueprints/FlyingPawn.FlyingPawn)
[2016.08.10-02.53.29:735][  0]LogLinker:Warning: Can't find file '/Game/StarterContent/Materials/M_Basic_Floor'
[2016.08.10-02.53.29:735][  0]LogLinker:Warning: Can't find file for asset '/Game/StarterContent/Materials/M_Basic_Floor' while loading D:/Users/daniel.pri6453/Documents/Unreal Projects/Paper_Plus_Christmas 4.12/Content/Geometry/Meshes/Floor_400x400.uasset.
[2016.08.10-02.53.29:735][  0]LoadErrors:Error: Error /Game/Geometry/Meshes/Floor_400x400 : Can't find file for asset. /Game/StarterContent/Materials/M_Basic_Floor
[2016.08.10-02.53.29:735][  0]LogLinker:Warning: Can't find file '/Game/StarterContent/Materials/M_Basic_Floor'
[2016.08.10-02.53.29:735][  0]LogLinker:Warning: Can't find file for asset '/Game/StarterContent/Materials/M_Basic_Floor' while loading D:/Users/daniel.pri6453/Documents/Unreal Projects/Paper_Plus_Christmas 4.12/Content/Geometry/Meshes/Floor_400x400.uasset.
[2016.08.10-02.53.29:735][  0]LoadErrors:Error: Error /Game/Geometry/Meshes/Floor_400x400 : Can't find file for asset. /Game/StarterContent/Materials/M_Basic_Floor
[2016.08.10-02.53.29:767][  0]LogLinker:Warning: Can't find file '/Game/StarterContent/Materials/M_Basic_Floor'
[2016.08.10-02.53.29:767][  0]LoadErrors: Info Failed to load /Game/StarterContent/Materials/M_Basic_Floor.M_Basic_Floor Referenced by Floor_400x400
[2016.08.10-02.53.29:767][  0]LogLinker:Warning: Can't find file for asset '/Game/StarterContent/Materials/M_Basic_Floor' while loading NULL.
[2016.08.10-02.53.29:767][  0]LoadErrors: Info Failed to load /Game/StarterContent/Materials/M_Basic_Floor.M_Basic_Floor Referenced by Floor_400x400
[2016.08.10-02.53.30:078][  0]LogAIModule: Creating AISystem for world FlyingExampleMap
[2016.08.10-02.53.30:170][  0]LogEditorServer: Finished looking for orphan Actors (0.000 secs)
[2016.08.10-02.53.30:178][  0]Cmd: MAP CHECKDEP NOCLEARLOG
[2016.08.10-02.53.30:214][  0]MapCheck: Info Map check complete: 0 Error(s), 0 Warning(s), took 35.688ms to complete.
[2016.08.10-02.53.30:214][  0]LogFileHelpers: Loading map 'FlyingExampleMap' took 0.719
[2016.08.10-02.53.32:006][  0]LogCollectionManager: Loaded 0 collections in 0.003588 seconds
[2016.08.10-02.53.32:496][  0]LogFileCache: Scanning file cache for directory 'D:/Users/daniel.pri6453/Documents/Unreal Projects/Paper_Plus_Christmas 4.12/Saved/Collections/' took 0.01s
[2016.08.10-02.53.32:496][  0]LogFileCache: Scanning file cache for directory 'D:/Users/daniel.pri6453/Documents/Unreal Projects/Paper_Plus_Christmas 4.12/Content/Developers/danielpri6453/Collections/' took 0.01s
[2016.08.10-02.53.32:496][  0]LogFileCache: Scanning file cache for directory 'D:/Users/daniel.pri6453/Documents/Unreal Projects/Paper_Plus_Christmas 4.12/Content/Collections/' took 0.01s
[2016.08.10-02.53.32:496][  0]LogCollectionManager: Rebuilt the GUID cache for 0 collections in 0.000002 seconds
[2016.08.10-02.53.32:543][  0]LogContentBrowser: Native class hierarchy populated in 0.0198 seconds. Added 2047 classes and 369 folders.
[2016.08.10-02.53.32:665][  0]LogStats: UGameplayTagsManager::ConstructGameplayTagTree: Construct from data asset -  0.000 s
[2016.08.10-02.53.32:665][  0]LogStats: UGameplayTagsManager::ConstructGameplayTagTree: GameplayTagTreeChangedEvent.Broadcast -  0.000 s
[2016.08.10-02.53.32:666][  0]LogContentBrowser: Native class hierarchy updated for 'GameplayTags' in 0.0007 seconds. Added 12 classes and 0 folders.
[2016.08.10-02.53.32:712][  0]LogContentBrowser: Native class hierarchy updated for 'WidgetCarousel' in 0.0006 seconds. Added 0 classes and 0 folders.
[2016.08.10-02.53.33:139][  0]LogContentBrowser: Native class hierarchy updated for 'AddContentDialog' in 0.0014 seconds. Added 0 classes and 0 folders.
[2016.08.10-02.53.33:263][  0]LogContentBrowser: Native class hierarchy updated for 'SceneOutliner' in 0.0009 seconds. Added 1 classes and 2 folders.
[2016.08.10-02.53.33:733][  0]LogCrashTracker: Crashtracker disabled due to settings.
[2016.08.10-02.53.33:841][  0]LogUObjectGlobals:Warning: Failed to find object 'Class None.'
[2016.08.10-02.53.33:882][  0]LogContentBrowser: Native class hierarchy updated for 'HierarchicalLODOutliner' in 0.0010 seconds. Added 1 classes and 2 folders.
[2016.08.10-02.53.33:883][  0]LogLoad: Full Startup: 8.26 seconds (BP compile: 0.09 seconds)
[2016.08.10-02.53.33:883][  0]LogExternalProfiler: Found external profiler: VSPerf
[2016.08.10-02.53.33:883][  0]LogExternalProfiler: Using external profiler: VSPerf
[2016.08.10-02.53.34:222][  0]LogOcInput: OculusInput pre-init called
[2016.08.10-02.53.34:314][  0]LogContentStreaming: Texture pool size now 200 MB
[2016.08.10-02.53.35:348][  0]LogRenderer: Reallocating scene render targets to support 804x540 (Frame:2).
[2016.08.10-02.53.36:211][  3]LogAssetRegistry: Asset discovery search completed in 8.2048 seconds
[2016.08.10-02.53.36:211][  3]LogCollectionManager: Rebuilt the object cache for 0 collections in 0.000001 seconds (found 0 objects)
[2016.08.10-02.53.36:211][  3]LogCollectionManager: Fixed up redirectors for 0 collections in 0.000051 seconds (updated 0 objects)
[2016.08.10-02.53.45:069][ 26]LogContentBrowser: Native class hierarchy updated for 'BlueprintGraph' in 0.0027 seconds. Added 111 classes and 0 folders.
[2016.08.10-02.54.18:514][322]LogEditorViewport: Clicking on Actor (LMB): FlyingPawn_C (FlyingPawn)
[2016.08.10-02.54.19:826][443]LogEditorViewport: Clicking on Actor (LMB): FlyingPawn_C (FlyingPawn)
[2016.08.10-02.54.19:916][453]LogEditorViewport: Clicking on Component (LMB): CameraComponent (Camera)
[2016.08.10-02.54.47:203][685]LogEditorViewport: Clicking on Actor (LMB): BP_Sky_Sphere_C (SkyShereBlueprint)
[2016.08.10-02.54.48:522][824]LogEditorViewport: Clicking on Actor (LMB): FlyingPawn_C (FlyingPawn)
[2016.08.10-02.54.48:597][826]LogEditorViewport: Clicking on Component (LMB): CameraComponent (Camera)
[2016.08.10-02.54.54:132][477]LogBlueprintUserMessages: Early PlayInEditor Detection: Level '/Game/FlyingBP/Maps/FlyingExampleMap.FlyingExampleMap:PersistentLevel' has LevelScriptBlueprint '/Game/FlyingBP/Maps/FlyingExampleMap.FlyingExampleMap:PersistentLevel.FlyingExampleMap' with GeneratedClass '/Game/FlyingBP/Maps/FlyingExampleMap.FlyingExampleMap_C' with ClassGeneratedBy '/Game/FlyingBP/Maps/FlyingExampleMap.FlyingExampleMap:PersistentLevel.FlyingExampleMap'
[2016.08.10-02.54.54:146][477]LogPlayLevel: PlayLevel: No blueprints needed recompiling
[2016.08.10-02.54.54:240][477]PIE: New page: PIE session: FlyingExampleMap (11/08/2016 2:54:54 am)
[2016.08.10-02.54.54:241][477]LogPlayLevel: Creating play world package: /Game/FlyingBP/Maps/UEDPIE_0_FlyingExampleMap
[2016.08.10-02.54.54:320][477]LogPlayLevel: PIE: StaticDuplicateObject took: (0.079528s)
[2016.08.10-02.54.54:322][477]LogAIModule: Creating AISystem for world FlyingExampleMap
[2016.08.10-02.54.54:322][477]LogPlayLevel: PIE: World Init took: (0.001808s)
[2016.08.10-02.54.54:322][477]LogPlayLevel: PIE: Created PIE world by copying editor world from /Game/FlyingBP/Maps/FlyingExampleMap.FlyingExampleMap to /Game/FlyingBP/Maps/UEDPIE_0_FlyingExampleMap.FlyingExampleMap (0.081784s)
[2016.08.10-02.54.54:389][477]LogInit: XAudio2 using 'Speakers (Realtek High Definition Audio)' : 2 channels at 48 kHz using 32 bits per sample (channel mask 0x3)
[2016.08.10-02.54.54:394][477]LogInit: FAudioDevice initialized.
[2016.08.10-02.54.54:536][477]LogWorld: Game class is 'FlyingGameMode_C'
[2016.08.10-02.54.54:585][477]LogWorld: Bringing World /Game/FlyingBP/Maps/UEDPIE_0_FlyingExampleMap.FlyingExampleMap up for play (max tick rate 0) at 2016.08.10-14.54.54
[2016.08.10-02.54.54:587][477]LogWorld: Bringing up level for play took: 0.020909
[2016.08.10-02.54.54:617][477]LogContentBrowser: Native class hierarchy updated for 'MovieSceneCapture' in 0.0008 seconds. Added 11 classes and 0 folders.
[2016.08.10-02.54.54:634][477]PIE: Info Play in editor start time for /Game/FlyingBP/Maps/UEDPIE_0_FlyingExampleMap 0.444
[2016.08.10-02.54.54:634][477]LogBlueprintUserMessages: Late PlayInEditor Detection: Level '/Game/FlyingBP/Maps/FlyingExampleMap.FlyingExampleMap:PersistentLevel' has LevelScriptBlueprint '/Game/FlyingBP/Maps/FlyingExampleMap.FlyingExampleMap:PersistentLevel.FlyingExampleMap' with GeneratedClass '/Game/FlyingBP/Maps/FlyingExampleMap.FlyingExampleMap_C' with ClassGeneratedBy '/Game/FlyingBP/Maps/FlyingExampleMap.FlyingExampleMap:PersistentLevel.FlyingExampleMap'
[2016.08.10-02.55.04:921][684]LogBlueprintUserMessages: Early EndPlayMap Detection: Level '/Game/FlyingBP/Maps/FlyingExampleMap.FlyingExampleMap:PersistentLevel' has LevelScriptBlueprint '/Game/FlyingBP/Maps/FlyingExampleMap.FlyingExampleMap:PersistentLevel.FlyingExampleMap' with GeneratedClass '/Game/FlyingBP/Maps/FlyingExampleMap.FlyingExampleMap_C' with ClassGeneratedBy '/Game/FlyingBP/Maps/FlyingExampleMap.FlyingExampleMap:PersistentLevel.FlyingExampleMap'
[2016.08.10-02.55.05:088][684]LogBlueprintUserMessages: Late EndPlayMap Detection: Level '/Game/FlyingBP/Maps/FlyingExampleMap.FlyingExampleMap:PersistentLevel' has LevelScriptBlueprint '/Game/FlyingBP/Maps/FlyingExampleMap.FlyingExampleMap:PersistentLevel.FlyingExampleMap' with GeneratedClass '/Game/FlyingBP/Maps/FlyingExampleMap.FlyingExampleMap_C' with ClassGeneratedBy '/Game/FlyingBP/Maps/FlyingExampleMap.FlyingExampleMap:PersistentLevel.FlyingExampleMap'
[2016.08.10-02.55.18:128][216]LogEditorViewport: Clicking on Actor (LMB): FlyingPawn_C (FlyingPawn)
[2016.08.10-02.55.18:191][223]LogEditorViewport: Clicking on Component (LMB): CameraComponent (Camera)
[2016.08.10-02.55.40:942][934]LogBlueprintUserMessages: Early PlayInEditor Detection: Level '/Game/FlyingBP/Maps/FlyingExampleMap.FlyingExampleMap:PersistentLevel' has LevelScriptBlueprint '/Game/FlyingBP/Maps/FlyingExampleMap.FlyingExampleMap:PersistentLevel.FlyingExampleMap' with GeneratedClass '/Game/FlyingBP/Maps/FlyingExampleMap.FlyingExampleMap_C' with ClassGeneratedBy '/Game/FlyingBP/Maps/FlyingExampleMap.FlyingExampleMap:PersistentLevel.FlyingExampleMap'
[2016.08.10-02.55.40:943][934]LogPlayLevel: PlayLevel: No blueprints needed recompiling
[2016.08.10-02.55.40:943][934]PIE: New page: PIE session: FlyingExampleMap (11/08/2016 2:55:40 am)
[2016.08.10-02.55.40:943][934]LogPlayLevel: Creating play world package: /Game/FlyingBP/Maps/UEDPIE_0_FlyingExampleMap
[2016.08.10-02.55.40:981][934]LogPlayLevel: PIE: StaticDuplicateObject took: (0.037875s)
[2016.08.10-02.55.40:981][934]LogAIModule: Creating AISystem for world FlyingExampleMap
[2016.08.10-02.55.40:981][934]LogPlayLevel: PIE: World Init took: (0.000742s)
[2016.08.10-02.55.40:982][934]LogPlayLevel: PIE: Created PIE world by copying editor world from /Game/FlyingBP/Maps/FlyingExampleMap.FlyingExampleMap to /Game/FlyingBP/Maps/UEDPIE_0_FlyingExampleMap.FlyingExampleMap (0.038913s)
[2016.08.10-02.55.41:020][934]LogInit: XAudio2 using 'Speakers (Realtek High Definition Audio)' : 2 channels at 48 kHz using 32 bits per sample (channel mask 0x3)
[2016.08.10-02.55.41:026][934]LogInit: FAudioDevice initialized.
[2016.08.10-02.55.41:090][934]LogWorld: Game class is 'FlyingGameMode_C'
[2016.08.10-02.55.41:097][934]LogWorld: Bringing World /Game/FlyingBP/Maps/UEDPIE_0_FlyingExampleMap.FlyingExampleMap up for play (max tick rate 0) at 2016.08.10-14.55.41
[2016.08.10-02.55.41:098][934]LogWorld: Bringing up level for play took: 0.006522
[2016.08.10-02.55.41:099][934]PIE: Info Play in editor start time for /Game/FlyingBP/Maps/UEDPIE_0_FlyingExampleMap 0.949
[2016.08.10-02.55.41:099][934]LogBlueprintUserMessages: Late PlayInEditor Detection: Level '/Game/FlyingBP/Maps/FlyingExampleMap.FlyingExampleMap:PersistentLevel' has LevelScriptBlueprint '/Game/FlyingBP/Maps/FlyingExampleMap.FlyingExampleMap:PersistentLevel.FlyingExampleMap' with GeneratedClass '/Game/FlyingBP/Maps/FlyingExampleMap.FlyingExampleMap_C' with ClassGeneratedBy '/Game/FlyingBP/Maps/FlyingExampleMap.FlyingExampleMap:PersistentLevel.FlyingExampleMap'
[2016.08.10-02.55.46:327][558]LogBlueprintUserMessages: Early EndPlayMap Detection: Level '/Game/FlyingBP/Maps/FlyingExampleMap.FlyingExampleMap:PersistentLevel' has LevelScriptBlueprint '/Game/FlyingBP/Maps/FlyingExampleMap.FlyingExampleMap:PersistentLevel.FlyingExampleMap' with GeneratedClass '/Game/FlyingBP/Maps/FlyingExampleMap.FlyingExampleMap_C' with ClassGeneratedBy '/Game/FlyingBP/Maps/FlyingExampleMap.FlyingExampleMap:PersistentLevel.FlyingExampleMap'
[2016.08.10-02.55.46:365][558]LogBlueprintUserMessages: Late EndPlayMap Detection: Level '/Game/FlyingBP/Maps/FlyingExampleMap.FlyingExampleMap:PersistentLevel' has LevelScriptBlueprint '/Game/FlyingBP/Maps/FlyingExampleMap.FlyingExampleMap:PersistentLevel.FlyingExampleMap' with GeneratedClass '/Game/FlyingBP/Maps/FlyingExampleMap.FlyingExampleMap_C' with ClassGeneratedBy '/Game/FlyingBP/Maps/FlyingExampleMap.FlyingExampleMap:PersistentLevel.FlyingExampleMap'
[2016.08.10-02.55.51:491][166]LogEditorViewport: Clicking on Actor (LMB): FlyingPawn_C (FlyingPawn)
[2016.08.10-02.55.51:555][173]LogEditorViewport: Clicking on Component (LMB): CameraComponent (Camera)
[2016.08.10-02.56.00:435][231]LogBlueprintUserMessages: Early PlayInEditor Detection: Level '/Game/FlyingBP/Maps/FlyingExampleMap.FlyingExampleMap:PersistentLevel' has LevelScriptBlueprint '/Game/FlyingBP/Maps/FlyingExampleMap.FlyingExampleMap:PersistentLevel.FlyingExampleMap' with GeneratedClass '/Game/FlyingBP/Maps/FlyingExampleMap.FlyingExampleMap_C' with ClassGeneratedBy '/Game/FlyingBP/Maps/FlyingExampleMap.FlyingExampleMap:PersistentLevel.FlyingExampleMap'
[2016.08.10-02.56.00:435][231]LogPlayLevel: PlayLevel: No blueprints needed recompiling
[2016.08.10-02.56.00:435][231]PIE: New page: PIE session: FlyingExampleMap (11/08/2016 2:56:00 am)
[2016.08.10-02.56.00:435][231]LogPlayLevel: Creating play world package: /Game/FlyingBP/Maps/UEDPIE_0_FlyingExampleMap
[2016.08.10-02.56.00:472][231]LogPlayLevel: PIE: StaticDuplicateObject took: (0.036640s)
[2016.08.10-02.56.00:473][231]LogAIModule: Creating AISystem for world FlyingExampleMap
[2016.08.10-02.56.00:473][231]LogPlayLevel: PIE: World Init took: (0.000643s)
[2016.08.10-02.56.00:473][231]LogPlayLevel: PIE: Created PIE world by copying editor world from /Game/FlyingBP/Maps/FlyingExampleMap.FlyingExampleMap to /Game/FlyingBP/Maps/UEDPIE_0_FlyingExampleMap.FlyingExampleMap (0.037486s)
[2016.08.10-02.56.00:513][231]LogInit: XAudio2 using 'Speakers (Realtek High Definition Audio)' : 2 channels at 48 kHz using 32 bits per sample (channel mask 0x3)
[2016.08.10-02.56.00:523][231]LogInit: FAudioDevice initialized.
[2016.08.10-02.56.00:596][231]LogWorld: Game class is 'FlyingGameMode_C'
[2016.08.10-02.56.00:605][231]LogWorld: Bringing World /Game/FlyingBP/Maps/UEDPIE_0_FlyingExampleMap.FlyingExampleMap up for play (max tick rate 0) at 2016.08.10-14.56.00
[2016.08.10-02.56.00:606][231]LogWorld: Bringing up level for play took: 0.008670
[2016.08.10-02.56.00:607][231]PIE: Info Play in editor start time for /Game/FlyingBP/Maps/UEDPIE_0_FlyingExampleMap 0.463
[2016.08.10-02.56.00:607][231]LogBlueprintUserMessages: Late PlayInEditor Detection: Level '/Game/FlyingBP/Maps/FlyingExampleMap.FlyingExampleMap:PersistentLevel' has LevelScriptBlueprint '/Game/FlyingBP/Maps/FlyingExampleMap.FlyingExampleMap:PersistentLevel.FlyingExampleMap' with GeneratedClass '/Game/FlyingBP/Maps/FlyingExampleMap.FlyingExampleMap_C' with ClassGeneratedBy '/Game/FlyingBP/Maps/FlyingExampleMap.FlyingExampleMap:PersistentLevel.FlyingExampleMap'
[2016.08.10-02.56.46:237][698]LogBlueprintUserMessages: Early EndPlayMap Detection: Level '/Game/FlyingBP/Maps/FlyingExampleMap.FlyingExampleMap:PersistentLevel' has LevelScriptBlueprint '/Game/FlyingBP/Maps/FlyingExampleMap.FlyingExampleMap:PersistentLevel.FlyingExampleMap' with GeneratedClass '/Game/FlyingBP/Maps/FlyingExampleMap.FlyingExampleMap_C' with ClassGeneratedBy '/Game/FlyingBP/Maps/FlyingExampleMap.FlyingExampleMap:PersistentLevel.FlyingExampleMap'
[2016.08.10-02.56.46:273][698]LogBlueprintUserMessages: Late EndPlayMap Detection: Level '/Game/FlyingBP/Maps/FlyingExampleMap.FlyingExampleMap:PersistentLevel' has LevelScriptBlueprint '/Game/FlyingBP/Maps/FlyingExampleMap.FlyingExampleMap:PersistentLevel.FlyingExampleMap' with GeneratedClass '/Game/FlyingBP/Maps/FlyingExampleMap.FlyingExampleMap_C' with ClassGeneratedBy '/Game/FlyingBP/Maps/FlyingExampleMap.FlyingExampleMap:PersistentLevel.FlyingExampleMap'
[2016.08.10-02.57.16:281][868]LogSavePackage: Save=463.16ms
[2016.08.10-02.57.16:281][868]LogSavePackage: Moving 'D:/Users/daniel.pri6453/Documents/Unreal Projects/Paper_Plus_Christmas 4.12/Saved/FlyingExampleMapDC178AFA4BDA06969424D180D916EBC4.tmp' to 'D:/Users/daniel.pri6453/Documents/Unreal Projects/Paper_Plus_Christmas 4.12/Content/FlyingBP/Maps/FlyingExampleMap.umap'
[2016.08.10-02.57.16:283][868]LogSavePackage:Display: Finished SavePackage D:/Users/daniel.pri6453/Documents/Unreal Projects/Paper_Plus_Christmas 4.12/Content/FlyingBP/Maps/FlyingExampleMap.umap
[2016.08.10-02.57.16:297][868]LogFileHelpers: Saving map 'FlyingExampleMap' took 0.552
[2016.08.10-02.57.25:015][878]Cmd: QUIT_EDITOR
[2016.08.10-02.57.25:078][878]LogExit: Preparing to exit.
[2016.08.10-02.57.25:841][878]LogExit: Editor shut down
[2016.08.10-02.57.25:841][878]LogExit: Transaction tracking system shut down
[2016.08.10-02.57.25:955][878]LogObj: Freed 0b from 0 cluster array pools.
[2016.08.10-02.57.25:956][878]LogExit: Object subsystem successfully closed.
[2016.08.10-02.57.25:971][878]LogD3D11RHI: Shutdown
[2016.08.10-02.57.25:971][878]LogD3D11RHI: CleanupD3DDevice
[2016.08.10-02.57.26:002][878]LogD3D11RHI: ~FD3D11DynamicRHI
[2016.08.10-02.57.26:007][878]LogModuleManager: Shutting down and abandoning module MovieSceneCapture (215)
[2016.08.10-02.57.26:007][878]LogModuleManager: Shutting down and abandoning module BlueprintGraph (214)
[2016.08.10-02.57.26:007][878]LogModuleManager: Shutting down and abandoning module HierarchicalLODOutliner (213)
[2016.08.10-02.57.26:007][878]LogModuleManager: Shutting down and abandoning module CrashTracker (212)
[2016.08.10-02.57.26:007][878]LogModuleManager: Shutting down and abandoning module SceneOutliner (211)
[2016.08.10-02.57.26:007][878]LogModuleManager: Shutting down and abandoning module WidgetCarousel (210)
[2016.08.10-02.57.26:007][878]LogModuleManager: Shutting down and abandoning module AddContentDialog (209)
[2016.08.10-02.57.26:007][878]LogModuleManager: Shutting down and abandoning module GameplayTags (208)
[2016.08.10-02.57.26:007][878]LogModuleManager: Shutting down and abandoning module EditorWidgets (207)
[2016.08.10-02.57.26:007][878]LogModuleManager: Shutting down and abandoning module CollectionManager (206)
[2016.08.10-02.57.26:008][878]LogModuleManager: Shutting down and abandoning module StatsViewer (205)
[2016.08.10-02.57.26:008][878]LogModuleManager: Shutting down and abandoning module FoliageEdit (204)
[2016.08.10-02.57.26:008][878]LogModuleManager: Shutting down and abandoning module LandscapeEditor (203)
[2016.08.10-02.57.26:008][878]LogModuleManager: Shutting down and abandoning module SceneDepthPickerMode (202)
[2016.08.10-02.57.26:008][878]LogModuleManager: Shutting down and abandoning module ActorPickerMode (201)
[2016.08.10-02.57.26:008][878]LogModuleManager: Shutting down and abandoning module GeometryMode (200)
[2016.08.10-02.57.26:008][878]LogModuleManager: Shutting down and abandoning module TextureAlignMode (199)
[2016.08.10-02.57.26:008][878]LogModuleManager: Shutting down and abandoning module BspMode (198)
[2016.08.10-02.57.26:008][878]LogModuleManager: Shutting down and abandoning module HardwareSurvey (197)
[2016.08.10-02.57.26:008][878]LogModuleManager: Shutting down and abandoning module SequenceRecorderSections (196)
[2016.08.10-02.57.26:008][878]LogModuleManager: Shutting down and abandoning module SequenceRecorder (195)
[2016.08.10-02.57.26:008][878]LogModuleManager: Shutting down and abandoning module AutomationWorker (194)
[2016.08.10-02.57.26:008][878]LogModuleManager: Shutting down and abandoning module MatineeToLevelSequence (193)
[2016.08.10-02.57.26:008][878]LogModuleManager: Shutting down and abandoning module PlacementMode (192)
[2016.08.10-02.57.26:008][878]LogModuleManager: Shutting down and abandoning module LevelSequenceEditor (191)
[2016.08.10-02.57.26:008][878]LogModuleManager: Shutting down and abandoning module CharacterAI (190)
[2016.08.10-02.57.26:008][878]LogModuleManager: Shutting down and abandoning module SmartSnapping (189)
[2016.08.10-02.57.26:008][878]LogModuleManager: Shutting down and abandoning module SessionServices (188)
[2016.08.10-02.57.26:008][878]LogModuleManager: Shutting down and abandoning module ViewportSnapping (187)
[2016.08.10-02.57.26:008][878]LogModuleManager: Shutting down and abandoning module LogVisualizer (186)
[2016.08.10-02.57.26:008][878]LogModuleManager: Shutting down and abandoning module GameProjectGeneration (185)
[2016.08.10-02.57.26:008][878]LogModuleManager: Shutting down and abandoning module IntroTutorials (184)
[2016.08.10-02.57.26:008][878]LogModuleManager: Shutting down and abandoning module EditorLiveStreaming (183)
[2016.08.10-02.57.26:008][878]LogModuleManager: Shutting down and abandoning module IOSPlatformEditor (182)
[2016.08.10-02.57.26:008][878]LogModuleManager: Shutting down and abandoning module HTML5PlatformEditor (181)
[2016.08.10-02.57.26:008][878]LogModuleManager: Shutting down and abandoning module AndroidDeviceDetection (180)
[2016.08.10-02.57.26:121][878]LogModuleManager: Shutting down and abandoning module AndroidPlatformEditor (179)
[2016.08.10-02.57.26:121][878]LogModuleManager: Shutting down and abandoning module IOSRuntimeSettings (178)
[2016.08.10-02.57.26:122][878]LogModuleManager: Shutting down and abandoning module AndroidRuntimeSettings (177)
[2016.08.10-02.57.26:122][878]LogModuleManager: Shutting down and abandoning module MergeActors (176)
[2016.08.10-02.57.26:122][878]LogModuleManager: Shutting down and abandoning module SizeMap (175)
[2016.08.10-02.57.26:122][878]LogModuleManager: Shutting down and abandoning module TreeMap (174)
[2016.08.10-02.57.26:122][878]LogModuleManager: Shutting down and abandoning module ReferenceViewer (173)
[2016.08.10-02.57.26:122][878]LogModuleManager: Shutting down and abandoning module LocalizationService (172)
[2016.08.10-02.57.26:122][878]LogModuleManager: Shutting down and abandoning module LocalizationDashboard (171)
[2016.08.10-02.57.26:122][878]LogModuleManager: Shutting down and abandoning module HardwareTargeting (170)
[2016.08.10-02.57.26:122][878]LogModuleManager: Shutting down and abandoning module DeviceProfileEditor (169)
[2016.08.10-02.57.26:122][878]LogModuleManager: Shutting down and abandoning module UndoHistory (168)
[2016.08.10-02.57.26:122][878]LogModuleManager: Shutting down and abandoning module UserFeedback (167)
[2016.08.10-02.57.26:122][878]LogModuleManager: Shutting down and abandoning module XmlParser (166)
[2016.08.10-02.57.26:122][878]LogModuleManager: Shutting down and abandoning module Blutility (165)
[2016.08.10-02.57.26:122][878]LogModuleManager: Shutting down and abandoning module ProjectTargetPlatformEditor (164)
[2016.08.10-02.57.26:122][878]LogModuleManager: Shutting down and abandoning module ProjectSettingsViewer (163)
[2016.08.10-02.57.26:123][878]LogModuleManager: Shutting down and abandoning module InputBindingEditor (162)
[2016.08.10-02.57.26:123][878]LogModuleManager: Shutting down and abandoning module EditorSettingsViewer (161)
[2016.08.10-02.57.26:123][878]LogModuleManager: Shutting down and abandoning module SettingsEditor (160)
[2016.08.10-02.57.26:123][878]LogModuleManager: Shutting down and abandoning module ProjectLauncher (159)
[2016.08.10-02.57.26:123][878]LogModuleManager: Shutting down and abandoning module SessionFrontend (158)
[2016.08.10-02.57.26:123][878]LogModuleManager: Shutting down and abandoning module ProfilerClient (157)
[2016.08.10-02.57.26:123][878]LogModuleManager: Shutting down and abandoning module TargetDeviceServices (156)
[2016.08.10-02.57.26:123][878]LogModuleManager: Shutting down and abandoning module DeviceManager (155)
[2016.08.10-02.57.26:154][878]LogModuleManager: Shutting down and abandoning module AutomationController (154)
[2016.08.10-02.57.26:154][878]LogModuleManager: Shutting down and abandoning module AutomationWindow (153)
[2016.08.10-02.57.26:154][878]LogModuleManager: Shutting down and abandoning module Layers (152)
[2016.08.10-02.57.26:154][878]LogModuleManager: Shutting down and abandoning module ComponentVisualizers (151)
[2016.08.10-02.57.26:154][878]LogModuleManager: Shutting down and abandoning module DetailCustomizations (150)
[2016.08.10-02.57.26:154][878]LogModuleManager: Shutting down and abandoning module PackagesDialog (149)
[2016.08.10-02.57.26:168][878]LogModuleManager: Shutting down and abandoning module Persona (148)
[2016.08.10-02.57.26:169][878]LogModuleManager: Shutting down and abandoning module Kismet (147)
[2016.08.10-02.57.26:169][878]LogModuleManager: Shutting down and abandoning module GraphEditor (146)
[2016.08.10-02.57.26:169][878]LogModuleManager: Shutting down and abandoning module ClassViewer (145)
[2016.08.10-02.57.26:169][878]LogModuleManager: Shutting down and abandoning module Toolbox (144)
[2016.08.10-02.57.26:169][878]LogModuleManager: Shutting down and abandoning module ModuleUI (143)
[2016.08.10-02.57.26:169][878]LogModuleManager: Shutting down and abandoning module MovieSceneTools (142)
[2016.08.10-02.57.26:169][878]LogModuleManager: Shutting down and abandoning module OutputLog (141)
[2016.08.10-02.57.26:169][878]LogModuleManager: Shutting down and abandoning module GammaUI (140)
[2016.08.10-02.57.26:169][878]LogModuleManager: Shutting down and abandoning module Documentation (139)
[2016.08.10-02.57.26:169][878]LogModuleManager: Shutting down and abandoning module StreamingPauseRendering (138)
[2016.08.10-02.57.26:169][878]LogModuleManager: Shutting down and abandoning module AnalyticsET (137)
[2016.08.10-02.57.26:169][878]LogModuleManager: Shutting down and abandoning module Analytics (136)
[2016.08.10-02.57.26:169][878]LogModuleManager: Shutting down and abandoning module PortalServices (135)
[2016.08.10-02.57.26:169][878]LogModuleManager: Shutting down and abandoning module PortalRpc (134)
[2016.08.10-02.57.26:169][878]LogModuleManager: Shutting down and abandoning module MessagingRpc (133)
[2016.08.10-02.57.26:169][878]LogModuleManager: Shutting down and abandoning module GameplayDebugger (132)
[2016.08.10-02.57.26:169][878]LogModuleManager: Shutting down and abandoning module AITestSuite (131)
[2016.08.10-02.57.26:169][878]LogModuleManager: Shutting down and abandoning module AIModule (130)
[2016.08.10-02.57.26:169][878]LogModuleManager: Shutting down and abandoning module ProfilerService (129)
[2016.08.10-02.57.26:351][878]LogModuleManager: Shutting down and abandoning module TaskGraph (128)
[2016.08.10-02.57.26:351][878]LogModuleManager: Shutting down and abandoning module SlateRemote (127)
[2016.08.10-02.57.26:352][878]LogModuleManager: Shutting down and abandoning module SteamVRController (126)
[2016.08.10-02.57.26:352][878]LogModuleManager: Shutting down and abandoning module SteamVR (125)
[2016.08.10-02.57.26:352][878]LogModuleManager: Shutting down and abandoning module ProceduralMeshComponent (124)
[2016.08.10-02.57.26:352][878]LogModuleManager: Shutting down and abandoning module OculusLibrary (123)
[2016.08.10-02.57.26:352][878]LogModuleManager: Shutting down and abandoning module OculusInput (122)
[2016.08.10-02.57.26:352][878]LogModuleManager: Shutting down and abandoning module CustomMeshComponent (121)
[2016.08.10-02.57.26:352][878]LogModuleManager: Shutting down and abandoning module CableComponent (120)
[2016.08.10-02.57.26:352][878]LogModuleManager: Shutting down and abandoning module ArchVisCharacter (119)
[2016.08.10-02.57.26:352][878]LogModuleManager: Shutting down and abandoning module MediaPlayerEditor (118)
[2016.08.10-02.57.26:352][878]LogModuleManager: Shutting down and abandoning module HTML5Networking (117)
[2016.08.10-02.57.26:352][878]LogModuleManager: Shutting down and abandoning module SuperSearch (116)
[2016.08.10-02.57.26:352][878]LogModuleManager: Shutting down and abandoning module SuperSearchEditor (115)
[2016.08.10-02.57.26:352][878]LogModuleManager: Shutting down and abandoning module SpeedTreeImporter (114)
[2016.08.10-02.57.26:352][878]LogModuleManager: Shutting down and abandoning module PluginBrowser (113)
[2016.08.10-02.57.26:352][878]LogModuleManager: Shutting down and abandoning module EpicSurvey (112)
[2016.08.10-02.57.26:352][878]LogModuleManager: Shutting down and abandoning module DesktopPlatform (111)
[2016.08.10-02.57.26:352][878]LogModuleManager: Shutting down and abandoning module VisualStudioSourceCodeAccess (110)
[2016.08.10-02.57.26:352][878]LogModuleManager: Shutting down and abandoning module UObjectPlugin (109)
[2016.08.10-02.57.26:352][878]LogModuleManager: Shutting down and abandoning module SubversionSourceControl (108)
[2016.08.10-02.57.26:353][878]LogModuleManager: Shutting down and abandoning module PerforceSourceControl (107)
[2016.08.10-02.57.26:353][878]LogModuleManager: Shutting down and abandoning module SourceControl (106)
[2016.08.10-02.57.26:353][878]LogModuleManager: Shutting down and abandoning module GitSourceControl (105)
[2016.08.10-02.57.26:353][878]LogModuleManager: Shutting down and abandoning module LightPropagationVolumeEditor (104)
[2016.08.10-02.57.26:353][878]LogModuleManager: Shutting down and abandoning module PaperTiledImporter (103)
[2016.08.10-02.57.26:353][878]LogModuleManager: Shutting down and abandoning module PaperSpriteSheetImporter (102)
[2016.08.10-02.57.26:353][878]LogModuleManager: Shutting down and abandoning module MeshPaint (101)
[2016.08.10-02.57.26:353][878]LogModuleManager: Shutting down and abandoning module PixelInspectorModule (100)
[2016.08.10-02.57.26:353][878]LogModuleManager: Shutting down and abandoning module HotReload (99)
[2016.08.10-02.57.26:355][878]LogModuleManager: Shutting down and abandoning module MainFrame (98)
[2016.08.10-02.57.26:355][878]LogModuleManager: Shutting down and abandoning module LevelEditor (97)
[2016.08.10-02.57.26:357][878]LogModuleManager: Shutting down and abandoning module ContentBrowser (96)
[2016.08.10-02.57.26:359][878]LogModuleManager: Shutting down and abandoning module Paper2DEditor (95)
[2016.08.10-02.57.26:359][878]LogModuleManager: Shutting down and abandoning module UdpMessaging (94)
[2016.08.10-02.57.26:459][878]LogModuleManager: Shutting down and abandoning module LightPropagationVolumeRuntime (93)
[2016.08.10-02.57.26:459][878]LogModuleManager: Shutting down and abandoning module Paper2D (92)
[2016.08.10-02.57.26:459][878]LogModuleManager: Shutting down and abandoning module WindowsMoviePlayer (91)
[2016.08.10-02.57.26:459][878]LogModuleManager: Shutting down and abandoning module Media (90)
[2016.08.10-02.57.26:459][878]LogModuleManager: Shutting down and abandoning module WmfMedia (89)
[2016.08.10-02.57.26:460][878]LogModuleManager: Shutting down and abandoning module MediaAssets (88)
[2016.08.10-02.57.26:460][878]LogModuleManager: Shutting down and abandoning module GameLiveStreaming (87)
[2016.08.10-02.57.26:460][878]LogModuleManager: Shutting down and abandoning module GameplayTagsEditor (86)
[2016.08.10-02.57.26:460][878]LogModuleManager: Shutting down and abandoning module OnlineBlueprintSupport (85)
[2016.08.10-02.57.26:460][878]LogModuleManager: Shutting down and abandoning module VREditor (84)
[2016.08.10-02.57.26:460][878]LogModuleManager: Shutting down and abandoning module GameplayTasksEditor (83)
[2016.08.10-02.57.26:460][878]LogModuleManager: Shutting down and abandoning module PropertyEditor (82)
[2016.08.10-02.57.26:460][878]LogModuleManager: Shutting down and abandoning module BehaviorTreeEditor (81)
[2016.08.10-02.57.26:460][878]LogModuleManager: Shutting down and abandoning module FunctionalTesting (80)
[2016.08.10-02.57.26:460][878]LogModuleManager: Shutting down and abandoning module CollisionAnalyzer (79)
[2016.08.10-02.57.26:460][878]LogModuleManager: Shutting down and abandoning module Sequencer (78)
[2016.08.10-02.57.26:461][878]LogModuleManager: Shutting down and abandoning module WorkspaceMenuStructure (77)
[2016.08.10-02.57.26:461][878]LogModuleManager: Shutting down and abandoning module MessageLog (76)
[2016.08.10-02.57.26:461][878]LogModuleManager: Shutting down and abandoning module AssetTools (75)
[2016.08.10-02.57.26:461][878]LogModuleManager: Shutting down and abandoning module UMGEditor (74)
[2016.08.10-02.57.26:461][878]LogModuleManager: Shutting down and abandoning module UMG (73)
[2016.08.10-02.57.26:461][878]LogModuleManager: Shutting down and abandoning module SlateReflector (72)
[2016.08.10-02.57.26:461][878]LogModuleManager: Shutting down and abandoning module Slate (71)
[2016.08.10-02.57.26:461][878]LogModuleManager: Shutting down and abandoning module EditorStyle (70)
[2016.08.10-02.57.26:467][878]LogModuleManager: Shutting down and abandoning module SourceCodeAccess (69)
[2016.08.10-02.57.26:467][878]LogModuleManager: Shutting down and abandoning module HeadMountedDisplay (68)
[2016.08.10-02.57.26:467][878]LogModuleManager: Shutting down and abandoning module XAudio2 (67)
[2016.08.10-02.57.26:468][878]LogModuleManager: Shutting down and abandoning module Networking (65)
[2016.08.10-02.57.26:468][878]LogModuleManager: Shutting down and abandoning module Core (64)
[2016.08.10-02.57.26:468][878]LogModuleManager: Shutting down and abandoning module DirectoryWatcher (63)
[2016.08.10-02.57.26:469][878]LogModuleManager: Shutting down and abandoning module AssetRegistry (62)
[2016.08.10-02.57.26:573][878]LogModuleManager: Shutting down and abandoning module KismetCompiler (61)
[2016.08.10-02.57.26:573][878]LogModuleManager: Shutting down and abandoning module PhysXFormats (60)
[2016.08.10-02.57.26:573][878]LogModuleManager: Shutting down and abandoning module MeshUtilities (59)
[2016.08.10-02.57.26:573][878]LogModuleManager: Shutting down and abandoning module DerivedDataCache (58)
[2016.08.10-02.57.26:603][878]LogDerivedDataCache: Shutdown
[2016.08.10-02.57.26:603][878]LogModuleManager: Shutting down and abandoning module VulkanShaderFormat (57)
[2016.08.10-02.57.26:603][878]LogModuleManager: Shutting down and abandoning module ShaderFormatOpenGL (56)
[2016.08.10-02.57.26:603][878]LogModuleManager: Shutting down and abandoning module ShaderFormatD3D (55)
[2016.08.10-02.57.26:603][878]LogModuleManager: Shutting down and abandoning module MetalShaderFormat (54)
[2016.08.10-02.57.26:603][878]LogModuleManager: Shutting down and abandoning module TextureFormatUncompressed (53)
[2016.08.10-02.57.26:603][878]LogModuleManager: Shutting down and abandoning module TextureFormatPVR (52)
[2016.08.10-02.57.26:603][878]LogModuleManager: Shutting down and abandoning module TextureFormatIntelISPCTexComp (51)
[2016.08.10-02.57.26:603][878]LogModuleManager: Shutting down and abandoning module TextureFormatDXT (50)
[2016.08.10-02.57.26:603][878]LogModuleManager: Shutting down and abandoning module ImageWrapper (49)
[2016.08.10-02.57.26:603][878]LogModuleManager: Shutting down and abandoning module TextureFormatASTC (48)
[2016.08.10-02.57.26:603][878]LogModuleManager: Shutting down and abandoning module TextureFormatAndroid (47)
[2016.08.10-02.57.26:603][878]LogModuleManager: Shutting down and abandoning module AudioFormatOpus (46)
[2016.08.10-02.57.26:603][878]LogModuleManager: Shutting down and abandoning module AudioFormatOgg (45)
[2016.08.10-02.57.26:603][878]LogModuleManager: Shutting down and abandoning module AudioFormatADPCM (44)
[2016.08.10-02.57.26:603][878]LogModuleManager: Shutting down and abandoning module LinuxTargetPlatform (43)
[2016.08.10-02.57.26:603][878]LogModuleManager: Shutting down and abandoning module LinuxServerTargetPlatform (42)
[2016.08.10-02.57.26:603][878]LogModuleManager: Shutting down and abandoning module LinuxNoEditorTargetPlatform (41)
[2016.08.10-02.57.26:603][878]LogModuleManager: Shutting down and abandoning module TVOSTargetPlatform (40)
[2016.08.10-02.57.26:603][878]LogModuleManager: Shutting down and abandoning module Messaging (39)
[2016.08.10-02.57.26:603][878]LogModuleManager: Shutting down and abandoning module IOSTargetPlatform (38)
[2016.08.10-02.57.26:603][878]LogModuleManager: Shutting down and abandoning module HTML5TargetPlatform (37)
[2016.08.10-02.57.26:603][878]LogModuleManager: Shutting down and abandoning module Android_PVRTCTargetPlatform (36)
[2016.08.10-02.57.26:603][878]LogModuleManager: Shutting down and abandoning module Android_MultiTargetPlatform (35)
[2016.08.10-02.57.26:603][878]LogModuleManager: Shutting down and abandoning module Android_ETC2TargetPlatform (34)
[2016.08.10-02.57.26:603][878]LogModuleManager: Shutting down and abandoning module Android_ETC1TargetPlatform (33)
[2016.08.10-02.57.26:603][878]LogModuleManager: Shutting down and abandoning module Android_DXTTargetPlatform (32)
[2016.08.10-02.57.26:603][878]LogModuleManager: Shutting down and abandoning module Android_ATCTargetPlatform (31)
[2016.08.10-02.57.26:603][878]LogModuleManager: Shutting down and abandoning module Android_ASTCTargetPlatform (30)
[2016.08.10-02.57.26:603][878]LogModuleManager: Shutting down and abandoning module AndroidTargetPlatform (29)
[2016.08.10-02.57.26:603][878]LogModuleManager: Shutting down and abandoning module WindowsTargetPlatform (28)
[2016.08.10-02.57.26:603][878]LogModuleManager: Shutting down and abandoning module WindowsServerTargetPlatform (27)
[2016.08.10-02.57.26:603][878]LogModuleManager: Shutting down and abandoning module WindowsNoEditorTargetPlatform (26)
[2016.08.10-02.57.26:603][878]LogModuleManager: Shutting down and abandoning module WindowsClientTargetPlatform (25)
[2016.08.10-02.57.26:603][878]LogModuleManager: Shutting down and abandoning module AllDesktopTargetPlatform (24)
[2016.08.10-02.57.26:603][878]LogModuleManager: Shutting down and abandoning module TargetPlatform (23)
[2016.08.10-02.57.26:603][878]LogModuleManager: Shutting down and abandoning module InputCore (22)
[2016.08.10-02.57.26:603][878]LogModuleManager: Shutting down and abandoning module Settings (21)
[2016.08.10-02.57.26:603][878]LogModuleManager: Shutting down and abandoning module OnlineSubsystem (19)
[2016.08.10-02.57.26:603][878]LogModuleManager: Shutting down and abandoning module HTTP (18)
[2016.08.10-02.57.28:104][878]LogModuleManager: Shutting down and abandoning module XMPP (17)
[2016.08.10-02.57.28:104][878]LogModuleManager: Shutting down and abandoning module OculusRift (16)
[2016.08.10-02.57.28:104][878]LogModuleManager: Shutting down and abandoning module ExampleDeviceProfileSelector (15)
[2016.08.10-02.57.28:104][878]LogModuleManager: Shutting down and abandoning module TextureCompressor (14)
[2016.08.10-02.57.28:104][878]LogModuleManager: Shutting down and abandoning module ShaderCore (13)
[2016.08.10-02.57.28:104][878]LogModuleManager: Shutting down and abandoning module Landscape (12)
[2016.08.10-02.57.28:104][878]LogModuleManager: Shutting down and abandoning module SlateRHIRenderer (11)
[2016.08.10-02.57.28:108][878]LogModuleManager: Shutting down and abandoning module OpenGLDrv (10)
[2016.08.10-02.57.28:108][878]LogModuleManager: Shutting down and abandoning module D3D11RHI (9)
[2016.08.10-02.57.28:108][878]LogModuleManager: Shutting down and abandoning module AnimGraphRuntime (8)
[2016.08.10-02.57.28:108][878]LogModuleManager: Shutting down and abandoning module Renderer (7)
[2016.08.10-02.57.28:108][878]LogModuleManager: Shutting down and abandoning module Engine (6)
[2016.08.10-02.57.28:108][878]LogModuleManager: Shutting down and abandoning module CoreUObject (5)
[2016.08.10-02.57.28:108][878]LogModuleManager: Shutting down and abandoning module NetworkFile (4)
[2016.08.10-02.57.28:108][878]LogModuleManager: Shutting down and abandoning module StreamingFile (3)
[2016.08.10-02.57.28:108][878]LogModuleManager: Shutting down and abandoning module SandboxFile (2)
[2016.08.10-02.57.28:108][878]LogModuleManager: Shutting down and abandoning module PakFile (1)
[2016.08.10-02.57.28:113][878]LogExit: Exiting.
[2016.08.10-02.57.28:117][878]Log file closed, 08/10/16 14:57:28
